[2.690s] Invoking command in '/home/zero/f1tenth_ws/src/build/vesc_ackermann': AMENT_PREFIX_PATH=/home/zero/f1tenth_ws/src/install/vesc_msgs:${AMENT_PREFIX_PATH} CMAKE_PREFIX_PATH=/home/zero/f1tenth_ws/src/install/vesc_msgs:/home/zero/f1tenth_ws/install/vesc:/home/zero/f1tenth_ws/install/vesc_driver:/home/zero/f1tenth_ws/install/vesc_ackermann:/home/zero/f1tenth_ws/install/vesc_msgs:/home/zero/f1tenth_ws/install/teleop_tools:/home/zero/f1tenth_ws/install/teleop_tools_msgs:/home/zero/f1tenth_ws/install/sllidar_ros2:/home/zero/f1tenth_ws/install/ackermann_mux:/home/zero/f1tenth_ws/install/f1tenth_stack:/home/zero/f1tenth_ws/install/joy_teleop:/home/zero/f1tenth_ws/install/mouse_teleop:/home/zero/f1tenth_ws/install/key_teleop:/home/zero/f1tenth_ws/install/follow_the_gap:/opt/ros/foxy LD_LIBRARY_PATH=/home/zero/f1tenth_ws/src/install/vesc_msgs/lib:${LD_LIBRARY_PATH} PYTHONPATH=/home/zero/f1tenth_ws/src/install/vesc_msgs/lib/python3.8/site-packages:${PYTHONPATH} /usr/bin/cmake --build /home/zero/f1tenth_ws/src/build/vesc_ackermann -- -j4 -l4
[3.187s] [ 28%] Built target vesc_to_odom_node
[3.232s] [ 71%] Built target vesc_ackermann
[3.239s] [100%] Built target ackermann_to_vesc_node
[3.290s] Invoked command in '/home/zero/f1tenth_ws/src/build/vesc_ackermann' returned '0': AMENT_PREFIX_PATH=/home/zero/f1tenth_ws/src/install/vesc_msgs:${AMENT_PREFIX_PATH} CMAKE_PREFIX_PATH=/home/zero/f1tenth_ws/src/install/vesc_msgs:/home/zero/f1tenth_ws/install/vesc:/home/zero/f1tenth_ws/install/vesc_driver:/home/zero/f1tenth_ws/install/vesc_ackermann:/home/zero/f1tenth_ws/install/vesc_msgs:/home/zero/f1tenth_ws/install/teleop_tools:/home/zero/f1tenth_ws/install/teleop_tools_msgs:/home/zero/f1tenth_ws/install/sllidar_ros2:/home/zero/f1tenth_ws/install/ackermann_mux:/home/zero/f1tenth_ws/install/f1tenth_stack:/home/zero/f1tenth_ws/install/joy_teleop:/home/zero/f1tenth_ws/install/mouse_teleop:/home/zero/f1tenth_ws/install/key_teleop:/home/zero/f1tenth_ws/install/follow_the_gap:/opt/ros/foxy LD_LIBRARY_PATH=/home/zero/f1tenth_ws/src/install/vesc_msgs/lib:${LD_LIBRARY_PATH} PYTHONPATH=/home/zero/f1tenth_ws/src/install/vesc_msgs/lib/python3.8/site-packages:${PYTHONPATH} /usr/bin/cmake --build /home/zero/f1tenth_ws/src/build/vesc_ackermann -- -j4 -l4
[3.293s] Invoking command in '/home/zero/f1tenth_ws/src/build/vesc_ackermann': AMENT_PREFIX_PATH=/home/zero/f1tenth_ws/src/install/vesc_msgs:${AMENT_PREFIX_PATH} CMAKE_PREFIX_PATH=/home/zero/f1tenth_ws/src/install/vesc_msgs:/home/zero/f1tenth_ws/install/vesc:/home/zero/f1tenth_ws/install/vesc_driver:/home/zero/f1tenth_ws/install/vesc_ackermann:/home/zero/f1tenth_ws/install/vesc_msgs:/home/zero/f1tenth_ws/install/teleop_tools:/home/zero/f1tenth_ws/install/teleop_tools_msgs:/home/zero/f1tenth_ws/install/sllidar_ros2:/home/zero/f1tenth_ws/install/ackermann_mux:/home/zero/f1tenth_ws/install/f1tenth_stack:/home/zero/f1tenth_ws/install/joy_teleop:/home/zero/f1tenth_ws/install/mouse_teleop:/home/zero/f1tenth_ws/install/key_teleop:/home/zero/f1tenth_ws/install/follow_the_gap:/opt/ros/foxy LD_LIBRARY_PATH=/home/zero/f1tenth_ws/src/install/vesc_msgs/lib:${LD_LIBRARY_PATH} PYTHONPATH=/home/zero/f1tenth_ws/src/install/vesc_msgs/lib/python3.8/site-packages:${PYTHONPATH} /usr/bin/cmake --install /home/zero/f1tenth_ws/src/build/vesc_ackermann
[3.333s] -- Install configuration: ""
[3.335s] -- Up-to-date: /home/zero/f1tenth_ws/src/install/vesc_ackermann/lib/vesc_ackermann/ackermann_to_vesc_node
[3.337s] -- Up-to-date: /home/zero/f1tenth_ws/src/install/vesc_ackermann/lib/vesc_ackermann/vesc_to_odom_node
[3.339s] -- Up-to-date: /home/zero/f1tenth_ws/src/install/vesc_ackermann/include
[3.340s] -- Up-to-date: /home/zero/f1tenth_ws/src/install/vesc_ackermann/include/vesc_ackermann
[3.341s] -- Up-to-date: /home/zero/f1tenth_ws/src/install/vesc_ackermann/include/vesc_ackermann/vesc_to_odom.hpp
[3.342s] -- Up-to-date: /home/zero/f1tenth_ws/src/install/vesc_ackermann/include/vesc_ackermann/ackermann_to_vesc.hpp
[3.343s] -- Up-to-date: /home/zero/f1tenth_ws/src/install/vesc_ackermann/share/vesc_ackermann/environment/library_path.sh
[3.344s] -- Up-to-date: /home/zero/f1tenth_ws/src/install/vesc_ackermann/share/vesc_ackermann/environment/library_path.dsv
[3.346s] -- Up-to-date: /home/zero/f1tenth_ws/src/install/vesc_ackermann/lib/libvesc_ackermann.so
[3.347s] -- Up-to-date: /home/zero/f1tenth_ws/src/install/vesc_ackermann/share/vesc_ackermann/launch
[3.348s] -- Up-to-date: /home/zero/f1tenth_ws/src/install/vesc_ackermann/share/vesc_ackermann/launch/vesc_to_odom_node.launch.xml
[3.349s] -- Up-to-date: /home/zero/f1tenth_ws/src/install/vesc_ackermann/share/vesc_ackermann/launch/ackermann_to_vesc_node.launch.xml
[3.350s] -- Up-to-date: /home/zero/f1tenth_ws/src/install/vesc_ackermann/share/ament_index/resource_index/package_run_dependencies/vesc_ackermann
[3.351s] -- Up-to-date: /home/zero/f1tenth_ws/src/install/vesc_ackermann/share/ament_index/resource_index/parent_prefix_path/vesc_ackermann
[3.353s] -- Up-to-date: /home/zero/f1tenth_ws/src/install/vesc_ackermann/share/vesc_ackermann/environment/ament_prefix_path.sh
[3.354s] -- Up-to-date: /home/zero/f1tenth_ws/src/install/vesc_ackermann/share/vesc_ackermann/environment/ament_prefix_path.dsv
[3.355s] -- Up-to-date: /home/zero/f1tenth_ws/src/install/vesc_ackermann/share/vesc_ackermann/environment/path.sh
[3.356s] -- Up-to-date: /home/zero/f1tenth_ws/src/install/vesc_ackermann/share/vesc_ackermann/environment/path.dsv
[3.357s] -- Up-to-date: /home/zero/f1tenth_ws/src/install/vesc_ackermann/share/vesc_ackermann/local_setup.bash
[3.358s] -- Up-to-date: /home/zero/f1tenth_ws/src/install/vesc_ackermann/share/vesc_ackermann/local_setup.sh
[3.359s] -- Up-to-date: /home/zero/f1tenth_ws/src/install/vesc_ackermann/share/vesc_ackermann/local_setup.zsh
[3.360s] -- Up-to-date: /home/zero/f1tenth_ws/src/install/vesc_ackermann/share/vesc_ackermann/local_setup.dsv
[3.361s] -- Installing: /home/zero/f1tenth_ws/src/install/vesc_ackermann/share/vesc_ackermann/package.dsv
[3.363s] -- Up-to-date: /home/zero/f1tenth_ws/src/install/vesc_ackermann/share/ament_index/resource_index/packages/vesc_ackermann
[3.364s] -- Up-to-date: /home/zero/f1tenth_ws/src/install/vesc_ackermann/share/ament_index/resource_index/rclcpp_components/vesc_ackermann
[3.365s] -- Up-to-date: /home/zero/f1tenth_ws/src/install/vesc_ackermann/share/vesc_ackermann/cmake/ament_cmake_export_dependencies-extras.cmake
[3.366s] -- Up-to-date: /home/zero/f1tenth_ws/src/install/vesc_ackermann/share/vesc_ackermann/cmake/ament_cmake_export_include_directories-extras.cmake
[3.367s] -- Up-to-date: /home/zero/f1tenth_ws/src/install/vesc_ackermann/share/vesc_ackermann/cmake/ament_cmake_export_libraries-extras.cmake
[3.368s] -- Up-to-date: /home/zero/f1tenth_ws/src/install/vesc_ackermann/share/vesc_ackermann/cmake/vesc_ackermannConfig.cmake
[3.369s] -- Up-to-date: /home/zero/f1tenth_ws/src/install/vesc_ackermann/share/vesc_ackermann/cmake/vesc_ackermannConfig-version.cmake
[3.370s] -- Up-to-date: /home/zero/f1tenth_ws/src/install/vesc_ackermann/share/vesc_ackermann/package.xml
[3.388s] Invoked command in '/home/zero/f1tenth_ws/src/build/vesc_ackermann' returned '0': AMENT_PREFIX_PATH=/home/zero/f1tenth_ws/src/install/vesc_msgs:${AMENT_PREFIX_PATH} CMAKE_PREFIX_PATH=/home/zero/f1tenth_ws/src/install/vesc_msgs:/home/zero/f1tenth_ws/install/vesc:/home/zero/f1tenth_ws/install/vesc_driver:/home/zero/f1tenth_ws/install/vesc_ackermann:/home/zero/f1tenth_ws/install/vesc_msgs:/home/zero/f1tenth_ws/install/teleop_tools:/home/zero/f1tenth_ws/install/teleop_tools_msgs:/home/zero/f1tenth_ws/install/sllidar_ros2:/home/zero/f1tenth_ws/install/ackermann_mux:/home/zero/f1tenth_ws/install/f1tenth_stack:/home/zero/f1tenth_ws/install/joy_teleop:/home/zero/f1tenth_ws/install/mouse_teleop:/home/zero/f1tenth_ws/install/key_teleop:/home/zero/f1tenth_ws/install/follow_the_gap:/opt/ros/foxy LD_LIBRARY_PATH=/home/zero/f1tenth_ws/src/install/vesc_msgs/lib:${LD_LIBRARY_PATH} PYTHONPATH=/home/zero/f1tenth_ws/src/install/vesc_msgs/lib/python3.8/site-packages:${PYTHONPATH} /usr/bin/cmake --install /home/zero/f1tenth_ws/src/build/vesc_ackermann
