[4.300s] Invoking command in '/home/zero/f1tenth_ws/src/teleop_tools/key_teleop': PYTHONPATH=/home/zero/f1tenth_ws/src/build/key_teleop/prefix_override:/usr/lib/python3/dist-packages/colcon_core/task/python/colcon_distutils_commands:/home/zero/f1tenth_ws/src/install/key_teleop/lib/python3.8/site-packages:${PYTHONPATH} /usr/bin/python3 -W ignore:setup.py install is deprecated -W ignore:easy_install command is deprecated setup.py egg_info --egg-base ../../build/key_teleop build --build-base /home/zero/f1tenth_ws/src/build/key_teleop/build install --record /home/zero/f1tenth_ws/src/build/key_teleop/install.log --install-scripts $base/lib/key_teleop --single-version-externally-managed install_data
[5.565s] /usr/local/lib/python3.8/dist-packages/setuptools/dist.py:717: UserWarning: Usage of dash-separated 'script-dir' will not be supported in future versions. Please use the underscore name 'script_dir' instead
[5.565s]   warnings.warn(
[5.721s] running egg_info
[5.723s] creating ../../build/key_teleop/key_teleop.egg-info
[5.724s] writing ../../build/key_teleop/key_teleop.egg-info/PKG-INFO
[5.725s] writing dependency_links to ../../build/key_teleop/key_teleop.egg-info/dependency_links.txt
[5.725s] writing entry points to ../../build/key_teleop/key_teleop.egg-info/entry_points.txt
[5.726s] writing requirements to ../../build/key_teleop/key_teleop.egg-info/requires.txt
[5.727s] writing top-level names to ../../build/key_teleop/key_teleop.egg-info/top_level.txt
[5.746s] writing manifest file '../../build/key_teleop/key_teleop.egg-info/SOURCES.txt'
[5.753s] reading manifest file '../../build/key_teleop/key_teleop.egg-info/SOURCES.txt'
[5.753s] adding license file 'LICENSE'
[5.756s] writing manifest file '../../build/key_teleop/key_teleop.egg-info/SOURCES.txt'
[5.757s] running build
[5.757s] running build_py
[5.758s] creating /home/zero/f1tenth_ws/src/build/key_teleop/build
[5.758s] creating /home/zero/f1tenth_ws/src/build/key_teleop/build/lib
[5.759s] creating /home/zero/f1tenth_ws/src/build/key_teleop/build/lib/key_teleop
[5.759s] copying key_teleop/__init__.py -> /home/zero/f1tenth_ws/src/build/key_teleop/build/lib/key_teleop
[5.760s] copying key_teleop/key_teleop.py -> /home/zero/f1tenth_ws/src/build/key_teleop/build/lib/key_teleop
[5.808s] running install
[5.813s] running install_lib
[5.818s] creating /home/zero/f1tenth_ws/src/install/key_teleop/lib/python3.8/site-packages/key_teleop
[5.819s] copying /home/zero/f1tenth_ws/src/build/key_teleop/build/lib/key_teleop/__init__.py -> /home/zero/f1tenth_ws/src/install/key_teleop/lib/python3.8/site-packages/key_teleop
[5.820s] copying /home/zero/f1tenth_ws/src/build/key_teleop/build/lib/key_teleop/key_teleop.py -> /home/zero/f1tenth_ws/src/install/key_teleop/lib/python3.8/site-packages/key_teleop
[5.824s] byte-compiling /home/zero/f1tenth_ws/src/install/key_teleop/lib/python3.8/site-packages/key_teleop/__init__.py to __init__.cpython-38.pyc
[5.826s] byte-compiling /home/zero/f1tenth_ws/src/install/key_teleop/lib/python3.8/site-packages/key_teleop/key_teleop.py to key_teleop.cpython-38.pyc
[5.832s] running install_data
[5.834s] copying package.xml -> /home/zero/f1tenth_ws/src/install/key_teleop/share/key_teleop
[5.835s] creating /home/zero/f1tenth_ws/src/install/key_teleop/share/key_teleop/config
[5.835s] copying config/key_teleop.yaml -> /home/zero/f1tenth_ws/src/install/key_teleop/share/key_teleop/config
[5.859s] creating /home/zero/f1tenth_ws/src/install/key_teleop/share/ament_index
[5.860s] creating /home/zero/f1tenth_ws/src/install/key_teleop/share/ament_index/resource_index
[5.860s] creating /home/zero/f1tenth_ws/src/install/key_teleop/share/ament_index/resource_index/packages
[5.861s] copying resource/key_teleop -> /home/zero/f1tenth_ws/src/install/key_teleop/share/ament_index/resource_index/packages
[5.861s] running install_egg_info
[5.869s] Copying ../../build/key_teleop/key_teleop.egg-info to /home/zero/f1tenth_ws/src/install/key_teleop/lib/python3.8/site-packages/key_teleop-0.3.0-py3.8.egg-info
[5.874s] running install_scripts
[5.952s] Installing key_teleop script to /home/zero/f1tenth_ws/src/install/key_teleop/lib/key_teleop
[5.953s] writing list of installed files to '/home/zero/f1tenth_ws/src/build/key_teleop/install.log'
[6.053s] Invoked command in '/home/zero/f1tenth_ws/src/teleop_tools/key_teleop' returned '0': PYTHONPATH=/home/zero/f1tenth_ws/src/build/key_teleop/prefix_override:/usr/lib/python3/dist-packages/colcon_core/task/python/colcon_distutils_commands:/home/zero/f1tenth_ws/src/install/key_teleop/lib/python3.8/site-packages:${PYTHONPATH} /usr/bin/python3 -W ignore:setup.py install is deprecated -W ignore:easy_install command is deprecated setup.py egg_info --egg-base ../../build/key_teleop build --build-base /home/zero/f1tenth_ws/src/build/key_teleop/build install --record /home/zero/f1tenth_ws/src/build/key_teleop/install.log --install-scripts $base/lib/key_teleop --single-version-externally-managed install_data
