[3.709s] Invoking command in '/home/zero/f1tenth_ws/src/f1tenth_stack': AMENT_PREFIX_PATH=/home/zero/f1tenth_ws/src/install/vesc:/home/zero/f1tenth_ws/src/install/vesc_driver:/home/zero/f1tenth_ws/src/install/vesc_ackermann:/home/zero/f1tenth_ws/src/install/joy_teleop:/home/zero/f1tenth_ws/src/install/vesc_msgs:/home/zero/f1tenth_ws/src/install/teleop_tools_msgs:/home/zero/f1tenth_ws/src/install/ackermann_mux:${AMENT_PREFIX_PATH} CMAKE_PREFIX_PATH=/home/zero/f1tenth_ws/src/install/vesc:/home/zero/f1tenth_ws/src/install/vesc_driver:/home/zero/f1tenth_ws/src/install/vesc_ackermann:/home/zero/f1tenth_ws/src/install/vesc_msgs:/home/zero/f1tenth_ws/src/install/teleop_tools_msgs:/home/zero/f1tenth_ws/src/install/ackermann_mux:${CMAKE_PREFIX_PATH} LD_LIBRARY_PATH=/home/zero/f1tenth_ws/src/install/vesc_driver/lib:/home/zero/f1tenth_ws/src/install/vesc_ackermann/lib:/home/zero/f1tenth_ws/src/install/vesc_msgs/lib:/home/zero/f1tenth_ws/src/install/teleop_tools_msgs/lib:${LD_LIBRARY_PATH} PYTHONPATH=/home/zero/f1tenth_ws/src/build/f1tenth_stack/prefix_override:/usr/lib/python3/dist-packages/colcon_core/task/python/colcon_distutils_commands:/home/zero/f1tenth_ws/src/install/f1tenth_stack/lib/python3.8/site-packages:/home/zero/f1tenth_ws/src/install/joy_teleop/lib/python3.8/site-packages:/home/zero/f1tenth_ws/src/install/vesc_msgs/lib/python3.8/site-packages:/home/zero/f1tenth_ws/src/install/teleop_tools_msgs/lib/python3.8/site-packages:${PYTHONPATH} /usr/bin/python3 -W ignore:setup.py install is deprecated -W ignore:easy_install command is deprecated setup.py egg_info --egg-base ../build/f1tenth_stack build --build-base /home/zero/f1tenth_ws/src/build/f1tenth_stack/build install --record /home/zero/f1tenth_ws/src/build/f1tenth_stack/install.log --install-scripts $base/lib/f1tenth_stack --single-version-externally-managed install_data
[4.938s] /usr/local/lib/python3.8/dist-packages/setuptools/dist.py:717: UserWarning: Usage of dash-separated 'script-dir' will not be supported in future versions. Please use the underscore name 'script_dir' instead
[4.939s]   warnings.warn(
[5.087s] running egg_info
[5.090s] writing ../build/f1tenth_stack/f1tenth_stack.egg-info/PKG-INFO
[5.091s] writing dependency_links to ../build/f1tenth_stack/f1tenth_stack.egg-info/dependency_links.txt
[5.091s] writing entry points to ../build/f1tenth_stack/f1tenth_stack.egg-info/entry_points.txt
[5.092s] writing requirements to ../build/f1tenth_stack/f1tenth_stack.egg-info/requires.txt
[5.093s] writing top-level names to ../build/f1tenth_stack/f1tenth_stack.egg-info/top_level.txt
[5.106s] reading manifest file '../build/f1tenth_stack/f1tenth_stack.egg-info/SOURCES.txt'
[5.111s] writing manifest file '../build/f1tenth_stack/f1tenth_stack.egg-info/SOURCES.txt'
[5.111s] running build
[5.112s] running build_py
[5.113s] running install
[5.116s] running install_lib
[5.123s] running install_data
[5.124s] copying launch/wallfollow_launch.py -> /home/zero/f1tenth_ws/src/install/f1tenth_stack/share/f1tenth_stack/launch
[5.125s] running install_egg_info
[5.134s] removing '/home/zero/f1tenth_ws/src/install/f1tenth_stack/lib/python3.8/site-packages/f1tenth_stack-0.0.1-py3.8.egg-info' (and everything under it)
[5.135s] Copying ../build/f1tenth_stack/f1tenth_stack.egg-info to /home/zero/f1tenth_ws/src/install/f1tenth_stack/lib/python3.8/site-packages/f1tenth_stack-0.0.1-py3.8.egg-info
[5.139s] running install_scripts
[5.220s] Installing tf_publisher script to /home/zero/f1tenth_ws/src/install/f1tenth_stack/lib/f1tenth_stack
[5.220s] Installing throttle_interpolator script to /home/zero/f1tenth_ws/src/install/f1tenth_stack/lib/f1tenth_stack
[5.222s] writing list of installed files to '/home/zero/f1tenth_ws/src/build/f1tenth_stack/install.log'
[5.326s] Invoked command in '/home/zero/f1tenth_ws/src/f1tenth_stack' returned '0': AMENT_PREFIX_PATH=/home/zero/f1tenth_ws/src/install/vesc:/home/zero/f1tenth_ws/src/install/vesc_driver:/home/zero/f1tenth_ws/src/install/vesc_ackermann:/home/zero/f1tenth_ws/src/install/joy_teleop:/home/zero/f1tenth_ws/src/install/vesc_msgs:/home/zero/f1tenth_ws/src/install/teleop_tools_msgs:/home/zero/f1tenth_ws/src/install/ackermann_mux:${AMENT_PREFIX_PATH} CMAKE_PREFIX_PATH=/home/zero/f1tenth_ws/src/install/vesc:/home/zero/f1tenth_ws/src/install/vesc_driver:/home/zero/f1tenth_ws/src/install/vesc_ackermann:/home/zero/f1tenth_ws/src/install/vesc_msgs:/home/zero/f1tenth_ws/src/install/teleop_tools_msgs:/home/zero/f1tenth_ws/src/install/ackermann_mux:${CMAKE_PREFIX_PATH} LD_LIBRARY_PATH=/home/zero/f1tenth_ws/src/install/vesc_driver/lib:/home/zero/f1tenth_ws/src/install/vesc_ackermann/lib:/home/zero/f1tenth_ws/src/install/vesc_msgs/lib:/home/zero/f1tenth_ws/src/install/teleop_tools_msgs/lib:${LD_LIBRARY_PATH} PYTHONPATH=/home/zero/f1tenth_ws/src/build/f1tenth_stack/prefix_override:/usr/lib/python3/dist-packages/colcon_core/task/python/colcon_distutils_commands:/home/zero/f1tenth_ws/src/install/f1tenth_stack/lib/python3.8/site-packages:/home/zero/f1tenth_ws/src/install/joy_teleop/lib/python3.8/site-packages:/home/zero/f1tenth_ws/src/install/vesc_msgs/lib/python3.8/site-packages:/home/zero/f1tenth_ws/src/install/teleop_tools_msgs/lib/python3.8/site-packages:${PYTHONPATH} /usr/bin/python3 -W ignore:setup.py install is deprecated -W ignore:easy_install command is deprecated setup.py egg_info --egg-base ../build/f1tenth_stack build --build-base /home/zero/f1tenth_ws/src/build/f1tenth_stack/build install --record /home/zero/f1tenth_ws/src/build/f1tenth_stack/install.log --install-scripts $base/lib/f1tenth_stack --single-version-externally-managed install_data
