[0.157s] Invoking command in '/home/zero/f1tenth_ws/src/build/vesc_msgs': CMAKE_PREFIX_PATH=${CMAKE_PREFIX_PATH}:/home/zero/f1tenth_ws/src/install/f1tenth_stack:/home/zero/f1tenth_ws/src/install/joy_teleop:/home/zero/f1tenth_ws/src/install/mouse_teleop:/home/zero/f1tenth_ws/src/install/key_teleop:/home/zero/f1tenth_ws/src/install/follow_the_gap:/home/zero/f1tenth_ws/install/f1tenth_stack:/home/zero/f1tenth_ws/install/joy_teleop:/home/zero/f1tenth_ws/install/mouse_teleop:/home/zero/f1tenth_ws/install/key_teleop:/home/zero/f1tenth_ws/install/follow_the_gap:/opt/ros/foxy /usr/bin/cmake --build /home/zero/f1tenth_ws/src/build/vesc_msgs -- -j4 -l4
[0.415s] [  1%] Built target vesc_msgs__cpp
[0.575s] [ 12%] Built target vesc_msgs__rosidl_generator_c
[0.657s] [ 23%] Built target vesc_msgs__rosidl_typesupport_cpp
[0.735s] [ 34%] Built target vesc_msgs__rosidl_typesupport_introspection_cpp
[0.743s] [ 45%] Built target vesc_msgs__rosidl_typesupport_fastrtps_cpp
[0.843s] [ 56%] Built target vesc_msgs__rosidl_typesupport_c
[0.887s] [ 67%] Built target vesc_msgs__rosidl_typesupport_introspection_c
[0.983s] [ 78%] Built target vesc_msgs__rosidl_typesupport_fastrtps_c
[1.067s] [ 78%] Built target vesc_msgs
[1.163s] [ 80%] Built target vesc_msgs__py
[1.297s] [ 89%] Built target vesc_msgs__python
[1.507s] [ 92%] Built target vesc_msgs__rosidl_typesupport_introspection_c__pyext
[1.532s] [ 96%] Built target vesc_msgs__rosidl_typesupport_fastrtps_c__pyext
[1.544s] [100%] Built target vesc_msgs__rosidl_typesupport_c__pyext
[1.880s] Invoked command in '/home/zero/f1tenth_ws/src/build/vesc_msgs' returned '0': CMAKE_PREFIX_PATH=${CMAKE_PREFIX_PATH}:/home/zero/f1tenth_ws/src/install/f1tenth_stack:/home/zero/f1tenth_ws/src/install/joy_teleop:/home/zero/f1tenth_ws/src/install/mouse_teleop:/home/zero/f1tenth_ws/src/install/key_teleop:/home/zero/f1tenth_ws/src/install/follow_the_gap:/home/zero/f1tenth_ws/install/f1tenth_stack:/home/zero/f1tenth_ws/install/joy_teleop:/home/zero/f1tenth_ws/install/mouse_teleop:/home/zero/f1tenth_ws/install/key_teleop:/home/zero/f1tenth_ws/install/follow_the_gap:/opt/ros/foxy /usr/bin/cmake --build /home/zero/f1tenth_ws/src/build/vesc_msgs -- -j4 -l4
[1.888s] Invoking command in '/home/zero/f1tenth_ws/src/build/vesc_msgs': CMAKE_PREFIX_PATH=${CMAKE_PREFIX_PATH}:/home/zero/f1tenth_ws/src/install/f1tenth_stack:/home/zero/f1tenth_ws/src/install/joy_teleop:/home/zero/f1tenth_ws/src/install/mouse_teleop:/home/zero/f1tenth_ws/src/install/key_teleop:/home/zero/f1tenth_ws/src/install/follow_the_gap:/home/zero/f1tenth_ws/install/f1tenth_stack:/home/zero/f1tenth_ws/install/joy_teleop:/home/zero/f1tenth_ws/install/mouse_teleop:/home/zero/f1tenth_ws/install/key_teleop:/home/zero/f1tenth_ws/install/follow_the_gap:/opt/ros/foxy /usr/bin/cmake --install /home/zero/f1tenth_ws/src/build/vesc_msgs
[1.965s] -- Install configuration: ""
[1.966s] -- Up-to-date: /home/zero/f1tenth_ws/src/install/vesc_msgs/share/ament_index/resource_index/rosidl_interfaces/vesc_msgs
[1.967s] -- Up-to-date: /home/zero/f1tenth_ws/src/install/vesc_msgs/include/vesc_msgs
[1.967s] -- Up-to-date: /home/zero/f1tenth_ws/src/install/vesc_msgs/include/vesc_msgs/msg
[1.968s] -- Up-to-date: /home/zero/f1tenth_ws/src/install/vesc_msgs/include/vesc_msgs/msg/vesc_state_stamped.h
[1.968s] -- Up-to-date: /home/zero/f1tenth_ws/src/install/vesc_msgs/include/vesc_msgs/msg/vesc_imu.h
[1.969s] -- Up-to-date: /home/zero/f1tenth_ws/src/install/vesc_msgs/include/vesc_msgs/msg/vesc_state.h
[1.969s] -- Up-to-date: /home/zero/f1tenth_ws/src/install/vesc_msgs/include/vesc_msgs/msg/rosidl_generator_c__visibility_control.h
[1.970s] -- Up-to-date: /home/zero/f1tenth_ws/src/install/vesc_msgs/include/vesc_msgs/msg/detail
[1.970s] -- Up-to-date: /home/zero/f1tenth_ws/src/install/vesc_msgs/include/vesc_msgs/msg/detail/vesc_state__type_support.h
[1.971s] -- Up-to-date: /home/zero/f1tenth_ws/src/install/vesc_msgs/include/vesc_msgs/msg/detail/vesc_imu__functions.c
[1.971s] -- Up-to-date: /home/zero/f1tenth_ws/src/install/vesc_msgs/include/vesc_msgs/msg/detail/vesc_imu_stamped__functions.h
[1.972s] -- Up-to-date: /home/zero/f1tenth_ws/src/install/vesc_msgs/include/vesc_msgs/msg/detail/vesc_state__struct.h
[1.972s] -- Up-to-date: /home/zero/f1tenth_ws/src/install/vesc_msgs/include/vesc_msgs/msg/detail/vesc_imu__type_support.h
[1.972s] -- Up-to-date: /home/zero/f1tenth_ws/src/install/vesc_msgs/include/vesc_msgs/msg/detail/vesc_state_stamped__functions.c
[1.973s] -- Up-to-date: /home/zero/f1tenth_ws/src/install/vesc_msgs/include/vesc_msgs/msg/detail/vesc_imu_stamped__struct.h
[1.973s] -- Up-to-date: /home/zero/f1tenth_ws/src/install/vesc_msgs/include/vesc_msgs/msg/detail/vesc_state_stamped__type_support.h
[1.973s] -- Up-to-date: /home/zero/f1tenth_ws/src/install/vesc_msgs/include/vesc_msgs/msg/detail/vesc_state_stamped__functions.h
[1.974s] -- Up-to-date: /home/zero/f1tenth_ws/src/install/vesc_msgs/include/vesc_msgs/msg/detail/vesc_state__functions.h
[1.974s] -- Up-to-date: /home/zero/f1tenth_ws/src/install/vesc_msgs/include/vesc_msgs/msg/detail/vesc_state__functions.c
[1.975s] -- Up-to-date: /home/zero/f1tenth_ws/src/install/vesc_msgs/include/vesc_msgs/msg/detail/vesc_imu_stamped__functions.c
[1.975s] -- Up-to-date: /home/zero/f1tenth_ws/src/install/vesc_msgs/include/vesc_msgs/msg/detail/vesc_state_stamped__struct.h
[1.976s] -- Up-to-date: /home/zero/f1tenth_ws/src/install/vesc_msgs/include/vesc_msgs/msg/detail/vesc_imu_stamped__type_support.h
[1.976s] -- Up-to-date: /home/zero/f1tenth_ws/src/install/vesc_msgs/include/vesc_msgs/msg/detail/vesc_imu__struct.h
[1.976s] -- Up-to-date: /home/zero/f1tenth_ws/src/install/vesc_msgs/include/vesc_msgs/msg/detail/vesc_imu__functions.h
[1.977s] -- Up-to-date: /home/zero/f1tenth_ws/src/install/vesc_msgs/include/vesc_msgs/msg/vesc_imu_stamped.h
[1.977s] -- Up-to-date: /home/zero/f1tenth_ws/src/install/vesc_msgs/share/vesc_msgs/environment/library_path.sh
[1.978s] -- Up-to-date: /home/zero/f1tenth_ws/src/install/vesc_msgs/share/vesc_msgs/environment/library_path.dsv
[1.978s] -- Up-to-date: /home/zero/f1tenth_ws/src/install/vesc_msgs/lib/libvesc_msgs__rosidl_generator_c.so
[1.979s] -- Up-to-date: /home/zero/f1tenth_ws/src/install/vesc_msgs/include/vesc_msgs
[1.979s] -- Up-to-date: /home/zero/f1tenth_ws/src/install/vesc_msgs/include/vesc_msgs/msg
[1.979s] -- Up-to-date: /home/zero/f1tenth_ws/src/install/vesc_msgs/include/vesc_msgs/msg/rosidl_typesupport_fastrtps_c__visibility_control.h
[1.980s] -- Up-to-date: /home/zero/f1tenth_ws/src/install/vesc_msgs/include/vesc_msgs/msg/detail
[1.980s] -- Up-to-date: /home/zero/f1tenth_ws/src/install/vesc_msgs/include/vesc_msgs/msg/detail/vesc_state_stamped__rosidl_typesupport_fastrtps_c.h
[1.981s] -- Up-to-date: /home/zero/f1tenth_ws/src/install/vesc_msgs/include/vesc_msgs/msg/detail/vesc_imu_stamped__rosidl_typesupport_fastrtps_c.h
[1.981s] -- Up-to-date: /home/zero/f1tenth_ws/src/install/vesc_msgs/include/vesc_msgs/msg/detail/vesc_imu__rosidl_typesupport_fastrtps_c.h
[1.981s] -- Up-to-date: /home/zero/f1tenth_ws/src/install/vesc_msgs/include/vesc_msgs/msg/detail/vesc_state__rosidl_typesupport_fastrtps_c.h
[1.982s] -- Up-to-date: /home/zero/f1tenth_ws/src/install/vesc_msgs/lib/libvesc_msgs__rosidl_typesupport_fastrtps_c.so
[1.982s] -- Up-to-date: /home/zero/f1tenth_ws/src/install/vesc_msgs/include/vesc_msgs
[1.989s] -- Up-to-date: /home/zero/f1tenth_ws/src/install/vesc_msgs/include/vesc_msgs/msg
[1.989s] -- Up-to-date: /home/zero/f1tenth_ws/src/install/vesc_msgs/include/vesc_msgs/msg/rosidl_typesupport_fastrtps_cpp__visibility_control.h
[1.990s] -- Up-to-date: /home/zero/f1tenth_ws/src/install/vesc_msgs/include/vesc_msgs/msg/detail
[1.990s] -- Up-to-date: /home/zero/f1tenth_ws/src/install/vesc_msgs/include/vesc_msgs/msg/detail/vesc_imu_stamped__rosidl_typesupport_fastrtps_cpp.hpp
[1.991s] -- Up-to-date: /home/zero/f1tenth_ws/src/install/vesc_msgs/include/vesc_msgs/msg/detail/dds_fastrtps
[1.991s] -- Up-to-date: /home/zero/f1tenth_ws/src/install/vesc_msgs/include/vesc_msgs/msg/detail/vesc_imu__rosidl_typesupport_fastrtps_cpp.hpp
[1.991s] -- Up-to-date: /home/zero/f1tenth_ws/src/install/vesc_msgs/include/vesc_msgs/msg/detail/vesc_state__rosidl_typesupport_fastrtps_cpp.hpp
[1.992s] -- Up-to-date: /home/zero/f1tenth_ws/src/install/vesc_msgs/include/vesc_msgs/msg/detail/vesc_state_stamped__rosidl_typesupport_fastrtps_cpp.hpp
[1.992s] -- Up-to-date: /home/zero/f1tenth_ws/src/install/vesc_msgs/lib/libvesc_msgs__rosidl_typesupport_fastrtps_cpp.so
[1.993s] -- Up-to-date: /home/zero/f1tenth_ws/src/install/vesc_msgs/include/vesc_msgs
[1.993s] -- Up-to-date: /home/zero/f1tenth_ws/src/install/vesc_msgs/include/vesc_msgs/msg
[1.994s] -- Up-to-date: /home/zero/f1tenth_ws/src/install/vesc_msgs/include/vesc_msgs/msg/rosidl_typesupport_introspection_c__visibility_control.h
[1.994s] -- Up-to-date: /home/zero/f1tenth_ws/src/install/vesc_msgs/include/vesc_msgs/msg/detail
[1.995s] -- Up-to-date: /home/zero/f1tenth_ws/src/install/vesc_msgs/include/vesc_msgs/msg/detail/vesc_state_stamped__type_support.c
[1.995s] -- Up-to-date: /home/zero/f1tenth_ws/src/install/vesc_msgs/include/vesc_msgs/msg/detail/vesc_state__type_support.c
[1.995s] -- Up-to-date: /home/zero/f1tenth_ws/src/install/vesc_msgs/include/vesc_msgs/msg/detail/vesc_imu_stamped__type_support.c
[1.996s] -- Up-to-date: /home/zero/f1tenth_ws/src/install/vesc_msgs/include/vesc_msgs/msg/detail/vesc_state_stamped__rosidl_typesupport_introspection_c.h
[1.996s] -- Up-to-date: /home/zero/f1tenth_ws/src/install/vesc_msgs/include/vesc_msgs/msg/detail/vesc_imu__type_support.c
[1.997s] -- Up-to-date: /home/zero/f1tenth_ws/src/install/vesc_msgs/include/vesc_msgs/msg/detail/vesc_imu__rosidl_typesupport_introspection_c.h
[1.997s] -- Up-to-date: /home/zero/f1tenth_ws/src/install/vesc_msgs/include/vesc_msgs/msg/detail/vesc_state__rosidl_typesupport_introspection_c.h
[1.998s] -- Up-to-date: /home/zero/f1tenth_ws/src/install/vesc_msgs/include/vesc_msgs/msg/detail/vesc_imu_stamped__rosidl_typesupport_introspection_c.h
[2.006s] -- Up-to-date: /home/zero/f1tenth_ws/src/install/vesc_msgs/lib/libvesc_msgs__rosidl_typesupport_introspection_c.so
[2.007s] -- Up-to-date: /home/zero/f1tenth_ws/src/install/vesc_msgs/lib/libvesc_msgs__rosidl_typesupport_c.so
[2.007s] -- Up-to-date: /home/zero/f1tenth_ws/src/install/vesc_msgs/include/vesc_msgs
[2.008s] -- Up-to-date: /home/zero/f1tenth_ws/src/install/vesc_msgs/include/vesc_msgs/msg
[2.034s] -- Up-to-date: /home/zero/f1tenth_ws/src/install/vesc_msgs/include/vesc_msgs/msg/rosidl_generator_cpp__visibility_control.hpp
[2.035s] -- Up-to-date: /home/zero/f1tenth_ws/src/install/vesc_msgs/include/vesc_msgs/msg/vesc_state_stamped.hpp
[2.035s] -- Up-to-date: /home/zero/f1tenth_ws/src/install/vesc_msgs/include/vesc_msgs/msg/vesc_state.hpp
[2.036s] -- Up-to-date: /home/zero/f1tenth_ws/src/install/vesc_msgs/include/vesc_msgs/msg/vesc_imu_stamped.hpp
[2.036s] -- Up-to-date: /home/zero/f1tenth_ws/src/install/vesc_msgs/include/vesc_msgs/msg/detail
[2.037s] -- Up-to-date: /home/zero/f1tenth_ws/src/install/vesc_msgs/include/vesc_msgs/msg/detail/vesc_state_stamped__struct.hpp
[2.037s] -- Up-to-date: /home/zero/f1tenth_ws/src/install/vesc_msgs/include/vesc_msgs/msg/detail/vesc_state__traits.hpp
[2.038s] -- Up-to-date: /home/zero/f1tenth_ws/src/install/vesc_msgs/include/vesc_msgs/msg/detail/vesc_imu__traits.hpp
[2.038s] -- Up-to-date: /home/zero/f1tenth_ws/src/install/vesc_msgs/include/vesc_msgs/msg/detail/vesc_state__struct.hpp
[2.038s] -- Up-to-date: /home/zero/f1tenth_ws/src/install/vesc_msgs/include/vesc_msgs/msg/detail/vesc_imu__type_support.hpp
[2.039s] -- Up-to-date: /home/zero/f1tenth_ws/src/install/vesc_msgs/include/vesc_msgs/msg/detail/vesc_imu_stamped__builder.hpp
[2.039s] -- Up-to-date: /home/zero/f1tenth_ws/src/install/vesc_msgs/include/vesc_msgs/msg/detail/vesc_state_stamped__builder.hpp
[2.040s] -- Up-to-date: /home/zero/f1tenth_ws/src/install/vesc_msgs/include/vesc_msgs/msg/detail/vesc_state_stamped__traits.hpp
[2.040s] -- Up-to-date: /home/zero/f1tenth_ws/src/install/vesc_msgs/include/vesc_msgs/msg/detail/vesc_imu__builder.hpp
[2.040s] -- Up-to-date: /home/zero/f1tenth_ws/src/install/vesc_msgs/include/vesc_msgs/msg/detail/vesc_state__builder.hpp
[2.041s] -- Up-to-date: /home/zero/f1tenth_ws/src/install/vesc_msgs/include/vesc_msgs/msg/detail/vesc_state_stamped__type_support.hpp
[2.041s] -- Up-to-date: /home/zero/f1tenth_ws/src/install/vesc_msgs/include/vesc_msgs/msg/detail/vesc_imu__struct.hpp
[2.042s] -- Up-to-date: /home/zero/f1tenth_ws/src/install/vesc_msgs/include/vesc_msgs/msg/detail/vesc_imu_stamped__traits.hpp
[2.042s] -- Up-to-date: /home/zero/f1tenth_ws/src/install/vesc_msgs/include/vesc_msgs/msg/detail/vesc_state__type_support.hpp
[2.043s] -- Up-to-date: /home/zero/f1tenth_ws/src/install/vesc_msgs/include/vesc_msgs/msg/detail/vesc_imu_stamped__type_support.hpp
[2.043s] -- Up-to-date: /home/zero/f1tenth_ws/src/install/vesc_msgs/include/vesc_msgs/msg/detail/vesc_imu_stamped__struct.hpp
[2.044s] -- Up-to-date: /home/zero/f1tenth_ws/src/install/vesc_msgs/include/vesc_msgs/msg/vesc_imu.hpp
[2.044s] -- Up-to-date: /home/zero/f1tenth_ws/src/install/vesc_msgs/include/vesc_msgs
[2.045s] -- Up-to-date: /home/zero/f1tenth_ws/src/install/vesc_msgs/include/vesc_msgs/msg
[2.045s] -- Up-to-date: /home/zero/f1tenth_ws/src/install/vesc_msgs/include/vesc_msgs/msg/detail
[2.045s] -- Up-to-date: /home/zero/f1tenth_ws/src/install/vesc_msgs/include/vesc_msgs/msg/detail/vesc_state__type_support.cpp
[2.046s] -- Up-to-date: /home/zero/f1tenth_ws/src/install/vesc_msgs/include/vesc_msgs/msg/detail/vesc_state_stamped__rosidl_typesupport_introspection_cpp.hpp
[2.046s] -- Up-to-date: /home/zero/f1tenth_ws/src/install/vesc_msgs/include/vesc_msgs/msg/detail/vesc_state_stamped__type_support.cpp
[2.047s] -- Up-to-date: /home/zero/f1tenth_ws/src/install/vesc_msgs/include/vesc_msgs/msg/detail/vesc_imu__type_support.cpp
[2.047s] -- Up-to-date: /home/zero/f1tenth_ws/src/install/vesc_msgs/include/vesc_msgs/msg/detail/vesc_state__rosidl_typesupport_introspection_cpp.hpp
[2.048s] -- Up-to-date: /home/zero/f1tenth_ws/src/install/vesc_msgs/include/vesc_msgs/msg/detail/vesc_imu_stamped__type_support.cpp
[2.050s] -- Up-to-date: /home/zero/f1tenth_ws/src/install/vesc_msgs/include/vesc_msgs/msg/detail/vesc_imu_stamped__rosidl_typesupport_introspection_cpp.hpp
[2.063s] -- Up-to-date: /home/zero/f1tenth_ws/src/install/vesc_msgs/include/vesc_msgs/msg/detail/vesc_imu__rosidl_typesupport_introspection_cpp.hpp
[2.065s] -- Up-to-date: /home/zero/f1tenth_ws/src/install/vesc_msgs/lib/libvesc_msgs__rosidl_typesupport_introspection_cpp.so
[2.067s] -- Up-to-date: /home/zero/f1tenth_ws/src/install/vesc_msgs/lib/libvesc_msgs__rosidl_typesupport_cpp.so
[2.069s] -- Up-to-date: /home/zero/f1tenth_ws/src/install/vesc_msgs/share/vesc_msgs/environment/pythonpath.sh
[2.069s] -- Up-to-date: /home/zero/f1tenth_ws/src/install/vesc_msgs/share/vesc_msgs/environment/pythonpath.dsv
[2.070s] -- Up-to-date: /home/zero/f1tenth_ws/src/install/vesc_msgs/lib/python3.8/site-packages/vesc_msgs/__init__.py
[2.170s] -- Up-to-date: /home/zero/f1tenth_ws/src/install/vesc_msgs/lib/python3.8/site-packages/vesc_msgs/msg
[2.170s] -- Up-to-date: /home/zero/f1tenth_ws/src/install/vesc_msgs/lib/python3.8/site-packages/vesc_msgs/msg/_vesc_state_s.c
[2.171s] -- Up-to-date: /home/zero/f1tenth_ws/src/install/vesc_msgs/lib/python3.8/site-packages/vesc_msgs/msg/_vesc_imu.py
[2.172s] -- Up-to-date: /home/zero/f1tenth_ws/src/install/vesc_msgs/lib/python3.8/site-packages/vesc_msgs/msg/__init__.py
[2.173s] -- Up-to-date: /home/zero/f1tenth_ws/src/install/vesc_msgs/lib/python3.8/site-packages/vesc_msgs/msg/_vesc_state.py
[2.173s] -- Up-to-date: /home/zero/f1tenth_ws/src/install/vesc_msgs/lib/python3.8/site-packages/vesc_msgs/msg/_vesc_state_stamped_s.c
[2.174s] -- Up-to-date: /home/zero/f1tenth_ws/src/install/vesc_msgs/lib/python3.8/site-packages/vesc_msgs/msg/_vesc_imu_s.c
[2.175s] -- Up-to-date: /home/zero/f1tenth_ws/src/install/vesc_msgs/lib/python3.8/site-packages/vesc_msgs/msg/_vesc_state_stamped.py
[2.175s] -- Up-to-date: /home/zero/f1tenth_ws/src/install/vesc_msgs/lib/python3.8/site-packages/vesc_msgs/msg/_vesc_imu_stamped.py
[2.176s] -- Up-to-date: /home/zero/f1tenth_ws/src/install/vesc_msgs/lib/python3.8/site-packages/vesc_msgs/msg/_vesc_imu_stamped_s.c
[2.177s] -- Up-to-date: /home/zero/f1tenth_ws/src/install/vesc_msgs/lib/python3.8/site-packages/vesc_msgs/vesc_msgs_s__rosidl_typesupport_fastrtps_c.cpython-38-aarch64-linux-gnu.so
[2.177s] -- Up-to-date: /home/zero/f1tenth_ws/src/install/vesc_msgs/lib/python3.8/site-packages/vesc_msgs/vesc_msgs_s__rosidl_typesupport_introspection_c.cpython-38-aarch64-linux-gnu.so
[2.181s] -- Up-to-date: /home/zero/f1tenth_ws/src/install/vesc_msgs/lib/python3.8/site-packages/vesc_msgs/vesc_msgs_s__rosidl_typesupport_c.cpython-38-aarch64-linux-gnu.so
[2.182s] -- Up-to-date: /home/zero/f1tenth_ws/src/install/vesc_msgs/lib/libvesc_msgs__python.so
[2.183s] -- Up-to-date: /home/zero/f1tenth_ws/src/install/vesc_msgs/share/vesc_msgs/msg/VescState.idl
[2.184s] -- Up-to-date: /home/zero/f1tenth_ws/src/install/vesc_msgs/share/vesc_msgs/msg/VescStateStamped.idl
[2.185s] -- Up-to-date: /home/zero/f1tenth_ws/src/install/vesc_msgs/share/vesc_msgs/msg/VescImu.idl
[2.186s] -- Up-to-date: /home/zero/f1tenth_ws/src/install/vesc_msgs/share/vesc_msgs/msg/VescImuStamped.idl
[2.187s] -- Up-to-date: /home/zero/f1tenth_ws/src/install/vesc_msgs/share/vesc_msgs/msg/VescState.msg
[2.188s] -- Up-to-date: /home/zero/f1tenth_ws/src/install/vesc_msgs/share/vesc_msgs/msg/VescStateStamped.msg
[2.188s] -- Up-to-date: /home/zero/f1tenth_ws/src/install/vesc_msgs/share/vesc_msgs/msg/VescImu.msg
[2.189s] -- Up-to-date: /home/zero/f1tenth_ws/src/install/vesc_msgs/share/vesc_msgs/msg/VescImuStamped.msg
[2.190s] -- Up-to-date: /home/zero/f1tenth_ws/src/install/vesc_msgs/share/ament_index/resource_index/package_run_dependencies/vesc_msgs
[2.190s] -- Up-to-date: /home/zero/f1tenth_ws/src/install/vesc_msgs/share/ament_index/resource_index/parent_prefix_path/vesc_msgs
[2.191s] -- Up-to-date: /home/zero/f1tenth_ws/src/install/vesc_msgs/share/vesc_msgs/environment/ament_prefix_path.sh
[2.191s] -- Up-to-date: /home/zero/f1tenth_ws/src/install/vesc_msgs/share/vesc_msgs/environment/ament_prefix_path.dsv
[2.192s] -- Up-to-date: /home/zero/f1tenth_ws/src/install/vesc_msgs/share/vesc_msgs/environment/path.sh
[2.193s] -- Up-to-date: /home/zero/f1tenth_ws/src/install/vesc_msgs/share/vesc_msgs/environment/path.dsv
[2.198s] -- Up-to-date: /home/zero/f1tenth_ws/src/install/vesc_msgs/share/vesc_msgs/local_setup.bash
[2.200s] -- Up-to-date: /home/zero/f1tenth_ws/src/install/vesc_msgs/share/vesc_msgs/local_setup.sh
[2.206s] -- Up-to-date: /home/zero/f1tenth_ws/src/install/vesc_msgs/share/vesc_msgs/local_setup.zsh
[2.207s] -- Up-to-date: /home/zero/f1tenth_ws/src/install/vesc_msgs/share/vesc_msgs/local_setup.dsv
[2.208s] -- Installing: /home/zero/f1tenth_ws/src/install/vesc_msgs/share/vesc_msgs/package.dsv
[2.208s] -- Up-to-date: /home/zero/f1tenth_ws/src/install/vesc_msgs/share/ament_index/resource_index/packages/vesc_msgs
[2.210s] -- Up-to-date: /home/zero/f1tenth_ws/src/install/vesc_msgs/share/vesc_msgs/cmake/vesc_msgs__rosidl_generator_cExport.cmake
[2.210s] -- Up-to-date: /home/zero/f1tenth_ws/src/install/vesc_msgs/share/vesc_msgs/cmake/vesc_msgs__rosidl_generator_cExport-noconfig.cmake
[2.212s] -- Up-to-date: /home/zero/f1tenth_ws/src/install/vesc_msgs/share/vesc_msgs/cmake/vesc_msgs__rosidl_typesupport_introspection_cExport.cmake
[2.213s] -- Up-to-date: /home/zero/f1tenth_ws/src/install/vesc_msgs/share/vesc_msgs/cmake/vesc_msgs__rosidl_typesupport_introspection_cExport-noconfig.cmake
[2.214s] -- Up-to-date: /home/zero/f1tenth_ws/src/install/vesc_msgs/share/vesc_msgs/cmake/vesc_msgs__rosidl_typesupport_cExport.cmake
[2.215s] -- Up-to-date: /home/zero/f1tenth_ws/src/install/vesc_msgs/share/vesc_msgs/cmake/vesc_msgs__rosidl_typesupport_cExport-noconfig.cmake
[2.217s] -- Up-to-date: /home/zero/f1tenth_ws/src/install/vesc_msgs/share/vesc_msgs/cmake/vesc_msgs__rosidl_generator_cppExport.cmake
[2.217s] -- Up-to-date: /home/zero/f1tenth_ws/src/install/vesc_msgs/share/vesc_msgs/cmake/vesc_msgs__rosidl_typesupport_introspection_cppExport.cmake
[2.217s] -- Up-to-date: /home/zero/f1tenth_ws/src/install/vesc_msgs/share/vesc_msgs/cmake/vesc_msgs__rosidl_typesupport_introspection_cppExport-noconfig.cmake
[2.218s] -- Up-to-date: /home/zero/f1tenth_ws/src/install/vesc_msgs/share/vesc_msgs/cmake/vesc_msgs__rosidl_typesupport_cppExport.cmake
[2.218s] -- Up-to-date: /home/zero/f1tenth_ws/src/install/vesc_msgs/share/vesc_msgs/cmake/vesc_msgs__rosidl_typesupport_cppExport-noconfig.cmake
[2.219s] -- Up-to-date: /home/zero/f1tenth_ws/src/install/vesc_msgs/share/vesc_msgs/cmake/rosidl_cmake-extras.cmake
[2.220s] -- Up-to-date: /home/zero/f1tenth_ws/src/install/vesc_msgs/share/vesc_msgs/cmake/ament_cmake_export_dependencies-extras.cmake
[2.221s] -- Up-to-date: /home/zero/f1tenth_ws/src/install/vesc_msgs/share/vesc_msgs/cmake/ament_cmake_export_libraries-extras.cmake
[2.221s] -- Up-to-date: /home/zero/f1tenth_ws/src/install/vesc_msgs/share/vesc_msgs/cmake/ament_cmake_export_targets-extras.cmake
[2.223s] -- Up-to-date: /home/zero/f1tenth_ws/src/install/vesc_msgs/share/vesc_msgs/cmake/ament_cmake_export_include_directories-extras.cmake
[2.224s] -- Up-to-date: /home/zero/f1tenth_ws/src/install/vesc_msgs/share/vesc_msgs/cmake/rosidl_cmake_export_typesupport_libraries-extras.cmake
[2.224s] -- Up-to-date: /home/zero/f1tenth_ws/src/install/vesc_msgs/share/vesc_msgs/cmake/rosidl_cmake_export_typesupport_targets-extras.cmake
[2.226s] -- Up-to-date: /home/zero/f1tenth_ws/src/install/vesc_msgs/share/vesc_msgs/cmake/vesc_msgsConfig.cmake
[2.226s] -- Up-to-date: /home/zero/f1tenth_ws/src/install/vesc_msgs/share/vesc_msgs/cmake/vesc_msgsConfig-version.cmake
[2.227s] -- Up-to-date: /home/zero/f1tenth_ws/src/install/vesc_msgs/share/vesc_msgs/package.xml
[3.622s] Invoked command in '/home/zero/f1tenth_ws/src/build/vesc_msgs' returned '0': CMAKE_PREFIX_PATH=${CMAKE_PREFIX_PATH}:/home/zero/f1tenth_ws/src/install/f1tenth_stack:/home/zero/f1tenth_ws/src/install/joy_teleop:/home/zero/f1tenth_ws/src/install/mouse_teleop:/home/zero/f1tenth_ws/src/install/key_teleop:/home/zero/f1tenth_ws/src/install/follow_the_gap:/home/zero/f1tenth_ws/install/f1tenth_stack:/home/zero/f1tenth_ws/install/joy_teleop:/home/zero/f1tenth_ws/install/mouse_teleop:/home/zero/f1tenth_ws/install/key_teleop:/home/zero/f1tenth_ws/install/follow_the_gap:/opt/ros/foxy /usr/bin/cmake --install /home/zero/f1tenth_ws/src/build/vesc_msgs
