[3.864s] Invoking command in '/home/zero/f1tenth_ws/src/teleop_tools/mouse_teleop': PYTHONPATH=/home/zero/f1tenth_ws/src/build/mouse_teleop/prefix_override:/usr/lib/python3/dist-packages/colcon_core/task/python/colcon_distutils_commands:/home/zero/f1tenth_ws/src/install/mouse_teleop/lib/python3.8/site-packages:${PYTHONPATH} /usr/bin/python3 -W ignore:setup.py install is deprecated -W ignore:easy_install command is deprecated setup.py egg_info --egg-base ../../build/mouse_teleop build --build-base /home/zero/f1tenth_ws/src/build/mouse_teleop/build install --record /home/zero/f1tenth_ws/src/build/mouse_teleop/install.log --install-scripts $base/lib/mouse_teleop --single-version-externally-managed install_data
[5.106s] /usr/local/lib/python3.8/dist-packages/setuptools/dist.py:717: UserWarning: Usage of dash-separated 'script-dir' will not be supported in future versions. Please use the underscore name 'script_dir' instead
[5.107s]   warnings.warn(
[5.266s] running egg_info
[5.269s] writing ../../build/mouse_teleop/mouse_teleop.egg-info/PKG-INFO
[5.270s] writing dependency_links to ../../build/mouse_teleop/mouse_teleop.egg-info/dependency_links.txt
[5.270s] writing entry points to ../../build/mouse_teleop/mouse_teleop.egg-info/entry_points.txt
[5.271s] writing requirements to ../../build/mouse_teleop/mouse_teleop.egg-info/requires.txt
[5.272s] writing top-level names to ../../build/mouse_teleop/mouse_teleop.egg-info/top_level.txt
[5.286s] reading manifest file '../../build/mouse_teleop/mouse_teleop.egg-info/SOURCES.txt'
[5.296s] adding license file 'LICENSE'
[5.300s] writing manifest file '../../build/mouse_teleop/mouse_teleop.egg-info/SOURCES.txt'
[5.301s] running build
[5.302s] running build_py
[5.302s] running install
[5.307s] running install_lib
[5.314s] running install_data
[5.315s] running install_egg_info
[5.325s] removing '/home/zero/f1tenth_ws/src/install/mouse_teleop/lib/python3.8/site-packages/mouse_teleop-0.3.0-py3.8.egg-info' (and everything under it)
[5.327s] Copying ../../build/mouse_teleop/mouse_teleop.egg-info to /home/zero/f1tenth_ws/src/install/mouse_teleop/lib/python3.8/site-packages/mouse_teleop-0.3.0-py3.8.egg-info
[5.336s] running install_scripts
[5.422s] Installing mouse_teleop script to /home/zero/f1tenth_ws/src/install/mouse_teleop/lib/mouse_teleop
[5.425s] writing list of installed files to '/home/zero/f1tenth_ws/src/build/mouse_teleop/install.log'
[5.533s] Invoked command in '/home/zero/f1tenth_ws/src/teleop_tools/mouse_teleop' returned '0': PYTHONPATH=/home/zero/f1tenth_ws/src/build/mouse_teleop/prefix_override:/usr/lib/python3/dist-packages/colcon_core/task/python/colcon_distutils_commands:/home/zero/f1tenth_ws/src/install/mouse_teleop/lib/python3.8/site-packages:${PYTHONPATH} /usr/bin/python3 -W ignore:setup.py install is deprecated -W ignore:easy_install command is deprecated setup.py egg_info --egg-base ../../build/mouse_teleop build --build-base /home/zero/f1tenth_ws/src/build/mouse_teleop/build install --record /home/zero/f1tenth_ws/src/build/mouse_teleop/install.log --install-scripts $base/lib/mouse_teleop --single-version-externally-managed install_data
