[0.181s] Invoking command in '/home/zero/f1tenth_ws/src/build/vesc_msgs': CMAKE_PREFIX_PATH=${CMAKE_PREFIX_PATH}:/home/zero/f1tenth_ws/install/f1tenth_stack:/home/zero/f1tenth_ws/install/joy_teleop:/home/zero/f1tenth_ws/install/mouse_teleop:/home/zero/f1tenth_ws/install/key_teleop:/home/zero/f1tenth_ws/install/follow_the_gap:/opt/ros/foxy /usr/bin/cmake /home/zero/f1tenth_ws/src/vesc/vesc_msgs -DCMAKE_INSTALL_PREFIX=/home/zero/f1tenth_ws/src/install/vesc_msgs
[1.670s] -- The C compiler identification is GNU 8.4.0
[2.688s] -- The CXX compiler identification is GNU 8.4.0
[2.734s] -- Check for working C compiler: /usr/bin/cc
[3.053s] -- Check for working C compiler: /usr/bin/cc -- works
[3.063s] -- Detecting C compiler ABI info
[3.398s] -- Detecting C compiler ABI info - done
[3.460s] -- Detecting C compile features
[3.464s] -- Detecting C compile features - done
[3.478s] -- Check for working CXX compiler: /usr/bin/c++
[3.910s] -- Check for working CXX compiler: /usr/bin/c++ -- works
[3.913s] -- Detecting CXX compiler ABI info
[4.680s] -- Detecting CXX compiler ABI info - done
[4.737s] -- Detecting CXX compile features
[4.740s] -- Detecting CXX compile features - done
[4.767s] -- Found ament_cmake_auto: 0.9.12 (/opt/ros/foxy/share/ament_cmake_auto/cmake)
[4.925s] -- Found PythonInterp: /usr/bin/python3 (found suitable version "3.8.10", minimum required is "3") 
[4.926s] -- Using PYTHON_EXECUTABLE: /usr/bin/python3
[6.529s] -- Using all available rosidl_typesupport_c: rosidl_typesupport_fastrtps_c;rosidl_typesupport_introspection_c
[6.586s] -- Found rosidl_adapter: 1.3.1 (/opt/ros/foxy/share/rosidl_adapter/cmake)
[7.133s] -- Found OpenSSL: /usr/lib/aarch64-linux-gnu/libcrypto.so (found version "1.1.1f")  
[7.267s] -- Found FastRTPS: /opt/ros/foxy/include  
[7.860s] -- Using all available rosidl_typesupport_cpp: rosidl_typesupport_fastrtps_cpp;rosidl_typesupport_introspection_cpp
[8.784s] -- Found PythonInterp: /usr/bin/python3 (found version "3.8.10") 
[9.633s] -- Found ament_cmake_ros: 0.9.2 (/opt/ros/foxy/share/ament_cmake_ros/cmake)
[11.020s] -- Using all available rosidl_typesupport_c: rosidl_typesupport_fastrtps_c;rosidl_typesupport_introspection_c
[11.632s] -- Using all available rosidl_typesupport_cpp: rosidl_typesupport_fastrtps_cpp;rosidl_typesupport_introspection_cpp
[11.767s] -- Found PythonInterp: /usr/bin/python3 (found suitable version "3.8.10", minimum required is "3.5") 
[11.782s] -- Found python_cmake_module: 0.8.1 (/opt/ros/foxy/share/python_cmake_module/cmake)
[11.913s] -- Found PythonLibs: /usr/lib/aarch64-linux-gnu/libpython3.8.so (found suitable version "3.8.10", minimum required is "3.5") 
[11.914s] -- Using PYTHON_EXECUTABLE: /usr/bin/python3
[11.915s] -- Using PYTHON_INCLUDE_DIRS: /usr/include/python3.8
[11.916s] -- Using PYTHON_LIBRARIES: /usr/lib/aarch64-linux-gnu/libpython3.8.so
[12.024s] -- Found PythonExtra: .so  
[12.459s] -- Found ament_lint_auto: 0.9.8 (/opt/ros/foxy/share/ament_lint_auto/cmake)
[12.618s] -- Added test 'copyright' to check source files copyright and LICENSE
[12.626s] -- Added test 'lint_cmake' to check CMake code style
[12.632s] -- Added test 'xmllint' to check XML markup files
[12.657s] -- Configuring done
[12.936s] -- Generating done
[13.031s] -- Build files have been written to: /home/zero/f1tenth_ws/src/build/vesc_msgs
[13.073s] Invoked command in '/home/zero/f1tenth_ws/src/build/vesc_msgs' returned '0': CMAKE_PREFIX_PATH=${CMAKE_PREFIX_PATH}:/home/zero/f1tenth_ws/install/f1tenth_stack:/home/zero/f1tenth_ws/install/joy_teleop:/home/zero/f1tenth_ws/install/mouse_teleop:/home/zero/f1tenth_ws/install/key_teleop:/home/zero/f1tenth_ws/install/follow_the_gap:/opt/ros/foxy /usr/bin/cmake /home/zero/f1tenth_ws/src/vesc/vesc_msgs -DCMAKE_INSTALL_PREFIX=/home/zero/f1tenth_ws/src/install/vesc_msgs
[13.077s] Invoking command in '/home/zero/f1tenth_ws/src/build/vesc_msgs': CMAKE_PREFIX_PATH=${CMAKE_PREFIX_PATH}:/home/zero/f1tenth_ws/install/f1tenth_stack:/home/zero/f1tenth_ws/install/joy_teleop:/home/zero/f1tenth_ws/install/mouse_teleop:/home/zero/f1tenth_ws/install/key_teleop:/home/zero/f1tenth_ws/install/follow_the_gap:/opt/ros/foxy /usr/bin/cmake --build /home/zero/f1tenth_ws/src/build/vesc_msgs -- -j4 -l4
[13.358s] [35m[1mScanning dependencies of target vesc_msgs__cpp[0m
[13.386s] [  1%] [34m[1mGenerating C code for ROS interfaces[0m
[13.428s] [  3%] [34m[1mGenerating C++ code for ROS interfaces[0m
[20.176s] [  3%] Built target vesc_msgs__cpp
[20.352s] [  5%] [34m[1mGenerating C++ type support dispatch for ROS interfaces[0m
[20.595s] [  7%] [34m[1mGenerating C++ type support for eProsima Fast-RTPS[0m
[20.647s] [  9%] [34m[1mGenerating C++ introspection for ROS interfaces[0m
[20.747s] [35m[1mScanning dependencies of target vesc_msgs__rosidl_generator_c[0m
[20.963s] [ 10%] [32mBuilding C object CMakeFiles/vesc_msgs__rosidl_generator_c.dir/rosidl_generator_c/vesc_msgs/msg/detail/vesc_state__functions.c.o[0m
[21.567s] [ 12%] [32mBuilding C object CMakeFiles/vesc_msgs__rosidl_generator_c.dir/rosidl_generator_c/vesc_msgs/msg/detail/vesc_state_stamped__functions.c.o[0m
[22.047s] [ 14%] [32mBuilding C object CMakeFiles/vesc_msgs__rosidl_generator_c.dir/rosidl_generator_c/vesc_msgs/msg/detail/vesc_imu__functions.c.o[0m
[22.639s] [ 16%] [32mBuilding C object CMakeFiles/vesc_msgs__rosidl_generator_c.dir/rosidl_generator_c/vesc_msgs/msg/detail/vesc_imu_stamped__functions.c.o[0m
[23.318s] [ 18%] [32m[1mLinking C shared library libvesc_msgs__rosidl_generator_c.so[0m
[23.972s] [ 18%] Built target vesc_msgs__rosidl_generator_c
[24.195s] [ 20%] [34m[1mGenerating C type support dispatch for ROS interfaces[0m
[28.588s] [35m[1mScanning dependencies of target vesc_msgs__rosidl_typesupport_cpp[0m
[28.766s] [ 21%] [32mBuilding CXX object CMakeFiles/vesc_msgs__rosidl_typesupport_cpp.dir/rosidl_typesupport_cpp/vesc_msgs/msg/vesc_state__type_support.cpp.o[0m
[28.920s] [35m[1mScanning dependencies of target vesc_msgs__rosidl_typesupport_introspection_cpp[0m
[29.091s] [ 23%] [32mBuilding CXX object CMakeFiles/vesc_msgs__rosidl_typesupport_introspection_cpp.dir/rosidl_typesupport_introspection_cpp/vesc_msgs/msg/detail/vesc_state__type_support.cpp.o[0m
[29.840s] [35m[1mScanning dependencies of target vesc_msgs__rosidl_typesupport_fastrtps_cpp[0m
[30.089s] [ 25%] [32mBuilding CXX object CMakeFiles/vesc_msgs__rosidl_typesupport_fastrtps_cpp.dir/rosidl_typesupport_fastrtps_cpp/vesc_msgs/msg/detail/dds_fastrtps/vesc_state__type_support.cpp.o[0m
[31.012s] [35m[1mScanning dependencies of target vesc_msgs__rosidl_typesupport_c[0m
[31.159s] [ 27%] [32mBuilding CXX object CMakeFiles/vesc_msgs__rosidl_typesupport_c.dir/rosidl_typesupport_c/vesc_msgs/msg/vesc_state__type_support.cpp.o[0m
[31.254s] [ 29%] [32mBuilding CXX object CMakeFiles/vesc_msgs__rosidl_typesupport_cpp.dir/rosidl_typesupport_cpp/vesc_msgs/msg/vesc_state_stamped__type_support.cpp.o[0m
[31.350s] [ 30%] [32mBuilding CXX object CMakeFiles/vesc_msgs__rosidl_typesupport_introspection_cpp.dir/rosidl_typesupport_introspection_cpp/vesc_msgs/msg/detail/vesc_state_stamped__type_support.cpp.o[0m
[31.411s] [ 32%] [32mBuilding CXX object CMakeFiles/vesc_msgs__rosidl_typesupport_c.dir/rosidl_typesupport_c/vesc_msgs/msg/vesc_state_stamped__type_support.cpp.o[0m
[31.769s] [ 34%] [32mBuilding CXX object CMakeFiles/vesc_msgs__rosidl_typesupport_c.dir/rosidl_typesupport_c/vesc_msgs/msg/vesc_imu__type_support.cpp.o[0m
[32.147s] [ 36%] [32mBuilding CXX object CMakeFiles/vesc_msgs__rosidl_typesupport_c.dir/rosidl_typesupport_c/vesc_msgs/msg/vesc_imu_stamped__type_support.cpp.o[0m
[32.495s] [ 38%] [32m[1mLinking CXX shared library libvesc_msgs__rosidl_typesupport_c.so[0m
[32.947s] [ 38%] Built target vesc_msgs__rosidl_typesupport_c
[33.148s] [ 40%] [32mBuilding CXX object CMakeFiles/vesc_msgs__rosidl_typesupport_fastrtps_cpp.dir/rosidl_typesupport_fastrtps_cpp/vesc_msgs/msg/detail/dds_fastrtps/vesc_state_stamped__type_support.cpp.o[0m
[33.182s] [ 41%] [32mBuilding CXX object CMakeFiles/vesc_msgs__rosidl_typesupport_cpp.dir/rosidl_typesupport_cpp/vesc_msgs/msg/vesc_imu__type_support.cpp.o[0m
[33.619s] [ 43%] [32mBuilding CXX object CMakeFiles/vesc_msgs__rosidl_typesupport_introspection_cpp.dir/rosidl_typesupport_introspection_cpp/vesc_msgs/msg/detail/vesc_imu__type_support.cpp.o[0m
[34.840s] [ 45%] [32mBuilding CXX object CMakeFiles/vesc_msgs__rosidl_typesupport_cpp.dir/rosidl_typesupport_cpp/vesc_msgs/msg/vesc_imu_stamped__type_support.cpp.o[0m
[35.670s] [ 47%] [32mBuilding CXX object CMakeFiles/vesc_msgs__rosidl_typesupport_fastrtps_cpp.dir/rosidl_typesupport_fastrtps_cpp/vesc_msgs/msg/detail/dds_fastrtps/vesc_imu__type_support.cpp.o[0m
[35.783s] [ 49%] [32mBuilding CXX object CMakeFiles/vesc_msgs__rosidl_typesupport_introspection_cpp.dir/rosidl_typesupport_introspection_cpp/vesc_msgs/msg/detail/vesc_imu_stamped__type_support.cpp.o[0m
[36.741s] [ 50%] [32m[1mLinking CXX shared library libvesc_msgs__rosidl_typesupport_cpp.so[0m
[37.123s] [ 52%] [32m[1mLinking CXX shared library libvesc_msgs__rosidl_typesupport_introspection_cpp.so[0m
[37.168s] [ 52%] Built target vesc_msgs__rosidl_typesupport_cpp
[37.624s] [ 52%] Built target vesc_msgs__rosidl_typesupport_introspection_cpp
[38.231s] [ 54%] [32mBuilding CXX object CMakeFiles/vesc_msgs__rosidl_typesupport_fastrtps_cpp.dir/rosidl_typesupport_fastrtps_cpp/vesc_msgs/msg/detail/dds_fastrtps/vesc_imu_stamped__type_support.cpp.o[0m
[40.995s] [ 56%] [32m[1mLinking CXX shared library libvesc_msgs__rosidl_typesupport_fastrtps_cpp.so[0m
[41.669s] [ 56%] Built target vesc_msgs__rosidl_typesupport_fastrtps_cpp
[41.775s] [ 58%] [34m[1mGenerating C introspection for ROS interfaces[0m
[45.712s] [35m[1mScanning dependencies of target vesc_msgs__rosidl_typesupport_introspection_c[0m
[46.184s] [ 60%] [32mBuilding C object CMakeFiles/vesc_msgs__rosidl_typesupport_introspection_c.dir/rosidl_typesupport_introspection_c/vesc_msgs/msg/detail/vesc_state__type_support.c.o[0m
[46.387s] [ 61%] [32mBuilding C object CMakeFiles/vesc_msgs__rosidl_typesupport_introspection_c.dir/rosidl_typesupport_introspection_c/vesc_msgs/msg/detail/vesc_imu__type_support.c.o[0m
[46.650s] [ 63%] [32mBuilding C object CMakeFiles/vesc_msgs__rosidl_typesupport_introspection_c.dir/rosidl_typesupport_introspection_c/vesc_msgs/msg/detail/vesc_imu_stamped__type_support.c.o[0m
[46.976s] [ 65%] [32mBuilding C object CMakeFiles/vesc_msgs__rosidl_typesupport_introspection_c.dir/rosidl_typesupport_introspection_c/vesc_msgs/msg/detail/vesc_state_stamped__type_support.c.o[0m
[47.240s] [ 67%] [32m[1mLinking C shared library libvesc_msgs__rosidl_typesupport_introspection_c.so[0m
[47.468s] [ 67%] Built target vesc_msgs__rosidl_typesupport_introspection_c
[47.591s] [ 69%] [34m[1mGenerating C type support for eProsima Fast-RTPS[0m
[51.503s] [35m[1mScanning dependencies of target vesc_msgs__rosidl_typesupport_fastrtps_c[0m
[51.619s] [ 70%] [32mBuilding CXX object CMakeFiles/vesc_msgs__rosidl_typesupport_fastrtps_c.dir/rosidl_typesupport_fastrtps_c/vesc_msgs/msg/detail/vesc_state__type_support_c.cpp.o[0m
[53.182s] [ 72%] [32mBuilding CXX object CMakeFiles/vesc_msgs__rosidl_typesupport_fastrtps_c.dir/rosidl_typesupport_fastrtps_c/vesc_msgs/msg/detail/vesc_imu_stamped__type_support_c.cpp.o[0m
[54.636s] [ 74%] [32mBuilding CXX object CMakeFiles/vesc_msgs__rosidl_typesupport_fastrtps_c.dir/rosidl_typesupport_fastrtps_c/vesc_msgs/msg/detail/vesc_imu__type_support_c.cpp.o[0m
[56.194s] [ 76%] [32mBuilding CXX object CMakeFiles/vesc_msgs__rosidl_typesupport_fastrtps_c.dir/rosidl_typesupport_fastrtps_c/vesc_msgs/msg/detail/vesc_state_stamped__type_support_c.cpp.o[0m
[57.729s] [ 78%] [32m[1mLinking CXX shared library libvesc_msgs__rosidl_typesupport_fastrtps_c.so[0m
[58.119s] [ 78%] Built target vesc_msgs__rosidl_typesupport_fastrtps_c
[58.197s] [35m[1mScanning dependencies of target vesc_msgs[0m
[58.273s] [ 78%] Built target vesc_msgs
[58.319s] [35m[1mScanning dependencies of target vesc_msgs__py[0m
[58.368s] [ 80%] [34m[1mGenerating Python code for ROS interfaces[0m
[64.970s] [ 80%] Built target vesc_msgs__py
[65.049s] [35m[1mScanning dependencies of target vesc_msgs__python[0m
[65.183s] [ 81%] [32mBuilding C object CMakeFiles/vesc_msgs__python.dir/rosidl_generator_py/vesc_msgs/msg/_vesc_state_s.c.o[0m
[65.679s] [ 83%] [32mBuilding C object CMakeFiles/vesc_msgs__python.dir/rosidl_generator_py/vesc_msgs/msg/_vesc_imu_stamped_s.c.o[0m
[66.098s] [ 85%] [32mBuilding C object CMakeFiles/vesc_msgs__python.dir/rosidl_generator_py/vesc_msgs/msg/_vesc_imu_s.c.o[0m
[66.571s] [ 87%] [32mBuilding C object CMakeFiles/vesc_msgs__python.dir/rosidl_generator_py/vesc_msgs/msg/_vesc_state_stamped_s.c.o[0m
[66.999s] [ 89%] [32m[1mLinking C shared library rosidl_generator_py/vesc_msgs/libvesc_msgs__python.so[0m
[67.388s] [ 89%] Built target vesc_msgs__python
[67.475s] [35m[1mScanning dependencies of target vesc_msgs__rosidl_typesupport_c__pyext[0m
[67.683s] [ 90%] [32mBuilding C object CMakeFiles/vesc_msgs__rosidl_typesupport_c__pyext.dir/rosidl_generator_py/vesc_msgs/_vesc_msgs_s.ep.rosidl_typesupport_c.c.o[0m
[68.228s] [ 92%] [32m[1mLinking C shared library rosidl_generator_py/vesc_msgs/vesc_msgs_s__rosidl_typesupport_c.cpython-38-aarch64-linux-gnu.so[0m
[68.444s] [ 92%] Built target vesc_msgs__rosidl_typesupport_c__pyext
[68.541s] [35m[1mScanning dependencies of target vesc_msgs__rosidl_typesupport_fastrtps_c__pyext[0m
[68.741s] [ 94%] [32mBuilding C object CMakeFiles/vesc_msgs__rosidl_typesupport_fastrtps_c__pyext.dir/rosidl_generator_py/vesc_msgs/_vesc_msgs_s.ep.rosidl_typesupport_fastrtps_c.c.o[0m
[69.246s] [ 96%] [32m[1mLinking CXX shared library rosidl_generator_py/vesc_msgs/vesc_msgs_s__rosidl_typesupport_fastrtps_c.cpython-38-aarch64-linux-gnu.so[0m
[69.877s] [ 96%] Built target vesc_msgs__rosidl_typesupport_fastrtps_c__pyext
[69.986s] [35m[1mScanning dependencies of target vesc_msgs__rosidl_typesupport_introspection_c__pyext[0m
[70.191s] [ 98%] [32mBuilding C object CMakeFiles/vesc_msgs__rosidl_typesupport_introspection_c__pyext.dir/rosidl_generator_py/vesc_msgs/_vesc_msgs_s.ep.rosidl_typesupport_introspection_c.c.o[0m
[70.734s] [100%] [32m[1mLinking C shared library rosidl_generator_py/vesc_msgs/vesc_msgs_s__rosidl_typesupport_introspection_c.cpython-38-aarch64-linux-gnu.so[0m
[71.099s] [100%] Built target vesc_msgs__rosidl_typesupport_introspection_c__pyext
[71.150s] Invoked command in '/home/zero/f1tenth_ws/src/build/vesc_msgs' returned '0': CMAKE_PREFIX_PATH=${CMAKE_PREFIX_PATH}:/home/zero/f1tenth_ws/install/f1tenth_stack:/home/zero/f1tenth_ws/install/joy_teleop:/home/zero/f1tenth_ws/install/mouse_teleop:/home/zero/f1tenth_ws/install/key_teleop:/home/zero/f1tenth_ws/install/follow_the_gap:/opt/ros/foxy /usr/bin/cmake --build /home/zero/f1tenth_ws/src/build/vesc_msgs -- -j4 -l4
[71.158s] Invoking command in '/home/zero/f1tenth_ws/src/build/vesc_msgs': CMAKE_PREFIX_PATH=${CMAKE_PREFIX_PATH}:/home/zero/f1tenth_ws/install/f1tenth_stack:/home/zero/f1tenth_ws/install/joy_teleop:/home/zero/f1tenth_ws/install/mouse_teleop:/home/zero/f1tenth_ws/install/key_teleop:/home/zero/f1tenth_ws/install/follow_the_gap:/opt/ros/foxy /usr/bin/cmake --install /home/zero/f1tenth_ws/src/build/vesc_msgs
[71.214s] -- Install configuration: ""
[71.216s] -- Installing: /home/zero/f1tenth_ws/src/install/vesc_msgs/share/ament_index/resource_index/rosidl_interfaces/vesc_msgs
[71.218s] -- Installing: /home/zero/f1tenth_ws/src/install/vesc_msgs/include/vesc_msgs
[71.219s] -- Installing: /home/zero/f1tenth_ws/src/install/vesc_msgs/include/vesc_msgs/msg
[71.222s] -- Installing: /home/zero/f1tenth_ws/src/install/vesc_msgs/include/vesc_msgs/msg/vesc_state_stamped.h
[71.223s] -- Installing: /home/zero/f1tenth_ws/src/install/vesc_msgs/include/vesc_msgs/msg/vesc_imu.h
[71.225s] -- Installing: /home/zero/f1tenth_ws/src/install/vesc_msgs/include/vesc_msgs/msg/vesc_state.h
[71.226s] -- Installing: /home/zero/f1tenth_ws/src/install/vesc_msgs/include/vesc_msgs/msg/rosidl_generator_c__visibility_control.h
[71.228s] -- Installing: /home/zero/f1tenth_ws/src/install/vesc_msgs/include/vesc_msgs/msg/detail
[71.229s] -- Installing: /home/zero/f1tenth_ws/src/install/vesc_msgs/include/vesc_msgs/msg/detail/vesc_state__type_support.h
[71.231s] -- Installing: /home/zero/f1tenth_ws/src/install/vesc_msgs/include/vesc_msgs/msg/detail/vesc_imu__functions.c
[71.232s] -- Installing: /home/zero/f1tenth_ws/src/install/vesc_msgs/include/vesc_msgs/msg/detail/vesc_imu_stamped__functions.h
[71.234s] -- Installing: /home/zero/f1tenth_ws/src/install/vesc_msgs/include/vesc_msgs/msg/detail/vesc_state__struct.h
[71.235s] -- Installing: /home/zero/f1tenth_ws/src/install/vesc_msgs/include/vesc_msgs/msg/detail/vesc_imu__type_support.h
[71.237s] -- Installing: /home/zero/f1tenth_ws/src/install/vesc_msgs/include/vesc_msgs/msg/detail/vesc_state_stamped__functions.c
[71.238s] -- Installing: /home/zero/f1tenth_ws/src/install/vesc_msgs/include/vesc_msgs/msg/detail/vesc_imu_stamped__struct.h
[71.240s] -- Installing: /home/zero/f1tenth_ws/src/install/vesc_msgs/include/vesc_msgs/msg/detail/vesc_state_stamped__type_support.h
[71.241s] -- Installing: /home/zero/f1tenth_ws/src/install/vesc_msgs/include/vesc_msgs/msg/detail/vesc_state_stamped__functions.h
[71.242s] -- Installing: /home/zero/f1tenth_ws/src/install/vesc_msgs/include/vesc_msgs/msg/detail/vesc_state__functions.h
[71.244s] -- Installing: /home/zero/f1tenth_ws/src/install/vesc_msgs/include/vesc_msgs/msg/detail/vesc_state__functions.c
[71.245s] -- Installing: /home/zero/f1tenth_ws/src/install/vesc_msgs/include/vesc_msgs/msg/detail/vesc_imu_stamped__functions.c
[71.247s] -- Installing: /home/zero/f1tenth_ws/src/install/vesc_msgs/include/vesc_msgs/msg/detail/vesc_state_stamped__struct.h
[71.248s] -- Installing: /home/zero/f1tenth_ws/src/install/vesc_msgs/include/vesc_msgs/msg/detail/vesc_imu_stamped__type_support.h
[71.250s] -- Installing: /home/zero/f1tenth_ws/src/install/vesc_msgs/include/vesc_msgs/msg/detail/vesc_imu__struct.h
[71.251s] -- Installing: /home/zero/f1tenth_ws/src/install/vesc_msgs/include/vesc_msgs/msg/detail/vesc_imu__functions.h
[71.253s] -- Installing: /home/zero/f1tenth_ws/src/install/vesc_msgs/include/vesc_msgs/msg/vesc_imu_stamped.h
[71.255s] -- Installing: /home/zero/f1tenth_ws/src/install/vesc_msgs/share/vesc_msgs/environment/library_path.sh
[71.257s] -- Installing: /home/zero/f1tenth_ws/src/install/vesc_msgs/share/vesc_msgs/environment/library_path.dsv
[71.259s] -- Installing: /home/zero/f1tenth_ws/src/install/vesc_msgs/lib/libvesc_msgs__rosidl_generator_c.so
[71.261s] -- Set runtime path of "/home/zero/f1tenth_ws/src/install/vesc_msgs/lib/libvesc_msgs__rosidl_generator_c.so" to ""
[71.263s] -- Up-to-date: /home/zero/f1tenth_ws/src/install/vesc_msgs/include/vesc_msgs
[71.264s] -- Up-to-date: /home/zero/f1tenth_ws/src/install/vesc_msgs/include/vesc_msgs/msg
[71.265s] -- Installing: /home/zero/f1tenth_ws/src/install/vesc_msgs/include/vesc_msgs/msg/rosidl_typesupport_fastrtps_c__visibility_control.h
[71.266s] -- Up-to-date: /home/zero/f1tenth_ws/src/install/vesc_msgs/include/vesc_msgs/msg/detail
[71.268s] -- Installing: /home/zero/f1tenth_ws/src/install/vesc_msgs/include/vesc_msgs/msg/detail/vesc_state_stamped__rosidl_typesupport_fastrtps_c.h
[71.269s] -- Installing: /home/zero/f1tenth_ws/src/install/vesc_msgs/include/vesc_msgs/msg/detail/vesc_imu_stamped__rosidl_typesupport_fastrtps_c.h
[71.271s] -- Installing: /home/zero/f1tenth_ws/src/install/vesc_msgs/include/vesc_msgs/msg/detail/vesc_imu__rosidl_typesupport_fastrtps_c.h
[71.272s] -- Installing: /home/zero/f1tenth_ws/src/install/vesc_msgs/include/vesc_msgs/msg/detail/vesc_state__rosidl_typesupport_fastrtps_c.h
[71.274s] -- Installing: /home/zero/f1tenth_ws/src/install/vesc_msgs/lib/libvesc_msgs__rosidl_typesupport_fastrtps_c.so
[71.277s] -- Set runtime path of "/home/zero/f1tenth_ws/src/install/vesc_msgs/lib/libvesc_msgs__rosidl_typesupport_fastrtps_c.so" to ""
[71.278s] -- Up-to-date: /home/zero/f1tenth_ws/src/install/vesc_msgs/include/vesc_msgs
[71.279s] -- Up-to-date: /home/zero/f1tenth_ws/src/install/vesc_msgs/include/vesc_msgs/msg
[71.280s] -- Installing: /home/zero/f1tenth_ws/src/install/vesc_msgs/include/vesc_msgs/msg/rosidl_typesupport_fastrtps_cpp__visibility_control.h
[71.282s] -- Up-to-date: /home/zero/f1tenth_ws/src/install/vesc_msgs/include/vesc_msgs/msg/detail
[71.283s] -- Installing: /home/zero/f1tenth_ws/src/install/vesc_msgs/include/vesc_msgs/msg/detail/vesc_imu_stamped__rosidl_typesupport_fastrtps_cpp.hpp
[71.285s] -- Installing: /home/zero/f1tenth_ws/src/install/vesc_msgs/include/vesc_msgs/msg/detail/dds_fastrtps
[71.286s] -- Installing: /home/zero/f1tenth_ws/src/install/vesc_msgs/include/vesc_msgs/msg/detail/vesc_imu__rosidl_typesupport_fastrtps_cpp.hpp
[71.287s] -- Installing: /home/zero/f1tenth_ws/src/install/vesc_msgs/include/vesc_msgs/msg/detail/vesc_state__rosidl_typesupport_fastrtps_cpp.hpp
[71.289s] -- Installing: /home/zero/f1tenth_ws/src/install/vesc_msgs/include/vesc_msgs/msg/detail/vesc_state_stamped__rosidl_typesupport_fastrtps_cpp.hpp
[71.291s] -- Installing: /home/zero/f1tenth_ws/src/install/vesc_msgs/lib/libvesc_msgs__rosidl_typesupport_fastrtps_cpp.so
[71.294s] -- Set runtime path of "/home/zero/f1tenth_ws/src/install/vesc_msgs/lib/libvesc_msgs__rosidl_typesupport_fastrtps_cpp.so" to ""
[71.295s] -- Up-to-date: /home/zero/f1tenth_ws/src/install/vesc_msgs/include/vesc_msgs
[71.296s] -- Up-to-date: /home/zero/f1tenth_ws/src/install/vesc_msgs/include/vesc_msgs/msg
[71.297s] -- Installing: /home/zero/f1tenth_ws/src/install/vesc_msgs/include/vesc_msgs/msg/rosidl_typesupport_introspection_c__visibility_control.h
[71.299s] -- Up-to-date: /home/zero/f1tenth_ws/src/install/vesc_msgs/include/vesc_msgs/msg/detail
[71.300s] -- Installing: /home/zero/f1tenth_ws/src/install/vesc_msgs/include/vesc_msgs/msg/detail/vesc_state_stamped__type_support.c
[71.301s] -- Installing: /home/zero/f1tenth_ws/src/install/vesc_msgs/include/vesc_msgs/msg/detail/vesc_state__type_support.c
[71.303s] -- Installing: /home/zero/f1tenth_ws/src/install/vesc_msgs/include/vesc_msgs/msg/detail/vesc_imu_stamped__type_support.c
[71.305s] -- Installing: /home/zero/f1tenth_ws/src/install/vesc_msgs/include/vesc_msgs/msg/detail/vesc_state_stamped__rosidl_typesupport_introspection_c.h
[71.306s] -- Installing: /home/zero/f1tenth_ws/src/install/vesc_msgs/include/vesc_msgs/msg/detail/vesc_imu__type_support.c
[71.308s] -- Installing: /home/zero/f1tenth_ws/src/install/vesc_msgs/include/vesc_msgs/msg/detail/vesc_imu__rosidl_typesupport_introspection_c.h
[71.309s] -- Installing: /home/zero/f1tenth_ws/src/install/vesc_msgs/include/vesc_msgs/msg/detail/vesc_state__rosidl_typesupport_introspection_c.h
[71.311s] -- Installing: /home/zero/f1tenth_ws/src/install/vesc_msgs/include/vesc_msgs/msg/detail/vesc_imu_stamped__rosidl_typesupport_introspection_c.h
[71.313s] -- Installing: /home/zero/f1tenth_ws/src/install/vesc_msgs/lib/libvesc_msgs__rosidl_typesupport_introspection_c.so
[71.315s] -- Set runtime path of "/home/zero/f1tenth_ws/src/install/vesc_msgs/lib/libvesc_msgs__rosidl_typesupport_introspection_c.so" to ""
[71.316s] -- Installing: /home/zero/f1tenth_ws/src/install/vesc_msgs/lib/libvesc_msgs__rosidl_typesupport_c.so
[71.319s] -- Set runtime path of "/home/zero/f1tenth_ws/src/install/vesc_msgs/lib/libvesc_msgs__rosidl_typesupport_c.so" to ""
[71.320s] -- Up-to-date: /home/zero/f1tenth_ws/src/install/vesc_msgs/include/vesc_msgs
[71.322s] -- Up-to-date: /home/zero/f1tenth_ws/src/install/vesc_msgs/include/vesc_msgs/msg
[71.323s] -- Installing: /home/zero/f1tenth_ws/src/install/vesc_msgs/include/vesc_msgs/msg/rosidl_generator_cpp__visibility_control.hpp
[71.325s] -- Installing: /home/zero/f1tenth_ws/src/install/vesc_msgs/include/vesc_msgs/msg/vesc_state_stamped.hpp
[71.326s] -- Installing: /home/zero/f1tenth_ws/src/install/vesc_msgs/include/vesc_msgs/msg/vesc_state.hpp
[71.328s] -- Installing: /home/zero/f1tenth_ws/src/install/vesc_msgs/include/vesc_msgs/msg/vesc_imu_stamped.hpp
[71.329s] -- Up-to-date: /home/zero/f1tenth_ws/src/install/vesc_msgs/include/vesc_msgs/msg/detail
[71.330s] -- Installing: /home/zero/f1tenth_ws/src/install/vesc_msgs/include/vesc_msgs/msg/detail/vesc_state_stamped__struct.hpp
[71.332s] -- Installing: /home/zero/f1tenth_ws/src/install/vesc_msgs/include/vesc_msgs/msg/detail/vesc_state__traits.hpp
[71.333s] -- Installing: /home/zero/f1tenth_ws/src/install/vesc_msgs/include/vesc_msgs/msg/detail/vesc_imu__traits.hpp
[71.335s] -- Installing: /home/zero/f1tenth_ws/src/install/vesc_msgs/include/vesc_msgs/msg/detail/vesc_state__struct.hpp
[71.337s] -- Installing: /home/zero/f1tenth_ws/src/install/vesc_msgs/include/vesc_msgs/msg/detail/vesc_imu__type_support.hpp
[71.338s] -- Installing: /home/zero/f1tenth_ws/src/install/vesc_msgs/include/vesc_msgs/msg/detail/vesc_imu_stamped__builder.hpp
[71.340s] -- Installing: /home/zero/f1tenth_ws/src/install/vesc_msgs/include/vesc_msgs/msg/detail/vesc_state_stamped__builder.hpp
[71.341s] -- Installing: /home/zero/f1tenth_ws/src/install/vesc_msgs/include/vesc_msgs/msg/detail/vesc_state_stamped__traits.hpp
[71.346s] -- Installing: /home/zero/f1tenth_ws/src/install/vesc_msgs/include/vesc_msgs/msg/detail/vesc_imu__builder.hpp
[71.348s] -- Installing: /home/zero/f1tenth_ws/src/install/vesc_msgs/include/vesc_msgs/msg/detail/vesc_state__builder.hpp
[71.349s] -- Installing: /home/zero/f1tenth_ws/src/install/vesc_msgs/include/vesc_msgs/msg/detail/vesc_state_stamped__type_support.hpp
[71.350s] -- Installing: /home/zero/f1tenth_ws/src/install/vesc_msgs/include/vesc_msgs/msg/detail/vesc_imu__struct.hpp
[71.352s] -- Installing: /home/zero/f1tenth_ws/src/install/vesc_msgs/include/vesc_msgs/msg/detail/vesc_imu_stamped__traits.hpp
[71.353s] -- Installing: /home/zero/f1tenth_ws/src/install/vesc_msgs/include/vesc_msgs/msg/detail/vesc_state__type_support.hpp
[71.354s] -- Installing: /home/zero/f1tenth_ws/src/install/vesc_msgs/include/vesc_msgs/msg/detail/vesc_imu_stamped__type_support.hpp
[71.356s] -- Installing: /home/zero/f1tenth_ws/src/install/vesc_msgs/include/vesc_msgs/msg/detail/vesc_imu_stamped__struct.hpp
[71.358s] -- Installing: /home/zero/f1tenth_ws/src/install/vesc_msgs/include/vesc_msgs/msg/vesc_imu.hpp
[71.359s] -- Up-to-date: /home/zero/f1tenth_ws/src/install/vesc_msgs/include/vesc_msgs
[71.360s] -- Up-to-date: /home/zero/f1tenth_ws/src/install/vesc_msgs/include/vesc_msgs/msg
[71.361s] -- Up-to-date: /home/zero/f1tenth_ws/src/install/vesc_msgs/include/vesc_msgs/msg/detail
[71.362s] -- Installing: /home/zero/f1tenth_ws/src/install/vesc_msgs/include/vesc_msgs/msg/detail/vesc_state__type_support.cpp
[71.364s] -- Installing: /home/zero/f1tenth_ws/src/install/vesc_msgs/include/vesc_msgs/msg/detail/vesc_state_stamped__rosidl_typesupport_introspection_cpp.hpp
[71.365s] -- Installing: /home/zero/f1tenth_ws/src/install/vesc_msgs/include/vesc_msgs/msg/detail/vesc_state_stamped__type_support.cpp
[71.367s] -- Installing: /home/zero/f1tenth_ws/src/install/vesc_msgs/include/vesc_msgs/msg/detail/vesc_imu__type_support.cpp
[71.368s] -- Installing: /home/zero/f1tenth_ws/src/install/vesc_msgs/include/vesc_msgs/msg/detail/vesc_state__rosidl_typesupport_introspection_cpp.hpp
[71.370s] -- Installing: /home/zero/f1tenth_ws/src/install/vesc_msgs/include/vesc_msgs/msg/detail/vesc_imu_stamped__type_support.cpp
[71.371s] -- Installing: /home/zero/f1tenth_ws/src/install/vesc_msgs/include/vesc_msgs/msg/detail/vesc_imu_stamped__rosidl_typesupport_introspection_cpp.hpp
[71.373s] -- Installing: /home/zero/f1tenth_ws/src/install/vesc_msgs/include/vesc_msgs/msg/detail/vesc_imu__rosidl_typesupport_introspection_cpp.hpp
[71.375s] -- Installing: /home/zero/f1tenth_ws/src/install/vesc_msgs/lib/libvesc_msgs__rosidl_typesupport_introspection_cpp.so
[71.377s] -- Set runtime path of "/home/zero/f1tenth_ws/src/install/vesc_msgs/lib/libvesc_msgs__rosidl_typesupport_introspection_cpp.so" to ""
[71.379s] -- Installing: /home/zero/f1tenth_ws/src/install/vesc_msgs/lib/libvesc_msgs__rosidl_typesupport_cpp.so
[71.381s] -- Set runtime path of "/home/zero/f1tenth_ws/src/install/vesc_msgs/lib/libvesc_msgs__rosidl_typesupport_cpp.so" to ""
[71.382s] -- Installing: /home/zero/f1tenth_ws/src/install/vesc_msgs/share/vesc_msgs/environment/pythonpath.sh
[71.384s] -- Installing: /home/zero/f1tenth_ws/src/install/vesc_msgs/share/vesc_msgs/environment/pythonpath.dsv
[71.386s] -- Installing: /home/zero/f1tenth_ws/src/install/vesc_msgs/lib/python3.8/site-packages/vesc_msgs/__init__.py
[71.694s] Compiling '/home/zero/f1tenth_ws/src/install/vesc_msgs/lib/python3.8/site-packages/vesc_msgs/__init__.py'...
[71.754s] -- Installing: /home/zero/f1tenth_ws/src/install/vesc_msgs/lib/python3.8/site-packages/vesc_msgs/msg
[71.754s] -- Installing: /home/zero/f1tenth_ws/src/install/vesc_msgs/lib/python3.8/site-packages/vesc_msgs/msg/_vesc_state_s.c
[71.755s] -- Installing: /home/zero/f1tenth_ws/src/install/vesc_msgs/lib/python3.8/site-packages/vesc_msgs/msg/_vesc_imu.py
[71.756s] -- Installing: /home/zero/f1tenth_ws/src/install/vesc_msgs/lib/python3.8/site-packages/vesc_msgs/msg/__init__.py
[71.756s] -- Installing: /home/zero/f1tenth_ws/src/install/vesc_msgs/lib/python3.8/site-packages/vesc_msgs/msg/_vesc_state.py
[71.757s] -- Installing: /home/zero/f1tenth_ws/src/install/vesc_msgs/lib/python3.8/site-packages/vesc_msgs/msg/_vesc_state_stamped_s.c
[71.757s] -- Installing: /home/zero/f1tenth_ws/src/install/vesc_msgs/lib/python3.8/site-packages/vesc_msgs/msg/_vesc_imu_s.c
[71.758s] -- Installing: /home/zero/f1tenth_ws/src/install/vesc_msgs/lib/python3.8/site-packages/vesc_msgs/msg/_vesc_state_stamped.py
[71.759s] -- Installing: /home/zero/f1tenth_ws/src/install/vesc_msgs/lib/python3.8/site-packages/vesc_msgs/msg/_vesc_imu_stamped.py
[71.759s] -- Installing: /home/zero/f1tenth_ws/src/install/vesc_msgs/lib/python3.8/site-packages/vesc_msgs/msg/_vesc_imu_stamped_s.c
[71.760s] -- Installing: /home/zero/f1tenth_ws/src/install/vesc_msgs/lib/python3.8/site-packages/vesc_msgs/vesc_msgs_s__rosidl_typesupport_fastrtps_c.cpython-38-aarch64-linux-gnu.so
[71.762s] -- Set runtime path of "/home/zero/f1tenth_ws/src/install/vesc_msgs/lib/python3.8/site-packages/vesc_msgs/vesc_msgs_s__rosidl_typesupport_fastrtps_c.cpython-38-aarch64-linux-gnu.so" to ""
[71.763s] -- Installing: /home/zero/f1tenth_ws/src/install/vesc_msgs/lib/python3.8/site-packages/vesc_msgs/vesc_msgs_s__rosidl_typesupport_introspection_c.cpython-38-aarch64-linux-gnu.so
[71.783s] -- Set runtime path of "/home/zero/f1tenth_ws/src/install/vesc_msgs/lib/python3.8/site-packages/vesc_msgs/vesc_msgs_s__rosidl_typesupport_introspection_c.cpython-38-aarch64-linux-gnu.so" to ""
[71.784s] -- Installing: /home/zero/f1tenth_ws/src/install/vesc_msgs/lib/python3.8/site-packages/vesc_msgs/vesc_msgs_s__rosidl_typesupport_c.cpython-38-aarch64-linux-gnu.so
[71.785s] -- Set runtime path of "/home/zero/f1tenth_ws/src/install/vesc_msgs/lib/python3.8/site-packages/vesc_msgs/vesc_msgs_s__rosidl_typesupport_c.cpython-38-aarch64-linux-gnu.so" to ""
[71.786s] -- Installing: /home/zero/f1tenth_ws/src/install/vesc_msgs/lib/libvesc_msgs__python.so
[71.788s] -- Set runtime path of "/home/zero/f1tenth_ws/src/install/vesc_msgs/lib/libvesc_msgs__python.so" to ""
[71.788s] -- Installing: /home/zero/f1tenth_ws/src/install/vesc_msgs/share/vesc_msgs/msg/VescState.idl
[71.789s] -- Installing: /home/zero/f1tenth_ws/src/install/vesc_msgs/share/vesc_msgs/msg/VescStateStamped.idl
[71.790s] -- Installing: /home/zero/f1tenth_ws/src/install/vesc_msgs/share/vesc_msgs/msg/VescImu.idl
[71.790s] -- Installing: /home/zero/f1tenth_ws/src/install/vesc_msgs/share/vesc_msgs/msg/VescImuStamped.idl
[71.791s] -- Installing: /home/zero/f1tenth_ws/src/install/vesc_msgs/share/vesc_msgs/msg/VescState.msg
[71.792s] -- Installing: /home/zero/f1tenth_ws/src/install/vesc_msgs/share/vesc_msgs/msg/VescStateStamped.msg
[71.792s] -- Installing: /home/zero/f1tenth_ws/src/install/vesc_msgs/share/vesc_msgs/msg/VescImu.msg
[71.793s] -- Installing: /home/zero/f1tenth_ws/src/install/vesc_msgs/share/vesc_msgs/msg/VescImuStamped.msg
[71.794s] -- Installing: /home/zero/f1tenth_ws/src/install/vesc_msgs/share/ament_index/resource_index/package_run_dependencies/vesc_msgs
[71.795s] -- Installing: /home/zero/f1tenth_ws/src/install/vesc_msgs/share/ament_index/resource_index/parent_prefix_path/vesc_msgs
[71.803s] -- Installing: /home/zero/f1tenth_ws/src/install/vesc_msgs/share/vesc_msgs/environment/ament_prefix_path.sh
[71.804s] -- Installing: /home/zero/f1tenth_ws/src/install/vesc_msgs/share/vesc_msgs/environment/ament_prefix_path.dsv
[71.805s] -- Installing: /home/zero/f1tenth_ws/src/install/vesc_msgs/share/vesc_msgs/environment/path.sh
[71.805s] -- Installing: /home/zero/f1tenth_ws/src/install/vesc_msgs/share/vesc_msgs/environment/path.dsv
[71.806s] -- Installing: /home/zero/f1tenth_ws/src/install/vesc_msgs/share/vesc_msgs/local_setup.bash
[71.807s] -- Installing: /home/zero/f1tenth_ws/src/install/vesc_msgs/share/vesc_msgs/local_setup.sh
[71.807s] -- Installing: /home/zero/f1tenth_ws/src/install/vesc_msgs/share/vesc_msgs/local_setup.zsh
[71.808s] -- Installing: /home/zero/f1tenth_ws/src/install/vesc_msgs/share/vesc_msgs/local_setup.dsv
[71.809s] -- Installing: /home/zero/f1tenth_ws/src/install/vesc_msgs/share/vesc_msgs/package.dsv
[71.810s] -- Installing: /home/zero/f1tenth_ws/src/install/vesc_msgs/share/ament_index/resource_index/packages/vesc_msgs
[71.811s] -- Installing: /home/zero/f1tenth_ws/src/install/vesc_msgs/share/vesc_msgs/cmake/vesc_msgs__rosidl_generator_cExport.cmake
[71.824s] -- Installing: /home/zero/f1tenth_ws/src/install/vesc_msgs/share/vesc_msgs/cmake/vesc_msgs__rosidl_generator_cExport-noconfig.cmake
[71.825s] -- Installing: /home/zero/f1tenth_ws/src/install/vesc_msgs/share/vesc_msgs/cmake/vesc_msgs__rosidl_typesupport_introspection_cExport.cmake
[71.826s] -- Installing: /home/zero/f1tenth_ws/src/install/vesc_msgs/share/vesc_msgs/cmake/vesc_msgs__rosidl_typesupport_introspection_cExport-noconfig.cmake
[71.827s] -- Installing: /home/zero/f1tenth_ws/src/install/vesc_msgs/share/vesc_msgs/cmake/vesc_msgs__rosidl_typesupport_cExport.cmake
[71.828s] -- Installing: /home/zero/f1tenth_ws/src/install/vesc_msgs/share/vesc_msgs/cmake/vesc_msgs__rosidl_typesupport_cExport-noconfig.cmake
[71.829s] -- Installing: /home/zero/f1tenth_ws/src/install/vesc_msgs/share/vesc_msgs/cmake/vesc_msgs__rosidl_generator_cppExport.cmake
[71.830s] -- Installing: /home/zero/f1tenth_ws/src/install/vesc_msgs/share/vesc_msgs/cmake/vesc_msgs__rosidl_typesupport_introspection_cppExport.cmake
[71.831s] -- Installing: /home/zero/f1tenth_ws/src/install/vesc_msgs/share/vesc_msgs/cmake/vesc_msgs__rosidl_typesupport_introspection_cppExport-noconfig.cmake
[71.832s] -- Installing: /home/zero/f1tenth_ws/src/install/vesc_msgs/share/vesc_msgs/cmake/vesc_msgs__rosidl_typesupport_cppExport.cmake
[71.832s] -- Installing: /home/zero/f1tenth_ws/src/install/vesc_msgs/share/vesc_msgs/cmake/vesc_msgs__rosidl_typesupport_cppExport-noconfig.cmake
[71.833s] -- Installing: /home/zero/f1tenth_ws/src/install/vesc_msgs/share/vesc_msgs/cmake/rosidl_cmake-extras.cmake
[71.834s] -- Installing: /home/zero/f1tenth_ws/src/install/vesc_msgs/share/vesc_msgs/cmake/ament_cmake_export_dependencies-extras.cmake
[71.835s] -- Installing: /home/zero/f1tenth_ws/src/install/vesc_msgs/share/vesc_msgs/cmake/ament_cmake_export_libraries-extras.cmake
[71.848s] -- Installing: /home/zero/f1tenth_ws/src/install/vesc_msgs/share/vesc_msgs/cmake/ament_cmake_export_targets-extras.cmake
[71.849s] -- Installing: /home/zero/f1tenth_ws/src/install/vesc_msgs/share/vesc_msgs/cmake/ament_cmake_export_include_directories-extras.cmake
[71.849s] -- Installing: /home/zero/f1tenth_ws/src/install/vesc_msgs/share/vesc_msgs/cmake/rosidl_cmake_export_typesupport_libraries-extras.cmake
[71.850s] -- Installing: /home/zero/f1tenth_ws/src/install/vesc_msgs/share/vesc_msgs/cmake/rosidl_cmake_export_typesupport_targets-extras.cmake
[71.851s] -- Installing: /home/zero/f1tenth_ws/src/install/vesc_msgs/share/vesc_msgs/cmake/vesc_msgsConfig.cmake
[71.852s] -- Installing: /home/zero/f1tenth_ws/src/install/vesc_msgs/share/vesc_msgs/cmake/vesc_msgsConfig-version.cmake
[71.852s] -- Installing: /home/zero/f1tenth_ws/src/install/vesc_msgs/share/vesc_msgs/package.xml
[71.871s] Invoked command in '/home/zero/f1tenth_ws/src/build/vesc_msgs' returned '0': CMAKE_PREFIX_PATH=${CMAKE_PREFIX_PATH}:/home/zero/f1tenth_ws/install/f1tenth_stack:/home/zero/f1tenth_ws/install/joy_teleop:/home/zero/f1tenth_ws/install/mouse_teleop:/home/zero/f1tenth_ws/install/key_teleop:/home/zero/f1tenth_ws/install/follow_the_gap:/opt/ros/foxy /usr/bin/cmake --install /home/zero/f1tenth_ws/src/build/vesc_msgs
