[5.937s] Invoking command in '/home/zero/f1tenth_ws/src/teleop_tools/joy_teleop': AMENT_PREFIX_PATH=/home/zero/f1tenth_ws/src/install/teleop_tools_msgs:${AMENT_PREFIX_PATH} CMAKE_PREFIX_PATH=/home/zero/f1tenth_ws/src/install/teleop_tools_msgs:${CMAKE_PREFIX_PATH} LD_LIBRARY_PATH=/home/zero/f1tenth_ws/src/install/teleop_tools_msgs/lib:${LD_LIBRARY_PATH} PYTHONPATH=/home/zero/f1tenth_ws/src/build/joy_teleop/prefix_override:/usr/lib/python3/dist-packages/colcon_core/task/python/colcon_distutils_commands:/home/zero/f1tenth_ws/src/install/joy_teleop/lib/python3.8/site-packages:/home/zero/f1tenth_ws/src/install/teleop_tools_msgs/lib/python3.8/site-packages:${PYTHONPATH} /usr/bin/python3 -W ignore:setup.py install is deprecated -W ignore:easy_install command is deprecated setup.py egg_info --egg-base ../../build/joy_teleop build --build-base /home/zero/f1tenth_ws/src/build/joy_teleop/build install --record /home/zero/f1tenth_ws/src/build/joy_teleop/install.log --install-scripts $base/lib/joy_teleop --single-version-externally-managed install_data
[7.171s] /usr/local/lib/python3.8/dist-packages/setuptools/dist.py:717: UserWarning: Usage of dash-separated 'script-dir' will not be supported in future versions. Please use the underscore name 'script_dir' instead
[7.172s]   warnings.warn(
[7.315s] running egg_info
[7.316s] writing ../../build/joy_teleop/joy_teleop.egg-info/PKG-INFO
[7.316s] writing dependency_links to ../../build/joy_teleop/joy_teleop.egg-info/dependency_links.txt
[7.317s] writing entry points to ../../build/joy_teleop/joy_teleop.egg-info/entry_points.txt
[7.318s] writing requirements to ../../build/joy_teleop/joy_teleop.egg-info/requires.txt
[7.319s] writing top-level names to ../../build/joy_teleop/joy_teleop.egg-info/top_level.txt
[7.331s] reading manifest file '../../build/joy_teleop/joy_teleop.egg-info/SOURCES.txt'
[7.342s] writing manifest file '../../build/joy_teleop/joy_teleop.egg-info/SOURCES.txt'
[7.343s] running build
[7.343s] running build_py
[7.344s] running install
[7.348s] running install_lib
[7.354s] running install_data
[7.356s] running install_egg_info
[7.365s] removing '/home/zero/f1tenth_ws/src/install/joy_teleop/lib/python3.8/site-packages/joy_teleop-0.3.0-py3.8.egg-info' (and everything under it)
[7.367s] Copying ../../build/joy_teleop/joy_teleop.egg-info to /home/zero/f1tenth_ws/src/install/joy_teleop/lib/python3.8/site-packages/joy_teleop-0.3.0-py3.8.egg-info
[7.388s] running install_scripts
[7.456s] Installing incrementer_server script to /home/zero/f1tenth_ws/src/install/joy_teleop/lib/joy_teleop
[7.456s] Installing joy_teleop script to /home/zero/f1tenth_ws/src/install/joy_teleop/lib/joy_teleop
[7.458s] writing list of installed files to '/home/zero/f1tenth_ws/src/build/joy_teleop/install.log'
[7.568s] Invoked command in '/home/zero/f1tenth_ws/src/teleop_tools/joy_teleop' returned '0': AMENT_PREFIX_PATH=/home/zero/f1tenth_ws/src/install/teleop_tools_msgs:${AMENT_PREFIX_PATH} CMAKE_PREFIX_PATH=/home/zero/f1tenth_ws/src/install/teleop_tools_msgs:${CMAKE_PREFIX_PATH} LD_LIBRARY_PATH=/home/zero/f1tenth_ws/src/install/teleop_tools_msgs/lib:${LD_LIBRARY_PATH} PYTHONPATH=/home/zero/f1tenth_ws/src/build/joy_teleop/prefix_override:/usr/lib/python3/dist-packages/colcon_core/task/python/colcon_distutils_commands:/home/zero/f1tenth_ws/src/install/joy_teleop/lib/python3.8/site-packages:/home/zero/f1tenth_ws/src/install/teleop_tools_msgs/lib/python3.8/site-packages:${PYTHONPATH} /usr/bin/python3 -W ignore:setup.py install is deprecated -W ignore:easy_install command is deprecated setup.py egg_info --egg-base ../../build/joy_teleop build --build-base /home/zero/f1tenth_ws/src/build/joy_teleop/build install --record /home/zero/f1tenth_ws/src/build/joy_teleop/install.log --install-scripts $base/lib/joy_teleop --single-version-externally-managed install_data
