[0.135s] Invoking command in '/home/zero/f1tenth_ws/src/build/ackermann_mux': CMAKE_PREFIX_PATH=${CMAKE_PREFIX_PATH}:/home/zero/f1tenth_ws/src/install/f1tenth_stack:/home/zero/f1tenth_ws/src/install/joy_teleop:/home/zero/f1tenth_ws/src/install/mouse_teleop:/home/zero/f1tenth_ws/src/install/key_teleop:/home/zero/f1tenth_ws/src/install/follow_the_gap:/home/zero/f1tenth_ws/install/f1tenth_stack:/home/zero/f1tenth_ws/install/joy_teleop:/home/zero/f1tenth_ws/install/mouse_teleop:/home/zero/f1tenth_ws/install/key_teleop:/home/zero/f1tenth_ws/install/follow_the_gap:/opt/ros/foxy /usr/bin/cmake --build /home/zero/f1tenth_ws/src/build/ackermann_mux -- -j4 -l4
[0.601s] [100%] Built target ackermann_mux
[1.796s] Invoked command in '/home/zero/f1tenth_ws/src/build/ackermann_mux' returned '0': CMAKE_PREFIX_PATH=${CMAKE_PREFIX_PATH}:/home/zero/f1tenth_ws/src/install/f1tenth_stack:/home/zero/f1tenth_ws/src/install/joy_teleop:/home/zero/f1tenth_ws/src/install/mouse_teleop:/home/zero/f1tenth_ws/src/install/key_teleop:/home/zero/f1tenth_ws/src/install/follow_the_gap:/home/zero/f1tenth_ws/install/f1tenth_stack:/home/zero/f1tenth_ws/install/joy_teleop:/home/zero/f1tenth_ws/install/mouse_teleop:/home/zero/f1tenth_ws/install/key_teleop:/home/zero/f1tenth_ws/install/follow_the_gap:/opt/ros/foxy /usr/bin/cmake --build /home/zero/f1tenth_ws/src/build/ackermann_mux -- -j4 -l4
[1.844s] Invoking command in '/home/zero/f1tenth_ws/src/build/ackermann_mux': CMAKE_PREFIX_PATH=${CMAKE_PREFIX_PATH}:/home/zero/f1tenth_ws/src/install/f1tenth_stack:/home/zero/f1tenth_ws/src/install/joy_teleop:/home/zero/f1tenth_ws/src/install/mouse_teleop:/home/zero/f1tenth_ws/src/install/key_teleop:/home/zero/f1tenth_ws/src/install/follow_the_gap:/home/zero/f1tenth_ws/install/f1tenth_stack:/home/zero/f1tenth_ws/install/joy_teleop:/home/zero/f1tenth_ws/install/mouse_teleop:/home/zero/f1tenth_ws/install/key_teleop:/home/zero/f1tenth_ws/install/follow_the_gap:/opt/ros/foxy /usr/bin/cmake --install /home/zero/f1tenth_ws/src/build/ackermann_mux
[1.893s] -- Install configuration: ""
[1.894s] -- Up-to-date: /home/zero/f1tenth_ws/src/install/ackermann_mux/lib/ackermann_mux/ackermann_mux
[1.896s] -- Up-to-date: /home/zero/f1tenth_ws/src/install/ackermann_mux/share/ackermann_mux/launch
[1.897s] -- Up-to-date: /home/zero/f1tenth_ws/src/install/ackermann_mux/share/ackermann_mux/launch/ackermann_mux_launch.py
[1.899s] -- Up-to-date: /home/zero/f1tenth_ws/src/install/ackermann_mux/share/ackermann_mux/config
[1.900s] -- Up-to-date: /home/zero/f1tenth_ws/src/install/ackermann_mux/share/ackermann_mux/config/ackermann_mux_topics.yaml
[1.901s] -- Up-to-date: /home/zero/f1tenth_ws/src/install/ackermann_mux/share/ackermann_mux/config/ackermann_mux_locks.yaml
[1.909s] -- Up-to-date: /home/zero/f1tenth_ws/src/install/ackermann_mux/share/ackermann_mux/config/joystick.yaml
[1.910s] -- Up-to-date: /home/zero/f1tenth_ws/src/install/ackermann_mux/include
[1.911s] -- Up-to-date: /home/zero/f1tenth_ws/src/install/ackermann_mux/include/ackermann_mux
[1.911s] -- Up-to-date: /home/zero/f1tenth_ws/src/install/ackermann_mux/include/ackermann_mux/params_helpers.hpp
[1.912s] -- Up-to-date: /home/zero/f1tenth_ws/src/install/ackermann_mux/include/ackermann_mux/ackermann_mux.hpp
[1.913s] -- Up-to-date: /home/zero/f1tenth_ws/src/install/ackermann_mux/include/ackermann_mux/ackermann_mux_diagnostics_status.hpp
[1.914s] -- Up-to-date: /home/zero/f1tenth_ws/src/install/ackermann_mux/include/ackermann_mux/ackermann_mux_diagnostics.hpp
[1.915s] -- Up-to-date: /home/zero/f1tenth_ws/src/install/ackermann_mux/include/ackermann_mux/utils.hpp
[1.916s] -- Up-to-date: /home/zero/f1tenth_ws/src/install/ackermann_mux/include/ackermann_mux/topic_handle.hpp
[1.916s] -- Up-to-date: /home/zero/f1tenth_ws/src/install/ackermann_mux/share/ament_index/resource_index/package_run_dependencies/ackermann_mux
[1.917s] -- Up-to-date: /home/zero/f1tenth_ws/src/install/ackermann_mux/share/ament_index/resource_index/parent_prefix_path/ackermann_mux
[1.917s] -- Up-to-date: /home/zero/f1tenth_ws/src/install/ackermann_mux/share/ackermann_mux/environment/ament_prefix_path.sh
[1.918s] -- Up-to-date: /home/zero/f1tenth_ws/src/install/ackermann_mux/share/ackermann_mux/environment/ament_prefix_path.dsv
[1.918s] -- Up-to-date: /home/zero/f1tenth_ws/src/install/ackermann_mux/share/ackermann_mux/environment/path.sh
[1.919s] -- Up-to-date: /home/zero/f1tenth_ws/src/install/ackermann_mux/share/ackermann_mux/environment/path.dsv
[1.920s] -- Up-to-date: /home/zero/f1tenth_ws/src/install/ackermann_mux/share/ackermann_mux/local_setup.bash
[1.924s] -- Up-to-date: /home/zero/f1tenth_ws/src/install/ackermann_mux/share/ackermann_mux/local_setup.sh
[1.927s] -- Up-to-date: /home/zero/f1tenth_ws/src/install/ackermann_mux/share/ackermann_mux/local_setup.zsh
[1.929s] -- Up-to-date: /home/zero/f1tenth_ws/src/install/ackermann_mux/share/ackermann_mux/local_setup.dsv
[1.930s] -- Installing: /home/zero/f1tenth_ws/src/install/ackermann_mux/share/ackermann_mux/package.dsv
[1.942s] -- Up-to-date: /home/zero/f1tenth_ws/src/install/ackermann_mux/share/ament_index/resource_index/packages/ackermann_mux
[1.942s] -- Up-to-date: /home/zero/f1tenth_ws/src/install/ackermann_mux/share/ackermann_mux/cmake/ament_cmake_export_include_directories-extras.cmake
[1.943s] -- Up-to-date: /home/zero/f1tenth_ws/src/install/ackermann_mux/share/ackermann_mux/cmake/ament_cmake_export_dependencies-extras.cmake
[1.944s] -- Up-to-date: /home/zero/f1tenth_ws/src/install/ackermann_mux/share/ackermann_mux/cmake/ackermann_muxConfig.cmake
[1.945s] -- Up-to-date: /home/zero/f1tenth_ws/src/install/ackermann_mux/share/ackermann_mux/cmake/ackermann_muxConfig-version.cmake
[1.947s] -- Up-to-date: /home/zero/f1tenth_ws/src/install/ackermann_mux/share/ackermann_mux/package.xml
[2.011s] Invoked command in '/home/zero/f1tenth_ws/src/build/ackermann_mux' returned '0': CMAKE_PREFIX_PATH=${CMAKE_PREFIX_PATH}:/home/zero/f1tenth_ws/src/install/f1tenth_stack:/home/zero/f1tenth_ws/src/install/joy_teleop:/home/zero/f1tenth_ws/src/install/mouse_teleop:/home/zero/f1tenth_ws/src/install/key_teleop:/home/zero/f1tenth_ws/src/install/follow_the_gap:/home/zero/f1tenth_ws/install/f1tenth_stack:/home/zero/f1tenth_ws/install/joy_teleop:/home/zero/f1tenth_ws/install/mouse_teleop:/home/zero/f1tenth_ws/install/key_teleop:/home/zero/f1tenth_ws/install/follow_the_gap:/opt/ros/foxy /usr/bin/cmake --install /home/zero/f1tenth_ws/src/build/ackermann_mux
