[0.201s] Invoking command in '/home/zero/f1tenth_ws/src/build/safety_node': CMAKE_PREFIX_PATH=${CMAKE_PREFIX_PATH}:/home/zero/f1tenth_ws/install/f1tenth_stack:/home/zero/f1tenth_ws/install/joy_teleop:/home/zero/f1tenth_ws/install/mouse_teleop:/home/zero/f1tenth_ws/install/key_teleop:/home/zero/f1tenth_ws/install/follow_the_gap:/opt/ros/foxy /usr/bin/cmake --build /home/zero/f1tenth_ws/src/build/safety_node -- -j4 -l4
[0.525s] [100%] Built target safety_node
[0.569s] Invoked command in '/home/zero/f1tenth_ws/src/build/safety_node' returned '0': CMAKE_PREFIX_PATH=${CMAKE_PREFIX_PATH}:/home/zero/f1tenth_ws/install/f1tenth_stack:/home/zero/f1tenth_ws/install/joy_teleop:/home/zero/f1tenth_ws/install/mouse_teleop:/home/zero/f1tenth_ws/install/key_teleop:/home/zero/f1tenth_ws/install/follow_the_gap:/opt/ros/foxy /usr/bin/cmake --build /home/zero/f1tenth_ws/src/build/safety_node -- -j4 -l4
[0.587s] Invoking command in '/home/zero/f1tenth_ws/src/build/safety_node': CMAKE_PREFIX_PATH=${CMAKE_PREFIX_PATH}:/home/zero/f1tenth_ws/install/f1tenth_stack:/home/zero/f1tenth_ws/install/joy_teleop:/home/zero/f1tenth_ws/install/mouse_teleop:/home/zero/f1tenth_ws/install/key_teleop:/home/zero/f1tenth_ws/install/follow_the_gap:/opt/ros/foxy /usr/bin/cmake --install /home/zero/f1tenth_ws/src/build/safety_node
[0.635s] -- Install configuration: ""
[0.641s] -- Up-to-date: /home/zero/f1tenth_ws/src/install/safety_node/lib/safety_node/safety_node
[0.643s] -- Up-to-date: /home/zero/f1tenth_ws/src/install/safety_node/share/safety_node/environment/pythonpath.sh
[0.644s] -- Up-to-date: /home/zero/f1tenth_ws/src/install/safety_node/share/safety_node/environment/pythonpath.dsv
[0.645s] -- Up-to-date: /home/zero/f1tenth_ws/src/install/safety_node/lib/python3.8/site-packages/safety_node
[0.646s] -- Up-to-date: /home/zero/f1tenth_ws/src/install/safety_node/lib/python3.8/site-packages/safety_node/__init__.py
[0.796s] Listing '/home/zero/f1tenth_ws/src/install/safety_node/lib/python3.8/site-packages/safety_node'...
[0.818s] -- Up-to-date: /home/zero/f1tenth_ws/src/install/safety_node/lib/safety_node/safety_node.py
[0.820s] -- Up-to-date: /home/zero/f1tenth_ws/src/install/safety_node/share/ament_index/resource_index/package_run_dependencies/safety_node
[0.821s] -- Up-to-date: /home/zero/f1tenth_ws/src/install/safety_node/share/ament_index/resource_index/parent_prefix_path/safety_node
[0.822s] -- Up-to-date: /home/zero/f1tenth_ws/src/install/safety_node/share/safety_node/environment/ament_prefix_path.sh
[0.823s] -- Up-to-date: /home/zero/f1tenth_ws/src/install/safety_node/share/safety_node/environment/ament_prefix_path.dsv
[0.824s] -- Up-to-date: /home/zero/f1tenth_ws/src/install/safety_node/share/safety_node/environment/path.sh
[0.826s] -- Up-to-date: /home/zero/f1tenth_ws/src/install/safety_node/share/safety_node/environment/path.dsv
[0.827s] -- Up-to-date: /home/zero/f1tenth_ws/src/install/safety_node/share/safety_node/local_setup.bash
[0.829s] -- Up-to-date: /home/zero/f1tenth_ws/src/install/safety_node/share/safety_node/local_setup.sh
[0.829s] -- Up-to-date: /home/zero/f1tenth_ws/src/install/safety_node/share/safety_node/local_setup.zsh
[0.829s] -- Up-to-date: /home/zero/f1tenth_ws/src/install/safety_node/share/safety_node/local_setup.dsv
[0.831s] -- Installing: /home/zero/f1tenth_ws/src/install/safety_node/share/safety_node/package.dsv
[0.855s] -- Up-to-date: /home/zero/f1tenth_ws/src/install/safety_node/share/ament_index/resource_index/packages/safety_node
[0.856s] -- Up-to-date: /home/zero/f1tenth_ws/src/install/safety_node/share/safety_node/cmake/safety_nodeConfig.cmake
[0.856s] -- Up-to-date: /home/zero/f1tenth_ws/src/install/safety_node/share/safety_node/cmake/safety_nodeConfig-version.cmake
[0.858s] -- Up-to-date: /home/zero/f1tenth_ws/src/install/safety_node/share/safety_node/package.xml
[0.875s] Invoked command in '/home/zero/f1tenth_ws/src/build/safety_node' returned '0': CMAKE_PREFIX_PATH=${CMAKE_PREFIX_PATH}:/home/zero/f1tenth_ws/install/f1tenth_stack:/home/zero/f1tenth_ws/install/joy_teleop:/home/zero/f1tenth_ws/install/mouse_teleop:/home/zero/f1tenth_ws/install/key_teleop:/home/zero/f1tenth_ws/install/follow_the_gap:/opt/ros/foxy /usr/bin/cmake --install /home/zero/f1tenth_ws/src/build/safety_node
