[0.061s] Invoking command in '/home/zero/f1tenth_ws/src/build/vesc_driver': AMENT_PREFIX_PATH=/home/zero/f1tenth_ws/src/install/vesc_msgs:${AMENT_PREFIX_PATH} CMAKE_PREFIX_PATH=/home/zero/f1tenth_ws/src/install/vesc_msgs:/home/zero/f1tenth_ws/install/vesc:/home/zero/f1tenth_ws/install/vesc_driver:/home/zero/f1tenth_ws/install/vesc_ackermann:/home/zero/f1tenth_ws/install/vesc_msgs:/home/zero/f1tenth_ws/install/teleop_tools:/home/zero/f1tenth_ws/install/teleop_tools_msgs:/home/zero/f1tenth_ws/install/sllidar_ros2:/home/zero/f1tenth_ws/install/ackermann_mux:/home/zero/f1tenth_ws/install/f1tenth_stack:/home/zero/f1tenth_ws/install/joy_teleop:/home/zero/f1tenth_ws/install/mouse_teleop:/home/zero/f1tenth_ws/install/key_teleop:/home/zero/f1tenth_ws/install/follow_the_gap:/opt/ros/foxy LD_LIBRARY_PATH=/home/zero/f1tenth_ws/src/install/vesc_msgs/lib:${LD_LIBRARY_PATH} PYTHONPATH=/home/zero/f1tenth_ws/src/install/vesc_msgs/lib/python3.8/site-packages:${PYTHONPATH} /usr/bin/cmake --build /home/zero/f1tenth_ws/src/build/vesc_driver -- -j4 -l4
[0.493s] [ 20%] Built target vesc_driver_node
[0.518s] [ 70%] Built target vesc_driver
[0.638s] [100%] Built target vesc_device_namer
[0.694s] Invoked command in '/home/zero/f1tenth_ws/src/build/vesc_driver' returned '0': AMENT_PREFIX_PATH=/home/zero/f1tenth_ws/src/install/vesc_msgs:${AMENT_PREFIX_PATH} CMAKE_PREFIX_PATH=/home/zero/f1tenth_ws/src/install/vesc_msgs:/home/zero/f1tenth_ws/install/vesc:/home/zero/f1tenth_ws/install/vesc_driver:/home/zero/f1tenth_ws/install/vesc_ackermann:/home/zero/f1tenth_ws/install/vesc_msgs:/home/zero/f1tenth_ws/install/teleop_tools:/home/zero/f1tenth_ws/install/teleop_tools_msgs:/home/zero/f1tenth_ws/install/sllidar_ros2:/home/zero/f1tenth_ws/install/ackermann_mux:/home/zero/f1tenth_ws/install/f1tenth_stack:/home/zero/f1tenth_ws/install/joy_teleop:/home/zero/f1tenth_ws/install/mouse_teleop:/home/zero/f1tenth_ws/install/key_teleop:/home/zero/f1tenth_ws/install/follow_the_gap:/opt/ros/foxy LD_LIBRARY_PATH=/home/zero/f1tenth_ws/src/install/vesc_msgs/lib:${LD_LIBRARY_PATH} PYTHONPATH=/home/zero/f1tenth_ws/src/install/vesc_msgs/lib/python3.8/site-packages:${PYTHONPATH} /usr/bin/cmake --build /home/zero/f1tenth_ws/src/build/vesc_driver -- -j4 -l4
[0.697s] Invoking command in '/home/zero/f1tenth_ws/src/build/vesc_driver': AMENT_PREFIX_PATH=/home/zero/f1tenth_ws/src/install/vesc_msgs:${AMENT_PREFIX_PATH} CMAKE_PREFIX_PATH=/home/zero/f1tenth_ws/src/install/vesc_msgs:/home/zero/f1tenth_ws/install/vesc:/home/zero/f1tenth_ws/install/vesc_driver:/home/zero/f1tenth_ws/install/vesc_ackermann:/home/zero/f1tenth_ws/install/vesc_msgs:/home/zero/f1tenth_ws/install/teleop_tools:/home/zero/f1tenth_ws/install/teleop_tools_msgs:/home/zero/f1tenth_ws/install/sllidar_ros2:/home/zero/f1tenth_ws/install/ackermann_mux:/home/zero/f1tenth_ws/install/f1tenth_stack:/home/zero/f1tenth_ws/install/joy_teleop:/home/zero/f1tenth_ws/install/mouse_teleop:/home/zero/f1tenth_ws/install/key_teleop:/home/zero/f1tenth_ws/install/follow_the_gap:/opt/ros/foxy LD_LIBRARY_PATH=/home/zero/f1tenth_ws/src/install/vesc_msgs/lib:${LD_LIBRARY_PATH} PYTHONPATH=/home/zero/f1tenth_ws/src/install/vesc_msgs/lib/python3.8/site-packages:${PYTHONPATH} /usr/bin/cmake --install /home/zero/f1tenth_ws/src/build/vesc_driver
[0.746s] -- Install configuration: ""
[0.747s] -- Up-to-date: /home/zero/f1tenth_ws/src/install/vesc_driver/lib/vesc_driver/vesc_driver_node
[0.748s] -- Up-to-date: /home/zero/f1tenth_ws/src/install/vesc_driver/include
[0.749s] -- Up-to-date: /home/zero/f1tenth_ws/src/install/vesc_driver/include/vesc_driver
[0.750s] -- Up-to-date: /home/zero/f1tenth_ws/src/install/vesc_driver/include/vesc_driver/datatypes.hpp
[0.751s] -- Up-to-date: /home/zero/f1tenth_ws/src/install/vesc_driver/include/vesc_driver/vesc_packet_factory.hpp
[0.752s] -- Up-to-date: /home/zero/f1tenth_ws/src/install/vesc_driver/include/vesc_driver/vesc_packet.hpp
[0.753s] -- Up-to-date: /home/zero/f1tenth_ws/src/install/vesc_driver/include/vesc_driver/crc.hpp
[0.754s] -- Up-to-date: /home/zero/f1tenth_ws/src/install/vesc_driver/include/vesc_driver/vesc_device_uuid_lookup.hpp
[0.755s] -- Up-to-date: /home/zero/f1tenth_ws/src/install/vesc_driver/include/vesc_driver/vesc_interface.hpp
[0.755s] -- Up-to-date: /home/zero/f1tenth_ws/src/install/vesc_driver/include/vesc_driver/vesc_driver.hpp
[0.757s] -- Up-to-date: /home/zero/f1tenth_ws/src/install/vesc_driver/share/vesc_driver/environment/library_path.sh
[0.758s] -- Up-to-date: /home/zero/f1tenth_ws/src/install/vesc_driver/share/vesc_driver/environment/library_path.dsv
[0.759s] -- Up-to-date: /home/zero/f1tenth_ws/src/install/vesc_driver/lib/libvesc_driver.so
[0.762s] -- Up-to-date: /home/zero/f1tenth_ws/src/install/vesc_driver/lib/vesc_driver/vesc_device_namer
[0.763s] -- Up-to-date: /home/zero/f1tenth_ws/src/install/vesc_driver/share/vesc_driver/launch
[0.764s] -- Up-to-date: /home/zero/f1tenth_ws/src/install/vesc_driver/share/vesc_driver/launch/vesc_driver_node.launch.py
[0.765s] -- Up-to-date: /home/zero/f1tenth_ws/src/install/vesc_driver/share/vesc_driver/params
[0.766s] -- Up-to-date: /home/zero/f1tenth_ws/src/install/vesc_driver/share/vesc_driver/params/vesc_config.yaml
[0.767s] -- Up-to-date: /home/zero/f1tenth_ws/src/install/vesc_driver/share/ament_index/resource_index/package_run_dependencies/vesc_driver
[0.768s] -- Up-to-date: /home/zero/f1tenth_ws/src/install/vesc_driver/share/ament_index/resource_index/parent_prefix_path/vesc_driver
[0.770s] -- Up-to-date: /home/zero/f1tenth_ws/src/install/vesc_driver/share/vesc_driver/environment/ament_prefix_path.sh
[0.771s] -- Up-to-date: /home/zero/f1tenth_ws/src/install/vesc_driver/share/vesc_driver/environment/ament_prefix_path.dsv
[0.772s] -- Up-to-date: /home/zero/f1tenth_ws/src/install/vesc_driver/share/vesc_driver/environment/path.sh
[0.773s] -- Up-to-date: /home/zero/f1tenth_ws/src/install/vesc_driver/share/vesc_driver/environment/path.dsv
[0.774s] -- Up-to-date: /home/zero/f1tenth_ws/src/install/vesc_driver/share/vesc_driver/local_setup.bash
[0.775s] -- Up-to-date: /home/zero/f1tenth_ws/src/install/vesc_driver/share/vesc_driver/local_setup.sh
[0.776s] -- Up-to-date: /home/zero/f1tenth_ws/src/install/vesc_driver/share/vesc_driver/local_setup.zsh
[0.777s] -- Up-to-date: /home/zero/f1tenth_ws/src/install/vesc_driver/share/vesc_driver/local_setup.dsv
[0.779s] -- Installing: /home/zero/f1tenth_ws/src/install/vesc_driver/share/vesc_driver/package.dsv
[0.780s] -- Up-to-date: /home/zero/f1tenth_ws/src/install/vesc_driver/share/ament_index/resource_index/packages/vesc_driver
[0.781s] -- Up-to-date: /home/zero/f1tenth_ws/src/install/vesc_driver/share/ament_index/resource_index/rclcpp_components/vesc_driver
[0.782s] -- Up-to-date: /home/zero/f1tenth_ws/src/install/vesc_driver/share/vesc_driver/cmake/ament_cmake_export_dependencies-extras.cmake
[0.784s] -- Up-to-date: /home/zero/f1tenth_ws/src/install/vesc_driver/share/vesc_driver/cmake/ament_cmake_export_include_directories-extras.cmake
[0.785s] -- Up-to-date: /home/zero/f1tenth_ws/src/install/vesc_driver/share/vesc_driver/cmake/ament_cmake_export_libraries-extras.cmake
[0.786s] -- Up-to-date: /home/zero/f1tenth_ws/src/install/vesc_driver/share/vesc_driver/cmake/vesc_driverConfig.cmake
[0.787s] -- Up-to-date: /home/zero/f1tenth_ws/src/install/vesc_driver/share/vesc_driver/cmake/vesc_driverConfig-version.cmake
[0.788s] -- Up-to-date: /home/zero/f1tenth_ws/src/install/vesc_driver/share/vesc_driver/package.xml
[0.799s] Invoked command in '/home/zero/f1tenth_ws/src/build/vesc_driver' returned '0': AMENT_PREFIX_PATH=/home/zero/f1tenth_ws/src/install/vesc_msgs:${AMENT_PREFIX_PATH} CMAKE_PREFIX_PATH=/home/zero/f1tenth_ws/src/install/vesc_msgs:/home/zero/f1tenth_ws/install/vesc:/home/zero/f1tenth_ws/install/vesc_driver:/home/zero/f1tenth_ws/install/vesc_ackermann:/home/zero/f1tenth_ws/install/vesc_msgs:/home/zero/f1tenth_ws/install/teleop_tools:/home/zero/f1tenth_ws/install/teleop_tools_msgs:/home/zero/f1tenth_ws/install/sllidar_ros2:/home/zero/f1tenth_ws/install/ackermann_mux:/home/zero/f1tenth_ws/install/f1tenth_stack:/home/zero/f1tenth_ws/install/joy_teleop:/home/zero/f1tenth_ws/install/mouse_teleop:/home/zero/f1tenth_ws/install/key_teleop:/home/zero/f1tenth_ws/install/follow_the_gap:/opt/ros/foxy LD_LIBRARY_PATH=/home/zero/f1tenth_ws/src/install/vesc_msgs/lib:${LD_LIBRARY_PATH} PYTHONPATH=/home/zero/f1tenth_ws/src/install/vesc_msgs/lib/python3.8/site-packages:${PYTHONPATH} /usr/bin/cmake --install /home/zero/f1tenth_ws/src/build/vesc_driver
