[0.145s] Invoking command in '/home/zero/f1tenth_ws/src/build/ackermann_mux': CMAKE_PREFIX_PATH=${CMAKE_PREFIX_PATH}:/home/zero/f1tenth_ws/install/f1tenth_stack:/home/zero/f1tenth_ws/install/joy_teleop:/home/zero/f1tenth_ws/install/mouse_teleop:/home/zero/f1tenth_ws/install/key_teleop:/home/zero/f1tenth_ws/install/follow_the_gap:/opt/ros/foxy /usr/bin/cmake /home/zero/f1tenth_ws/src/ackermann_mux -DCMAKE_INSTALL_PREFIX=/home/zero/f1tenth_ws/src/install/ackermann_mux
[1.584s] -- The C compiler identification is GNU 8.4.0
[2.599s] -- The CXX compiler identification is GNU 8.4.0
[2.647s] -- Check for working C compiler: /usr/bin/cc
[2.962s] -- Check for working C compiler: /usr/bin/cc -- works
[2.980s] -- Detecting C compiler ABI info
[3.324s] -- Detecting C compiler ABI info - done
[3.373s] -- Detecting C compile features
[3.375s] -- Detecting C compile features - done
[3.392s] -- Check for working CXX compiler: /usr/bin/c++
[3.834s] -- Check for working CXX compiler: /usr/bin/c++ -- works
[3.838s] -- Detecting CXX compiler ABI info
[4.159s] -- Detecting CXX compiler ABI info - done
[4.213s] -- Detecting CXX compile features
[4.215s] -- Detecting CXX compile features - done
[4.352s] -- Found ament_cmake: 0.9.12 (/opt/ros/foxy/share/ament_cmake/cmake)
[4.527s] -- Found PythonInterp: /usr/bin/python3 (found suitable version "3.8.10", minimum required is "3") 
[4.529s] -- Using PYTHON_EXECUTABLE: /usr/bin/python3
[6.106s] -- Found rclcpp: 2.4.3 (/opt/ros/foxy/share/rclcpp/cmake)
[6.552s] -- Using all available rosidl_typesupport_c: rosidl_typesupport_fastrtps_c;rosidl_typesupport_introspection_c
[6.608s] -- Found rosidl_adapter: 1.3.1 (/opt/ros/foxy/share/rosidl_adapter/cmake)
[7.061s] -- Found OpenSSL: /usr/lib/aarch64-linux-gnu/libcrypto.so (found version "1.1.1f")  
[7.189s] -- Found FastRTPS: /opt/ros/foxy/include  
[7.774s] -- Using all available rosidl_typesupport_cpp: rosidl_typesupport_fastrtps_cpp;rosidl_typesupport_introspection_cpp
[8.266s] -- Found rmw_implementation_cmake: 1.0.4 (/opt/ros/foxy/share/rmw_implementation_cmake/cmake)
[8.293s] -- Using RMW implementation 'rmw_fastrtps_cpp' as default
[8.301s] -- Looking for pthread.h
[8.759s] -- Looking for pthread.h - found
[8.761s] -- Performing Test CMAKE_HAVE_LIBC_PTHREAD
[9.053s] -- Performing Test CMAKE_HAVE_LIBC_PTHREAD - Failed
[9.054s] -- Looking for pthread_create in pthreads
[9.367s] -- Looking for pthread_create in pthreads - not found
[9.369s] -- Looking for pthread_create in pthread
[9.656s] -- Looking for pthread_create in pthread - found
[9.662s] -- Found Threads: TRUE  
[10.704s] -- Found ackermann_msgs: 2.0.2 (/opt/ros/foxy/share/ackermann_msgs/cmake)
[10.925s] -- Found diagnostic_updater: 3.1.2 (/opt/ros/foxy/share/diagnostic_updater/cmake)
[11.300s] -- Found ament_lint_auto: 0.9.8 (/opt/ros/foxy/share/ament_lint_auto/cmake)
[11.957s] -- Found python_cmake_module: 0.8.1 (/opt/ros/foxy/share/python_cmake_module/cmake)
[12.059s] -- Found PythonInterp: /usr/bin/python3 (found suitable version "3.8.10", minimum required is "3.5") 
[12.083s] -- Found PythonLibs: /usr/lib/aarch64-linux-gnu/libpython3.8.so (found suitable version "3.8.10", minimum required is "3.5") 
[12.084s] -- Using PYTHON_EXECUTABLE: /usr/bin/python3
[12.085s] -- Using PYTHON_INCLUDE_DIRS: /usr/include/python3.8
[12.085s] -- Using PYTHON_LIBRARIES: /usr/lib/aarch64-linux-gnu/libpython3.8.so
[12.189s] -- Found PythonExtra: .so  
[12.280s] -- Added test 'xmllint' to check XML markup files
[12.283s] -- Added test 'copyright' to check source files copyright and LICENSE
[12.293s] -- Added test 'cppcheck' to perform static code analysis on C / C++ code
[12.294s] -- Configured cppcheck include dirs: /home/zero/f1tenth_ws/src/ackermann_mux/include
[12.294s] -- Configured cppcheck exclude dirs and/or files: 
[12.303s] -- Added test 'cpplint' to check C / C++ code against the Google style
[12.303s] -- Configured cpplint exclude dirs and/or files: 
[12.306s] -- Added test 'flake8' to check Python code syntax and style conventions
[12.310s] -- Added test 'lint_cmake' to check CMake code style
[12.314s] -- Added test 'pep257' to check Python code against some of the style conventions in PEP 257
[12.323s] -- Added test 'uncrustify' to check C / C++ code style
[12.323s] -- Configured uncrustify additional arguments: 
[12.343s] -- Configuring done
[12.378s] -- Generating done
[12.394s] -- Build files have been written to: /home/zero/f1tenth_ws/src/build/ackermann_mux
[12.947s] Invoked command in '/home/zero/f1tenth_ws/src/build/ackermann_mux' returned '0': CMAKE_PREFIX_PATH=${CMAKE_PREFIX_PATH}:/home/zero/f1tenth_ws/install/f1tenth_stack:/home/zero/f1tenth_ws/install/joy_teleop:/home/zero/f1tenth_ws/install/mouse_teleop:/home/zero/f1tenth_ws/install/key_teleop:/home/zero/f1tenth_ws/install/follow_the_gap:/opt/ros/foxy /usr/bin/cmake /home/zero/f1tenth_ws/src/ackermann_mux -DCMAKE_INSTALL_PREFIX=/home/zero/f1tenth_ws/src/install/ackermann_mux
[12.955s] Invoking command in '/home/zero/f1tenth_ws/src/build/ackermann_mux': CMAKE_PREFIX_PATH=${CMAKE_PREFIX_PATH}:/home/zero/f1tenth_ws/install/f1tenth_stack:/home/zero/f1tenth_ws/install/joy_teleop:/home/zero/f1tenth_ws/install/mouse_teleop:/home/zero/f1tenth_ws/install/key_teleop:/home/zero/f1tenth_ws/install/follow_the_gap:/opt/ros/foxy /usr/bin/cmake --build /home/zero/f1tenth_ws/src/build/ackermann_mux -- -j4 -l4
[13.169s] [35m[1mScanning dependencies of target ackermann_mux[0m
[14.052s] [ 25%] [32mBuilding CXX object CMakeFiles/ackermann_mux.dir/src/ackermann_mux.cpp.o[0m
[14.053s] [ 50%] [32mBuilding CXX object CMakeFiles/ackermann_mux.dir/src/ackermann_mux_diagnostics.cpp.o[0m
[14.080s] [ 75%] [32mBuilding CXX object CMakeFiles/ackermann_mux.dir/src/ackermann_mux_node.cpp.o[0m
[57.939s] [100%] [32m[1mLinking CXX executable ackermann_mux[0m
[60.256s] [100%] Built target ackermann_mux
[60.337s] Invoked command in '/home/zero/f1tenth_ws/src/build/ackermann_mux' returned '0': CMAKE_PREFIX_PATH=${CMAKE_PREFIX_PATH}:/home/zero/f1tenth_ws/install/f1tenth_stack:/home/zero/f1tenth_ws/install/joy_teleop:/home/zero/f1tenth_ws/install/mouse_teleop:/home/zero/f1tenth_ws/install/key_teleop:/home/zero/f1tenth_ws/install/follow_the_gap:/opt/ros/foxy /usr/bin/cmake --build /home/zero/f1tenth_ws/src/build/ackermann_mux -- -j4 -l4
[60.339s] Invoking command in '/home/zero/f1tenth_ws/src/build/ackermann_mux': CMAKE_PREFIX_PATH=${CMAKE_PREFIX_PATH}:/home/zero/f1tenth_ws/install/f1tenth_stack:/home/zero/f1tenth_ws/install/joy_teleop:/home/zero/f1tenth_ws/install/mouse_teleop:/home/zero/f1tenth_ws/install/key_teleop:/home/zero/f1tenth_ws/install/follow_the_gap:/opt/ros/foxy /usr/bin/cmake --install /home/zero/f1tenth_ws/src/build/ackermann_mux
[60.418s] -- Install configuration: ""
[60.426s] -- Installing: /home/zero/f1tenth_ws/src/install/ackermann_mux/lib/ackermann_mux/ackermann_mux
[60.474s] -- Set runtime path of "/home/zero/f1tenth_ws/src/install/ackermann_mux/lib/ackermann_mux/ackermann_mux" to ""
[60.475s] -- Installing: /home/zero/f1tenth_ws/src/install/ackermann_mux/share/ackermann_mux/launch
[60.475s] -- Installing: /home/zero/f1tenth_ws/src/install/ackermann_mux/share/ackermann_mux/launch/ackermann_mux_launch.py
[60.485s] -- Installing: /home/zero/f1tenth_ws/src/install/ackermann_mux/share/ackermann_mux/config
[60.485s] -- Installing: /home/zero/f1tenth_ws/src/install/ackermann_mux/share/ackermann_mux/config/ackermann_mux_topics.yaml
[60.487s] -- Installing: /home/zero/f1tenth_ws/src/install/ackermann_mux/share/ackermann_mux/config/ackermann_mux_locks.yaml
[60.489s] -- Installing: /home/zero/f1tenth_ws/src/install/ackermann_mux/share/ackermann_mux/config/joystick.yaml
[60.491s] -- Installing: /home/zero/f1tenth_ws/src/install/ackermann_mux/include
[60.492s] -- Installing: /home/zero/f1tenth_ws/src/install/ackermann_mux/include/ackermann_mux
[60.493s] -- Installing: /home/zero/f1tenth_ws/src/install/ackermann_mux/include/ackermann_mux/params_helpers.hpp
[60.495s] -- Installing: /home/zero/f1tenth_ws/src/install/ackermann_mux/include/ackermann_mux/ackermann_mux.hpp
[60.496s] -- Installing: /home/zero/f1tenth_ws/src/install/ackermann_mux/include/ackermann_mux/ackermann_mux_diagnostics_status.hpp
[60.498s] -- Installing: /home/zero/f1tenth_ws/src/install/ackermann_mux/include/ackermann_mux/ackermann_mux_diagnostics.hpp
[60.499s] -- Installing: /home/zero/f1tenth_ws/src/install/ackermann_mux/include/ackermann_mux/utils.hpp
[60.500s] -- Installing: /home/zero/f1tenth_ws/src/install/ackermann_mux/include/ackermann_mux/topic_handle.hpp
[60.502s] -- Installing: /home/zero/f1tenth_ws/src/install/ackermann_mux/share/ament_index/resource_index/package_run_dependencies/ackermann_mux
[60.504s] -- Installing: /home/zero/f1tenth_ws/src/install/ackermann_mux/share/ament_index/resource_index/parent_prefix_path/ackermann_mux
[60.506s] -- Installing: /home/zero/f1tenth_ws/src/install/ackermann_mux/share/ackermann_mux/environment/ament_prefix_path.sh
[60.508s] -- Installing: /home/zero/f1tenth_ws/src/install/ackermann_mux/share/ackermann_mux/environment/ament_prefix_path.dsv
[60.514s] -- Installing: /home/zero/f1tenth_ws/src/install/ackermann_mux/share/ackermann_mux/environment/path.sh
[60.516s] -- Installing: /home/zero/f1tenth_ws/src/install/ackermann_mux/share/ackermann_mux/environment/path.dsv
[60.520s] -- Installing: /home/zero/f1tenth_ws/src/install/ackermann_mux/share/ackermann_mux/local_setup.bash
[60.522s] -- Installing: /home/zero/f1tenth_ws/src/install/ackermann_mux/share/ackermann_mux/local_setup.sh
[60.526s] -- Installing: /home/zero/f1tenth_ws/src/install/ackermann_mux/share/ackermann_mux/local_setup.zsh
[60.528s] -- Installing: /home/zero/f1tenth_ws/src/install/ackermann_mux/share/ackermann_mux/local_setup.dsv
[60.533s] -- Installing: /home/zero/f1tenth_ws/src/install/ackermann_mux/share/ackermann_mux/package.dsv
[60.535s] -- Installing: /home/zero/f1tenth_ws/src/install/ackermann_mux/share/ament_index/resource_index/packages/ackermann_mux
[60.537s] -- Installing: /home/zero/f1tenth_ws/src/install/ackermann_mux/share/ackermann_mux/cmake/ament_cmake_export_include_directories-extras.cmake
[60.538s] -- Installing: /home/zero/f1tenth_ws/src/install/ackermann_mux/share/ackermann_mux/cmake/ament_cmake_export_dependencies-extras.cmake
[60.538s] -- Installing: /home/zero/f1tenth_ws/src/install/ackermann_mux/share/ackermann_mux/cmake/ackermann_muxConfig.cmake
[60.539s] -- Installing: /home/zero/f1tenth_ws/src/install/ackermann_mux/share/ackermann_mux/cmake/ackermann_muxConfig-version.cmake
[60.540s] -- Installing: /home/zero/f1tenth_ws/src/install/ackermann_mux/share/ackermann_mux/package.xml
[60.552s] Invoked command in '/home/zero/f1tenth_ws/src/build/ackermann_mux' returned '0': CMAKE_PREFIX_PATH=${CMAKE_PREFIX_PATH}:/home/zero/f1tenth_ws/install/f1tenth_stack:/home/zero/f1tenth_ws/install/joy_teleop:/home/zero/f1tenth_ws/install/mouse_teleop:/home/zero/f1tenth_ws/install/key_teleop:/home/zero/f1tenth_ws/install/follow_the_gap:/opt/ros/foxy /usr/bin/cmake --install /home/zero/f1tenth_ws/src/build/ackermann_mux
