[0.188s] Invoking command in '/home/zero/f1tenth_ws/src/build/safety_node': CMAKE_PREFIX_PATH=${CMAKE_PREFIX_PATH}:/home/zero/f1tenth_ws/src/install/f1tenth_stack:/home/zero/f1tenth_ws/src/install/joy_teleop:/home/zero/f1tenth_ws/src/install/mouse_teleop:/home/zero/f1tenth_ws/src/install/key_teleop:/home/zero/f1tenth_ws/src/install/follow_the_gap:/home/zero/f1tenth_ws/install/f1tenth_stack:/home/zero/f1tenth_ws/install/joy_teleop:/home/zero/f1tenth_ws/install/mouse_teleop:/home/zero/f1tenth_ws/install/key_teleop:/home/zero/f1tenth_ws/install/follow_the_gap:/opt/ros/foxy /usr/bin/cmake --build /home/zero/f1tenth_ws/src/build/safety_node -- -j4 -l4
[0.522s] [100%] Built target safety_node
[0.598s] Invoked command in '/home/zero/f1tenth_ws/src/build/safety_node' returned '0': CMAKE_PREFIX_PATH=${CMAKE_PREFIX_PATH}:/home/zero/f1tenth_ws/src/install/f1tenth_stack:/home/zero/f1tenth_ws/src/install/joy_teleop:/home/zero/f1tenth_ws/src/install/mouse_teleop:/home/zero/f1tenth_ws/src/install/key_teleop:/home/zero/f1tenth_ws/src/install/follow_the_gap:/home/zero/f1tenth_ws/install/f1tenth_stack:/home/zero/f1tenth_ws/install/joy_teleop:/home/zero/f1tenth_ws/install/mouse_teleop:/home/zero/f1tenth_ws/install/key_teleop:/home/zero/f1tenth_ws/install/follow_the_gap:/opt/ros/foxy /usr/bin/cmake --build /home/zero/f1tenth_ws/src/build/safety_node -- -j4 -l4
[0.600s] Invoking command in '/home/zero/f1tenth_ws/src/build/safety_node': CMAKE_PREFIX_PATH=${CMAKE_PREFIX_PATH}:/home/zero/f1tenth_ws/src/install/f1tenth_stack:/home/zero/f1tenth_ws/src/install/joy_teleop:/home/zero/f1tenth_ws/src/install/mouse_teleop:/home/zero/f1tenth_ws/src/install/key_teleop:/home/zero/f1tenth_ws/src/install/follow_the_gap:/home/zero/f1tenth_ws/install/f1tenth_stack:/home/zero/f1tenth_ws/install/joy_teleop:/home/zero/f1tenth_ws/install/mouse_teleop:/home/zero/f1tenth_ws/install/key_teleop:/home/zero/f1tenth_ws/install/follow_the_gap:/opt/ros/foxy /usr/bin/cmake --install /home/zero/f1tenth_ws/src/build/safety_node
[0.646s] -- Install configuration: ""
[0.647s] -- Up-to-date: /home/zero/f1tenth_ws/src/install/safety_node/lib/safety_node/safety_node
[0.648s] -- Up-to-date: /home/zero/f1tenth_ws/src/install/safety_node/share/safety_node/environment/pythonpath.sh
[0.648s] -- Up-to-date: /home/zero/f1tenth_ws/src/install/safety_node/share/safety_node/environment/pythonpath.dsv
[0.649s] -- Up-to-date: /home/zero/f1tenth_ws/src/install/safety_node/lib/python3.8/site-packages/safety_node
[0.650s] -- Up-to-date: /home/zero/f1tenth_ws/src/install/safety_node/lib/python3.8/site-packages/safety_node/__init__.py
[0.830s] Listing '/home/zero/f1tenth_ws/src/install/safety_node/lib/python3.8/site-packages/safety_node'...
[0.852s] -- Up-to-date: /home/zero/f1tenth_ws/src/install/safety_node/lib/safety_node/safety_node.py
[0.853s] -- Up-to-date: /home/zero/f1tenth_ws/src/install/safety_node/share/ament_index/resource_index/package_run_dependencies/safety_node
[0.854s] -- Up-to-date: /home/zero/f1tenth_ws/src/install/safety_node/share/ament_index/resource_index/parent_prefix_path/safety_node
[0.854s] -- Up-to-date: /home/zero/f1tenth_ws/src/install/safety_node/share/safety_node/environment/ament_prefix_path.sh
[0.855s] -- Up-to-date: /home/zero/f1tenth_ws/src/install/safety_node/share/safety_node/environment/ament_prefix_path.dsv
[0.855s] -- Up-to-date: /home/zero/f1tenth_ws/src/install/safety_node/share/safety_node/environment/path.sh
[0.856s] -- Up-to-date: /home/zero/f1tenth_ws/src/install/safety_node/share/safety_node/environment/path.dsv
[0.856s] -- Up-to-date: /home/zero/f1tenth_ws/src/install/safety_node/share/safety_node/local_setup.bash
[0.856s] -- Up-to-date: /home/zero/f1tenth_ws/src/install/safety_node/share/safety_node/local_setup.sh
[0.857s] -- Up-to-date: /home/zero/f1tenth_ws/src/install/safety_node/share/safety_node/local_setup.zsh
[0.858s] -- Up-to-date: /home/zero/f1tenth_ws/src/install/safety_node/share/safety_node/local_setup.dsv
[0.858s] -- Installing: /home/zero/f1tenth_ws/src/install/safety_node/share/safety_node/package.dsv
[0.858s] -- Up-to-date: /home/zero/f1tenth_ws/src/install/safety_node/share/ament_index/resource_index/packages/safety_node
[0.859s] -- Up-to-date: /home/zero/f1tenth_ws/src/install/safety_node/share/safety_node/cmake/safety_nodeConfig.cmake
[0.859s] -- Up-to-date: /home/zero/f1tenth_ws/src/install/safety_node/share/safety_node/cmake/safety_nodeConfig-version.cmake
[0.860s] -- Up-to-date: /home/zero/f1tenth_ws/src/install/safety_node/share/safety_node/package.xml
[0.890s] Invoked command in '/home/zero/f1tenth_ws/src/build/safety_node' returned '0': CMAKE_PREFIX_PATH=${CMAKE_PREFIX_PATH}:/home/zero/f1tenth_ws/src/install/f1tenth_stack:/home/zero/f1tenth_ws/src/install/joy_teleop:/home/zero/f1tenth_ws/src/install/mouse_teleop:/home/zero/f1tenth_ws/src/install/key_teleop:/home/zero/f1tenth_ws/src/install/follow_the_gap:/home/zero/f1tenth_ws/install/f1tenth_stack:/home/zero/f1tenth_ws/install/joy_teleop:/home/zero/f1tenth_ws/install/mouse_teleop:/home/zero/f1tenth_ws/install/key_teleop:/home/zero/f1tenth_ws/install/follow_the_gap:/opt/ros/foxy /usr/bin/cmake --install /home/zero/f1tenth_ws/src/build/safety_node
