[0.197s] Invoking command in '/home/zero/f1tenth_ws/src/build/safety_node': CMAKE_PREFIX_PATH=${CMAKE_PREFIX_PATH}:/home/zero/f1tenth_ws/src/install/f1tenth_stack:/home/zero/f1tenth_ws/src/install/joy_teleop:/home/zero/f1tenth_ws/src/install/mouse_teleop:/home/zero/f1tenth_ws/src/install/key_teleop:/home/zero/f1tenth_ws/src/install/follow_the_gap:/home/zero/f1tenth_ws/install/f1tenth_stack:/home/zero/f1tenth_ws/install/joy_teleop:/home/zero/f1tenth_ws/install/mouse_teleop:/home/zero/f1tenth_ws/install/key_teleop:/home/zero/f1tenth_ws/install/follow_the_gap:/opt/ros/foxy /usr/bin/cmake --build /home/zero/f1tenth_ws/src/build/safety_node -- -j4 -l4
[0.510s] [100%] Built target safety_node
[0.601s] Invoked command in '/home/zero/f1tenth_ws/src/build/safety_node' returned '0': CMAKE_PREFIX_PATH=${CMAKE_PREFIX_PATH}:/home/zero/f1tenth_ws/src/install/f1tenth_stack:/home/zero/f1tenth_ws/src/install/joy_teleop:/home/zero/f1tenth_ws/src/install/mouse_teleop:/home/zero/f1tenth_ws/src/install/key_teleop:/home/zero/f1tenth_ws/src/install/follow_the_gap:/home/zero/f1tenth_ws/install/f1tenth_stack:/home/zero/f1tenth_ws/install/joy_teleop:/home/zero/f1tenth_ws/install/mouse_teleop:/home/zero/f1tenth_ws/install/key_teleop:/home/zero/f1tenth_ws/install/follow_the_gap:/opt/ros/foxy /usr/bin/cmake --build /home/zero/f1tenth_ws/src/build/safety_node -- -j4 -l4
[0.608s] Invoking command in '/home/zero/f1tenth_ws/src/build/safety_node': CMAKE_PREFIX_PATH=${CMAKE_PREFIX_PATH}:/home/zero/f1tenth_ws/src/install/f1tenth_stack:/home/zero/f1tenth_ws/src/install/joy_teleop:/home/zero/f1tenth_ws/src/install/mouse_teleop:/home/zero/f1tenth_ws/src/install/key_teleop:/home/zero/f1tenth_ws/src/install/follow_the_gap:/home/zero/f1tenth_ws/install/f1tenth_stack:/home/zero/f1tenth_ws/install/joy_teleop:/home/zero/f1tenth_ws/install/mouse_teleop:/home/zero/f1tenth_ws/install/key_teleop:/home/zero/f1tenth_ws/install/follow_the_gap:/opt/ros/foxy /usr/bin/cmake --install /home/zero/f1tenth_ws/src/build/safety_node
[0.659s] -- Install configuration: ""
[0.661s] -- Up-to-date: /home/zero/f1tenth_ws/src/install/safety_node/lib/safety_node/safety_node
[0.662s] -- Up-to-date: /home/zero/f1tenth_ws/src/install/safety_node/share/safety_node/environment/pythonpath.sh
[0.663s] -- Up-to-date: /home/zero/f1tenth_ws/src/install/safety_node/share/safety_node/environment/pythonpath.dsv
[0.664s] -- Up-to-date: /home/zero/f1tenth_ws/src/install/safety_node/lib/python3.8/site-packages/safety_node
[0.665s] -- Up-to-date: /home/zero/f1tenth_ws/src/install/safety_node/lib/python3.8/site-packages/safety_node/__init__.py
[0.845s] Listing '/home/zero/f1tenth_ws/src/install/safety_node/lib/python3.8/site-packages/safety_node'...
[0.872s] -- Up-to-date: /home/zero/f1tenth_ws/src/install/safety_node/lib/safety_node/safety_node.py
[0.872s] -- Up-to-date: /home/zero/f1tenth_ws/src/install/safety_node/share/ament_index/resource_index/package_run_dependencies/safety_node
[0.873s] -- Up-to-date: /home/zero/f1tenth_ws/src/install/safety_node/share/ament_index/resource_index/parent_prefix_path/safety_node
[0.873s] -- Up-to-date: /home/zero/f1tenth_ws/src/install/safety_node/share/safety_node/environment/ament_prefix_path.sh
[0.874s] -- Up-to-date: /home/zero/f1tenth_ws/src/install/safety_node/share/safety_node/environment/ament_prefix_path.dsv
[0.874s] -- Up-to-date: /home/zero/f1tenth_ws/src/install/safety_node/share/safety_node/environment/path.sh
[0.874s] -- Up-to-date: /home/zero/f1tenth_ws/src/install/safety_node/share/safety_node/environment/path.dsv
[0.875s] -- Up-to-date: /home/zero/f1tenth_ws/src/install/safety_node/share/safety_node/local_setup.bash
[0.875s] -- Up-to-date: /home/zero/f1tenth_ws/src/install/safety_node/share/safety_node/local_setup.sh
[0.876s] -- Up-to-date: /home/zero/f1tenth_ws/src/install/safety_node/share/safety_node/local_setup.zsh
[0.876s] -- Up-to-date: /home/zero/f1tenth_ws/src/install/safety_node/share/safety_node/local_setup.dsv
[0.876s] -- Installing: /home/zero/f1tenth_ws/src/install/safety_node/share/safety_node/package.dsv
[0.880s] -- Up-to-date: /home/zero/f1tenth_ws/src/install/safety_node/share/ament_index/resource_index/packages/safety_node
[0.880s] -- Up-to-date: /home/zero/f1tenth_ws/src/install/safety_node/share/safety_node/cmake/safety_nodeConfig.cmake
[0.881s] -- Up-to-date: /home/zero/f1tenth_ws/src/install/safety_node/share/safety_node/cmake/safety_nodeConfig-version.cmake
[0.884s] -- Up-to-date: /home/zero/f1tenth_ws/src/install/safety_node/share/safety_node/package.xml
[0.895s] Invoked command in '/home/zero/f1tenth_ws/src/build/safety_node' returned '0': CMAKE_PREFIX_PATH=${CMAKE_PREFIX_PATH}:/home/zero/f1tenth_ws/src/install/f1tenth_stack:/home/zero/f1tenth_ws/src/install/joy_teleop:/home/zero/f1tenth_ws/src/install/mouse_teleop:/home/zero/f1tenth_ws/src/install/key_teleop:/home/zero/f1tenth_ws/src/install/follow_the_gap:/home/zero/f1tenth_ws/install/f1tenth_stack:/home/zero/f1tenth_ws/install/joy_teleop:/home/zero/f1tenth_ws/install/mouse_teleop:/home/zero/f1tenth_ws/install/key_teleop:/home/zero/f1tenth_ws/install/follow_the_gap:/opt/ros/foxy /usr/bin/cmake --install /home/zero/f1tenth_ws/src/build/safety_node
