[0.091s] Invoking command in '/home/zero/f1tenth_ws/src/build/sllidar_ros2': CMAKE_PREFIX_PATH=${CMAKE_PREFIX_PATH}:/home/zero/f1tenth_ws/install/f1tenth_stack:/home/zero/f1tenth_ws/install/joy_teleop:/home/zero/f1tenth_ws/install/mouse_teleop:/home/zero/f1tenth_ws/install/key_teleop:/home/zero/f1tenth_ws/install/follow_the_gap:/opt/ros/foxy /usr/bin/cmake --build /home/zero/f1tenth_ws/src/build/sllidar_ros2 -- -j4 -l4
[0.696s] [ 10%] Built target sllidar_client
[0.762s] [100%] Built target sllidar_node
[0.816s] Invoked command in '/home/zero/f1tenth_ws/src/build/sllidar_ros2' returned '0': CMAKE_PREFIX_PATH=${CMAKE_PREFIX_PATH}:/home/zero/f1tenth_ws/install/f1tenth_stack:/home/zero/f1tenth_ws/install/joy_teleop:/home/zero/f1tenth_ws/install/mouse_teleop:/home/zero/f1tenth_ws/install/key_teleop:/home/zero/f1tenth_ws/install/follow_the_gap:/opt/ros/foxy /usr/bin/cmake --build /home/zero/f1tenth_ws/src/build/sllidar_ros2 -- -j4 -l4
[0.827s] Invoking command in '/home/zero/f1tenth_ws/src/build/sllidar_ros2': CMAKE_PREFIX_PATH=${CMAKE_PREFIX_PATH}:/home/zero/f1tenth_ws/install/f1tenth_stack:/home/zero/f1tenth_ws/install/joy_teleop:/home/zero/f1tenth_ws/install/mouse_teleop:/home/zero/f1tenth_ws/install/key_teleop:/home/zero/f1tenth_ws/install/follow_the_gap:/opt/ros/foxy /usr/bin/cmake --install /home/zero/f1tenth_ws/src/build/sllidar_ros2
[0.866s] -- Install configuration: ""
[0.867s] -- Up-to-date: /home/zero/f1tenth_ws/src/install/sllidar_ros2/share/sllidar_ros2/launch
[0.868s] -- Up-to-date: /home/zero/f1tenth_ws/src/install/sllidar_ros2/share/sllidar_ros2/launch/view_sllidar_a2m8_launch.py
[0.868s] -- Up-to-date: /home/zero/f1tenth_ws/src/install/sllidar_ros2/share/sllidar_ros2/launch/view_sllidar_s2e_launch.py
[0.869s] -- Up-to-date: /home/zero/f1tenth_ws/src/install/sllidar_ros2/share/sllidar_ros2/launch/sllidar_s1_launch.py
[0.869s] -- Up-to-date: /home/zero/f1tenth_ws/src/install/sllidar_ros2/share/sllidar_ros2/launch/sllidar_a2m7_launch.py
[0.870s] -- Up-to-date: /home/zero/f1tenth_ws/src/install/sllidar_ros2/share/sllidar_ros2/launch/sllidar_c1_launch.py
[0.870s] -- Up-to-date: /home/zero/f1tenth_ws/src/install/sllidar_ros2/share/sllidar_ros2/launch/view_sllidar_s3_launch.py
[0.871s] -- Up-to-date: /home/zero/f1tenth_ws/src/install/sllidar_ros2/share/sllidar_ros2/launch/view_sllidar_s1_launch.py
[0.871s] -- Up-to-date: /home/zero/f1tenth_ws/src/install/sllidar_ros2/share/sllidar_ros2/launch/view_sllidar_a2m12_launch.py
[0.872s] -- Up-to-date: /home/zero/f1tenth_ws/src/install/sllidar_ros2/share/sllidar_ros2/launch/sllidar_s2_launch.py
[0.872s] -- Up-to-date: /home/zero/f1tenth_ws/src/install/sllidar_ros2/share/sllidar_ros2/launch/sllidar_s2e_launch.py
[0.872s] -- Up-to-date: /home/zero/f1tenth_ws/src/install/sllidar_ros2/share/sllidar_ros2/launch/sllidar_a2m12_launch .py
[0.873s] -- Up-to-date: /home/zero/f1tenth_ws/src/install/sllidar_ros2/share/sllidar_ros2/launch/view_sllidar_a2m7_launch.py
[0.873s] -- Up-to-date: /home/zero/f1tenth_ws/src/install/sllidar_ros2/share/sllidar_ros2/launch/sllidar_a3_launch.py
[0.874s] -- Up-to-date: /home/zero/f1tenth_ws/src/install/sllidar_ros2/share/sllidar_ros2/launch/sllidar_a2m8_launch.py
[0.874s] -- Up-to-date: /home/zero/f1tenth_ws/src/install/sllidar_ros2/share/sllidar_ros2/launch/view_sllidar_a3_launch.py
[0.875s] -- Up-to-date: /home/zero/f1tenth_ws/src/install/sllidar_ros2/share/sllidar_ros2/launch/sllidar_s1_tcp_launch.py
[0.875s] -- Up-to-date: /home/zero/f1tenth_ws/src/install/sllidar_ros2/share/sllidar_ros2/launch/sllidar_a1_launch.py
[0.876s] -- Up-to-date: /home/zero/f1tenth_ws/src/install/sllidar_ros2/share/sllidar_ros2/launch/sllidar_s3_launch.py
[0.876s] -- Up-to-date: /home/zero/f1tenth_ws/src/install/sllidar_ros2/share/sllidar_ros2/launch/view_sllidar_s2_launch.py
[0.877s] -- Up-to-date: /home/zero/f1tenth_ws/src/install/sllidar_ros2/share/sllidar_ros2/launch/view_sllidar_t1_launch.py
[0.877s] -- Up-to-date: /home/zero/f1tenth_ws/src/install/sllidar_ros2/share/sllidar_ros2/launch/view_sllidar_c1_launch.py
[0.878s] -- Up-to-date: /home/zero/f1tenth_ws/src/install/sllidar_ros2/share/sllidar_ros2/launch/view_sllidar_s1_tcp_launch.py
[0.878s] -- Up-to-date: /home/zero/f1tenth_ws/src/install/sllidar_ros2/share/sllidar_ros2/launch/view_sllidar_a1_launch.py
[0.879s] -- Up-to-date: /home/zero/f1tenth_ws/src/install/sllidar_ros2/share/sllidar_ros2/launch/sllidar_t1_launch.py
[0.879s] -- Up-to-date: /home/zero/f1tenth_ws/src/install/sllidar_ros2/share/sllidar_ros2/rviz
[0.880s] -- Up-to-date: /home/zero/f1tenth_ws/src/install/sllidar_ros2/share/sllidar_ros2/rviz/sllidar_ros2.rviz
[0.880s] -- Up-to-date: /home/zero/f1tenth_ws/src/install/sllidar_ros2/lib/sllidar_ros2/sllidar_node
[0.881s] -- Up-to-date: /home/zero/f1tenth_ws/src/install/sllidar_ros2/lib/sllidar_ros2/sllidar_client
[0.881s] -- Up-to-date: /home/zero/f1tenth_ws/src/install/sllidar_ros2/share/ament_index/resource_index/package_run_dependencies/sllidar_ros2
[0.893s] -- Up-to-date: /home/zero/f1tenth_ws/src/install/sllidar_ros2/share/ament_index/resource_index/parent_prefix_path/sllidar_ros2
[0.894s] -- Up-to-date: /home/zero/f1tenth_ws/src/install/sllidar_ros2/share/sllidar_ros2/environment/ament_prefix_path.sh
[0.895s] -- Up-to-date: /home/zero/f1tenth_ws/src/install/sllidar_ros2/share/sllidar_ros2/environment/ament_prefix_path.dsv
[0.896s] -- Up-to-date: /home/zero/f1tenth_ws/src/install/sllidar_ros2/share/sllidar_ros2/environment/path.sh
[0.897s] -- Up-to-date: /home/zero/f1tenth_ws/src/install/sllidar_ros2/share/sllidar_ros2/environment/path.dsv
[0.898s] -- Up-to-date: /home/zero/f1tenth_ws/src/install/sllidar_ros2/share/sllidar_ros2/local_setup.bash
[0.898s] -- Up-to-date: /home/zero/f1tenth_ws/src/install/sllidar_ros2/share/sllidar_ros2/local_setup.sh
[0.899s] -- Up-to-date: /home/zero/f1tenth_ws/src/install/sllidar_ros2/share/sllidar_ros2/local_setup.zsh
[0.900s] -- Up-to-date: /home/zero/f1tenth_ws/src/install/sllidar_ros2/share/sllidar_ros2/local_setup.dsv
[0.900s] -- Installing: /home/zero/f1tenth_ws/src/install/sllidar_ros2/share/sllidar_ros2/package.dsv
[0.901s] -- Up-to-date: /home/zero/f1tenth_ws/src/install/sllidar_ros2/share/ament_index/resource_index/packages/sllidar_ros2
[0.902s] -- Up-to-date: /home/zero/f1tenth_ws/src/install/sllidar_ros2/share/sllidar_ros2/cmake/ament_cmake_export_dependencies-extras.cmake
[0.903s] -- Up-to-date: /home/zero/f1tenth_ws/src/install/sllidar_ros2/share/sllidar_ros2/cmake/ament_cmake_export_include_directories-extras.cmake
[0.905s] -- Up-to-date: /home/zero/f1tenth_ws/src/install/sllidar_ros2/share/sllidar_ros2/cmake/sllidar_ros2Config.cmake
[0.908s] -- Up-to-date: /home/zero/f1tenth_ws/src/install/sllidar_ros2/share/sllidar_ros2/cmake/sllidar_ros2Config-version.cmake
[0.909s] -- Up-to-date: /home/zero/f1tenth_ws/src/install/sllidar_ros2/share/sllidar_ros2/package.xml
[0.910s] Invoked command in '/home/zero/f1tenth_ws/src/build/sllidar_ros2' returned '0': CMAKE_PREFIX_PATH=${CMAKE_PREFIX_PATH}:/home/zero/f1tenth_ws/install/f1tenth_stack:/home/zero/f1tenth_ws/install/joy_teleop:/home/zero/f1tenth_ws/install/mouse_teleop:/home/zero/f1tenth_ws/install/key_teleop:/home/zero/f1tenth_ws/install/follow_the_gap:/opt/ros/foxy /usr/bin/cmake --install /home/zero/f1tenth_ws/src/build/sllidar_ros2
