[0.146s] Invoking command in '/home/zero/f1tenth_ws/src/build/teleop_tools_msgs': CMAKE_PREFIX_PATH=${CMAKE_PREFIX_PATH}:/home/zero/f1tenth_ws/src/install/f1tenth_stack:/home/zero/f1tenth_ws/src/install/joy_teleop:/home/zero/f1tenth_ws/src/install/mouse_teleop:/home/zero/f1tenth_ws/src/install/key_teleop:/home/zero/f1tenth_ws/src/install/follow_the_gap:/home/zero/f1tenth_ws/install/f1tenth_stack:/home/zero/f1tenth_ws/install/joy_teleop:/home/zero/f1tenth_ws/install/mouse_teleop:/home/zero/f1tenth_ws/install/key_teleop:/home/zero/f1tenth_ws/install/follow_the_gap:/opt/ros/foxy /usr/bin/cmake --build /home/zero/f1tenth_ws/src/build/teleop_tools_msgs -- -j4 -l4
[0.516s] [  3%] Built target teleop_tools_msgs__cpp
[0.532s] [ 12%] Built target teleop_tools_msgs__rosidl_generator_c
[0.745s] [ 22%] Built target teleop_tools_msgs__rosidl_typesupport_introspection_cpp
[0.809s] [ 32%] Built target teleop_tools_msgs__rosidl_typesupport_cpp
[0.830s] [ 41%] Built target teleop_tools_msgs__rosidl_typesupport_introspection_c
[0.874s] [ 51%] Built target teleop_tools_msgs__rosidl_typesupport_fastrtps_cpp
[0.895s] [ 61%] Built target teleop_tools_msgs__rosidl_typesupport_c
[1.011s] [ 70%] Built target teleop_tools_msgs__rosidl_typesupport_fastrtps_c
[1.093s] [ 70%] Built target teleop_tools_msgs
[1.178s] [ 74%] Built target teleop_tools_msgs__py
[1.303s] [ 80%] Built target teleop_tools_msgs__python
[1.537s] [ 87%] Built target teleop_tools_msgs__rosidl_typesupport_fastrtps_c__pyext
[1.539s] [ 93%] Built target teleop_tools_msgs__rosidl_typesupport_introspection_c__pyext
[1.555s] [100%] Built target teleop_tools_msgs__rosidl_typesupport_c__pyext
[1.857s] Invoked command in '/home/zero/f1tenth_ws/src/build/teleop_tools_msgs' returned '0': CMAKE_PREFIX_PATH=${CMAKE_PREFIX_PATH}:/home/zero/f1tenth_ws/src/install/f1tenth_stack:/home/zero/f1tenth_ws/src/install/joy_teleop:/home/zero/f1tenth_ws/src/install/mouse_teleop:/home/zero/f1tenth_ws/src/install/key_teleop:/home/zero/f1tenth_ws/src/install/follow_the_gap:/home/zero/f1tenth_ws/install/f1tenth_stack:/home/zero/f1tenth_ws/install/joy_teleop:/home/zero/f1tenth_ws/install/mouse_teleop:/home/zero/f1tenth_ws/install/key_teleop:/home/zero/f1tenth_ws/install/follow_the_gap:/opt/ros/foxy /usr/bin/cmake --build /home/zero/f1tenth_ws/src/build/teleop_tools_msgs -- -j4 -l4
[1.865s] Invoking command in '/home/zero/f1tenth_ws/src/build/teleop_tools_msgs': CMAKE_PREFIX_PATH=${CMAKE_PREFIX_PATH}:/home/zero/f1tenth_ws/src/install/f1tenth_stack:/home/zero/f1tenth_ws/src/install/joy_teleop:/home/zero/f1tenth_ws/src/install/mouse_teleop:/home/zero/f1tenth_ws/src/install/key_teleop:/home/zero/f1tenth_ws/src/install/follow_the_gap:/home/zero/f1tenth_ws/install/f1tenth_stack:/home/zero/f1tenth_ws/install/joy_teleop:/home/zero/f1tenth_ws/install/mouse_teleop:/home/zero/f1tenth_ws/install/key_teleop:/home/zero/f1tenth_ws/install/follow_the_gap:/opt/ros/foxy /usr/bin/cmake --install /home/zero/f1tenth_ws/src/build/teleop_tools_msgs
[1.972s] -- Install configuration: ""
[1.973s] -- Up-to-date: /home/zero/f1tenth_ws/src/install/teleop_tools_msgs/share/ament_index/resource_index/rosidl_interfaces/teleop_tools_msgs
[1.973s] -- Up-to-date: /home/zero/f1tenth_ws/src/install/teleop_tools_msgs/include/teleop_tools_msgs
[1.974s] -- Up-to-date: /home/zero/f1tenth_ws/src/install/teleop_tools_msgs/include/teleop_tools_msgs/msg
[1.974s] -- Up-to-date: /home/zero/f1tenth_ws/src/install/teleop_tools_msgs/include/teleop_tools_msgs/msg/rosidl_generator_c__visibility_control.h
[1.974s] -- Up-to-date: /home/zero/f1tenth_ws/src/install/teleop_tools_msgs/include/teleop_tools_msgs/action
[1.975s] -- Up-to-date: /home/zero/f1tenth_ws/src/install/teleop_tools_msgs/include/teleop_tools_msgs/action/increment.h
[1.975s] -- Up-to-date: /home/zero/f1tenth_ws/src/install/teleop_tools_msgs/include/teleop_tools_msgs/action/detail
[1.976s] -- Up-to-date: /home/zero/f1tenth_ws/src/install/teleop_tools_msgs/include/teleop_tools_msgs/action/detail/increment__struct.h
[1.995s] -- Up-to-date: /home/zero/f1tenth_ws/src/install/teleop_tools_msgs/include/teleop_tools_msgs/action/detail/increment__functions.c
[1.995s] -- Up-to-date: /home/zero/f1tenth_ws/src/install/teleop_tools_msgs/include/teleop_tools_msgs/action/detail/increment__functions.h
[1.996s] -- Up-to-date: /home/zero/f1tenth_ws/src/install/teleop_tools_msgs/include/teleop_tools_msgs/action/detail/increment__type_support.h
[1.997s] -- Up-to-date: /home/zero/f1tenth_ws/src/install/teleop_tools_msgs/share/teleop_tools_msgs/environment/library_path.sh
[2.010s] -- Up-to-date: /home/zero/f1tenth_ws/src/install/teleop_tools_msgs/share/teleop_tools_msgs/environment/library_path.dsv
[2.011s] -- Up-to-date: /home/zero/f1tenth_ws/src/install/teleop_tools_msgs/lib/libteleop_tools_msgs__rosidl_generator_c.so
[2.011s] -- Up-to-date: /home/zero/f1tenth_ws/src/install/teleop_tools_msgs/include/teleop_tools_msgs
[2.012s] -- Up-to-date: /home/zero/f1tenth_ws/src/install/teleop_tools_msgs/include/teleop_tools_msgs/msg
[2.026s] -- Up-to-date: /home/zero/f1tenth_ws/src/install/teleop_tools_msgs/include/teleop_tools_msgs/msg/rosidl_typesupport_fastrtps_c__visibility_control.h
[2.027s] -- Up-to-date: /home/zero/f1tenth_ws/src/install/teleop_tools_msgs/include/teleop_tools_msgs/action
[2.028s] -- Up-to-date: /home/zero/f1tenth_ws/src/install/teleop_tools_msgs/include/teleop_tools_msgs/action/detail
[2.028s] -- Up-to-date: /home/zero/f1tenth_ws/src/install/teleop_tools_msgs/include/teleop_tools_msgs/action/detail/increment__rosidl_typesupport_fastrtps_c.h
[2.029s] -- Up-to-date: /home/zero/f1tenth_ws/src/install/teleop_tools_msgs/lib/libteleop_tools_msgs__rosidl_typesupport_fastrtps_c.so
[2.030s] -- Up-to-date: /home/zero/f1tenth_ws/src/install/teleop_tools_msgs/include/teleop_tools_msgs
[2.030s] -- Up-to-date: /home/zero/f1tenth_ws/src/install/teleop_tools_msgs/include/teleop_tools_msgs/msg
[2.030s] -- Up-to-date: /home/zero/f1tenth_ws/src/install/teleop_tools_msgs/include/teleop_tools_msgs/msg/rosidl_typesupport_fastrtps_cpp__visibility_control.h
[2.031s] -- Up-to-date: /home/zero/f1tenth_ws/src/install/teleop_tools_msgs/include/teleop_tools_msgs/action
[2.032s] -- Up-to-date: /home/zero/f1tenth_ws/src/install/teleop_tools_msgs/include/teleop_tools_msgs/action/detail
[2.033s] -- Up-to-date: /home/zero/f1tenth_ws/src/install/teleop_tools_msgs/include/teleop_tools_msgs/action/detail/dds_fastrtps
[2.033s] -- Up-to-date: /home/zero/f1tenth_ws/src/install/teleop_tools_msgs/include/teleop_tools_msgs/action/detail/increment__rosidl_typesupport_fastrtps_cpp.hpp
[2.034s] -- Up-to-date: /home/zero/f1tenth_ws/src/install/teleop_tools_msgs/lib/libteleop_tools_msgs__rosidl_typesupport_fastrtps_cpp.so
[2.034s] -- Up-to-date: /home/zero/f1tenth_ws/src/install/teleop_tools_msgs/include/teleop_tools_msgs
[2.035s] -- Up-to-date: /home/zero/f1tenth_ws/src/install/teleop_tools_msgs/include/teleop_tools_msgs/msg
[2.035s] -- Up-to-date: /home/zero/f1tenth_ws/src/install/teleop_tools_msgs/include/teleop_tools_msgs/msg/rosidl_typesupport_introspection_c__visibility_control.h
[2.035s] -- Up-to-date: /home/zero/f1tenth_ws/src/install/teleop_tools_msgs/include/teleop_tools_msgs/action
[2.036s] -- Up-to-date: /home/zero/f1tenth_ws/src/install/teleop_tools_msgs/include/teleop_tools_msgs/action/detail
[2.036s] -- Up-to-date: /home/zero/f1tenth_ws/src/install/teleop_tools_msgs/include/teleop_tools_msgs/action/detail/increment__type_support.c
[2.049s] -- Up-to-date: /home/zero/f1tenth_ws/src/install/teleop_tools_msgs/include/teleop_tools_msgs/action/detail/increment__rosidl_typesupport_introspection_c.h
[2.049s] -- Up-to-date: /home/zero/f1tenth_ws/src/install/teleop_tools_msgs/lib/libteleop_tools_msgs__rosidl_typesupport_introspection_c.so
[2.050s] -- Up-to-date: /home/zero/f1tenth_ws/src/install/teleop_tools_msgs/lib/libteleop_tools_msgs__rosidl_typesupport_c.so
[2.050s] -- Up-to-date: /home/zero/f1tenth_ws/src/install/teleop_tools_msgs/include/teleop_tools_msgs
[2.051s] -- Up-to-date: /home/zero/f1tenth_ws/src/install/teleop_tools_msgs/include/teleop_tools_msgs/msg
[2.051s] -- Up-to-date: /home/zero/f1tenth_ws/src/install/teleop_tools_msgs/include/teleop_tools_msgs/msg/rosidl_generator_cpp__visibility_control.hpp
[2.051s] -- Up-to-date: /home/zero/f1tenth_ws/src/install/teleop_tools_msgs/include/teleop_tools_msgs/action
[2.052s] -- Up-to-date: /home/zero/f1tenth_ws/src/install/teleop_tools_msgs/include/teleop_tools_msgs/action/increment.hpp
[2.052s] -- Up-to-date: /home/zero/f1tenth_ws/src/install/teleop_tools_msgs/include/teleop_tools_msgs/action/detail
[2.053s] -- Up-to-date: /home/zero/f1tenth_ws/src/install/teleop_tools_msgs/include/teleop_tools_msgs/action/detail/increment__struct.hpp
[2.053s] -- Up-to-date: /home/zero/f1tenth_ws/src/install/teleop_tools_msgs/include/teleop_tools_msgs/action/detail/increment__builder.hpp
[2.054s] -- Up-to-date: /home/zero/f1tenth_ws/src/install/teleop_tools_msgs/include/teleop_tools_msgs/action/detail/increment__traits.hpp
[2.054s] -- Up-to-date: /home/zero/f1tenth_ws/src/install/teleop_tools_msgs/include/teleop_tools_msgs/action/detail/increment__type_support.hpp
[2.054s] -- Up-to-date: /home/zero/f1tenth_ws/src/install/teleop_tools_msgs/include/teleop_tools_msgs
[2.055s] -- Up-to-date: /home/zero/f1tenth_ws/src/install/teleop_tools_msgs/include/teleop_tools_msgs/action
[2.055s] -- Up-to-date: /home/zero/f1tenth_ws/src/install/teleop_tools_msgs/include/teleop_tools_msgs/action/detail
[2.056s] -- Up-to-date: /home/zero/f1tenth_ws/src/install/teleop_tools_msgs/include/teleop_tools_msgs/action/detail/increment__type_support.cpp
[2.056s] -- Up-to-date: /home/zero/f1tenth_ws/src/install/teleop_tools_msgs/include/teleop_tools_msgs/action/detail/increment__rosidl_typesupport_introspection_cpp.hpp
[2.056s] -- Up-to-date: /home/zero/f1tenth_ws/src/install/teleop_tools_msgs/lib/libteleop_tools_msgs__rosidl_typesupport_introspection_cpp.so
[2.057s] -- Up-to-date: /home/zero/f1tenth_ws/src/install/teleop_tools_msgs/lib/libteleop_tools_msgs__rosidl_typesupport_cpp.so
[2.057s] -- Up-to-date: /home/zero/f1tenth_ws/src/install/teleop_tools_msgs/share/teleop_tools_msgs/environment/pythonpath.sh
[2.058s] -- Up-to-date: /home/zero/f1tenth_ws/src/install/teleop_tools_msgs/share/teleop_tools_msgs/environment/pythonpath.dsv
[2.058s] -- Up-to-date: /home/zero/f1tenth_ws/src/install/teleop_tools_msgs/lib/python3.8/site-packages/teleop_tools_msgs/__init__.py
[2.175s] -- Up-to-date: /home/zero/f1tenth_ws/src/install/teleop_tools_msgs/lib/python3.8/site-packages/teleop_tools_msgs/action
[2.176s] -- Up-to-date: /home/zero/f1tenth_ws/src/install/teleop_tools_msgs/lib/python3.8/site-packages/teleop_tools_msgs/action/__init__.py
[2.178s] -- Up-to-date: /home/zero/f1tenth_ws/src/install/teleop_tools_msgs/lib/python3.8/site-packages/teleop_tools_msgs/action/_increment.py
[2.178s] -- Up-to-date: /home/zero/f1tenth_ws/src/install/teleop_tools_msgs/lib/python3.8/site-packages/teleop_tools_msgs/action/_increment_s.c
[2.184s] -- Up-to-date: /home/zero/f1tenth_ws/src/install/teleop_tools_msgs/lib/python3.8/site-packages/teleop_tools_msgs/teleop_tools_msgs_s__rosidl_typesupport_fastrtps_c.cpython-38-aarch64-linux-gnu.so
[2.185s] -- Up-to-date: /home/zero/f1tenth_ws/src/install/teleop_tools_msgs/lib/python3.8/site-packages/teleop_tools_msgs/teleop_tools_msgs_s__rosidl_typesupport_introspection_c.cpython-38-aarch64-linux-gnu.so
[2.187s] -- Up-to-date: /home/zero/f1tenth_ws/src/install/teleop_tools_msgs/lib/python3.8/site-packages/teleop_tools_msgs/teleop_tools_msgs_s__rosidl_typesupport_c.cpython-38-aarch64-linux-gnu.so
[2.187s] -- Up-to-date: /home/zero/f1tenth_ws/src/install/teleop_tools_msgs/lib/libteleop_tools_msgs__python.so
[2.190s] -- Up-to-date: /home/zero/f1tenth_ws/src/install/teleop_tools_msgs/share/teleop_tools_msgs/action/Increment.idl
[2.190s] -- Up-to-date: /home/zero/f1tenth_ws/src/install/teleop_tools_msgs/share/teleop_tools_msgs/action/Increment.action
[2.191s] -- Up-to-date: /home/zero/f1tenth_ws/src/install/teleop_tools_msgs/share/ament_index/resource_index/package_run_dependencies/teleop_tools_msgs
[2.191s] -- Up-to-date: /home/zero/f1tenth_ws/src/install/teleop_tools_msgs/share/ament_index/resource_index/parent_prefix_path/teleop_tools_msgs
[2.191s] -- Up-to-date: /home/zero/f1tenth_ws/src/install/teleop_tools_msgs/share/teleop_tools_msgs/environment/ament_prefix_path.sh
[2.192s] -- Up-to-date: /home/zero/f1tenth_ws/src/install/teleop_tools_msgs/share/teleop_tools_msgs/environment/ament_prefix_path.dsv
[2.192s] -- Up-to-date: /home/zero/f1tenth_ws/src/install/teleop_tools_msgs/share/teleop_tools_msgs/environment/path.sh
[2.193s] -- Up-to-date: /home/zero/f1tenth_ws/src/install/teleop_tools_msgs/share/teleop_tools_msgs/environment/path.dsv
[2.193s] -- Up-to-date: /home/zero/f1tenth_ws/src/install/teleop_tools_msgs/share/teleop_tools_msgs/local_setup.bash
[2.194s] -- Up-to-date: /home/zero/f1tenth_ws/src/install/teleop_tools_msgs/share/teleop_tools_msgs/local_setup.sh
[2.194s] -- Up-to-date: /home/zero/f1tenth_ws/src/install/teleop_tools_msgs/share/teleop_tools_msgs/local_setup.zsh
[2.194s] -- Up-to-date: /home/zero/f1tenth_ws/src/install/teleop_tools_msgs/share/teleop_tools_msgs/local_setup.dsv
[2.195s] -- Installing: /home/zero/f1tenth_ws/src/install/teleop_tools_msgs/share/teleop_tools_msgs/package.dsv
[2.195s] -- Up-to-date: /home/zero/f1tenth_ws/src/install/teleop_tools_msgs/share/ament_index/resource_index/packages/teleop_tools_msgs
[2.196s] -- Up-to-date: /home/zero/f1tenth_ws/src/install/teleop_tools_msgs/share/teleop_tools_msgs/cmake/teleop_tools_msgs__rosidl_generator_cExport.cmake
[2.196s] -- Up-to-date: /home/zero/f1tenth_ws/src/install/teleop_tools_msgs/share/teleop_tools_msgs/cmake/teleop_tools_msgs__rosidl_generator_cExport-noconfig.cmake
[2.196s] -- Up-to-date: /home/zero/f1tenth_ws/src/install/teleop_tools_msgs/share/teleop_tools_msgs/cmake/teleop_tools_msgs__rosidl_typesupport_introspection_cExport.cmake
[2.197s] -- Up-to-date: /home/zero/f1tenth_ws/src/install/teleop_tools_msgs/share/teleop_tools_msgs/cmake/teleop_tools_msgs__rosidl_typesupport_introspection_cExport-noconfig.cmake
[2.197s] -- Up-to-date: /home/zero/f1tenth_ws/src/install/teleop_tools_msgs/share/teleop_tools_msgs/cmake/teleop_tools_msgs__rosidl_typesupport_cExport.cmake
[2.198s] -- Up-to-date: /home/zero/f1tenth_ws/src/install/teleop_tools_msgs/share/teleop_tools_msgs/cmake/teleop_tools_msgs__rosidl_typesupport_cExport-noconfig.cmake
[2.198s] -- Up-to-date: /home/zero/f1tenth_ws/src/install/teleop_tools_msgs/share/teleop_tools_msgs/cmake/teleop_tools_msgs__rosidl_generator_cppExport.cmake
[2.198s] -- Up-to-date: /home/zero/f1tenth_ws/src/install/teleop_tools_msgs/share/teleop_tools_msgs/cmake/teleop_tools_msgs__rosidl_typesupport_introspection_cppExport.cmake
[2.199s] -- Up-to-date: /home/zero/f1tenth_ws/src/install/teleop_tools_msgs/share/teleop_tools_msgs/cmake/teleop_tools_msgs__rosidl_typesupport_introspection_cppExport-noconfig.cmake
[2.199s] -- Up-to-date: /home/zero/f1tenth_ws/src/install/teleop_tools_msgs/share/teleop_tools_msgs/cmake/teleop_tools_msgs__rosidl_typesupport_cppExport.cmake
[2.199s] -- Up-to-date: /home/zero/f1tenth_ws/src/install/teleop_tools_msgs/share/teleop_tools_msgs/cmake/teleop_tools_msgs__rosidl_typesupport_cppExport-noconfig.cmake
[2.200s] -- Up-to-date: /home/zero/f1tenth_ws/src/install/teleop_tools_msgs/share/teleop_tools_msgs/cmake/rosidl_cmake-extras.cmake
[2.200s] -- Up-to-date: /home/zero/f1tenth_ws/src/install/teleop_tools_msgs/share/teleop_tools_msgs/cmake/ament_cmake_export_dependencies-extras.cmake
[2.200s] -- Up-to-date: /home/zero/f1tenth_ws/src/install/teleop_tools_msgs/share/teleop_tools_msgs/cmake/ament_cmake_export_libraries-extras.cmake
[2.201s] -- Up-to-date: /home/zero/f1tenth_ws/src/install/teleop_tools_msgs/share/teleop_tools_msgs/cmake/ament_cmake_export_targets-extras.cmake
[2.201s] -- Up-to-date: /home/zero/f1tenth_ws/src/install/teleop_tools_msgs/share/teleop_tools_msgs/cmake/ament_cmake_export_include_directories-extras.cmake
[2.202s] -- Up-to-date: /home/zero/f1tenth_ws/src/install/teleop_tools_msgs/share/teleop_tools_msgs/cmake/rosidl_cmake_export_typesupport_libraries-extras.cmake
[2.202s] -- Up-to-date: /home/zero/f1tenth_ws/src/install/teleop_tools_msgs/share/teleop_tools_msgs/cmake/rosidl_cmake_export_typesupport_targets-extras.cmake
[2.202s] -- Up-to-date: /home/zero/f1tenth_ws/src/install/teleop_tools_msgs/share/teleop_tools_msgs/cmake/teleop_tools_msgsConfig.cmake
[2.203s] -- Up-to-date: /home/zero/f1tenth_ws/src/install/teleop_tools_msgs/share/teleop_tools_msgs/cmake/teleop_tools_msgsConfig-version.cmake
[2.203s] -- Up-to-date: /home/zero/f1tenth_ws/src/install/teleop_tools_msgs/share/teleop_tools_msgs/package.xml
[3.675s] Invoked command in '/home/zero/f1tenth_ws/src/build/teleop_tools_msgs' returned '0': CMAKE_PREFIX_PATH=${CMAKE_PREFIX_PATH}:/home/zero/f1tenth_ws/src/install/f1tenth_stack:/home/zero/f1tenth_ws/src/install/joy_teleop:/home/zero/f1tenth_ws/src/install/mouse_teleop:/home/zero/f1tenth_ws/src/install/key_teleop:/home/zero/f1tenth_ws/src/install/follow_the_gap:/home/zero/f1tenth_ws/install/f1tenth_stack:/home/zero/f1tenth_ws/install/joy_teleop:/home/zero/f1tenth_ws/install/mouse_teleop:/home/zero/f1tenth_ws/install/key_teleop:/home/zero/f1tenth_ws/install/follow_the_gap:/opt/ros/foxy /usr/bin/cmake --install /home/zero/f1tenth_ws/src/build/teleop_tools_msgs
