[0.083s] Invoking command in '/home/zero/f1tenth_ws/src/build/vesc': AMENT_PREFIX_PATH=/home/zero/f1tenth_ws/src/install/vesc_driver:/home/zero/f1tenth_ws/src/install/vesc_ackermann:/home/zero/f1tenth_ws/src/install/vesc_msgs:${AMENT_PREFIX_PATH} CMAKE_PREFIX_PATH=/home/zero/f1tenth_ws/src/install/vesc_driver:/home/zero/f1tenth_ws/src/install/vesc_ackermann:/home/zero/f1tenth_ws/src/install/vesc_msgs:/home/zero/f1tenth_ws/install/vesc:/home/zero/f1tenth_ws/install/vesc_driver:/home/zero/f1tenth_ws/install/vesc_ackermann:/home/zero/f1tenth_ws/install/vesc_msgs:/home/zero/f1tenth_ws/install/teleop_tools:/home/zero/f1tenth_ws/install/teleop_tools_msgs:/home/zero/f1tenth_ws/install/sllidar_ros2:/home/zero/f1tenth_ws/install/ackermann_mux:/home/zero/f1tenth_ws/install/f1tenth_stack:/home/zero/f1tenth_ws/install/joy_teleop:/home/zero/f1tenth_ws/install/mouse_teleop:/home/zero/f1tenth_ws/install/key_teleop:/home/zero/f1tenth_ws/install/follow_the_gap:/opt/ros/foxy LD_LIBRARY_PATH=/home/zero/f1tenth_ws/src/install/vesc_driver/lib:/home/zero/f1tenth_ws/src/install/vesc_ackermann/lib:/home/zero/f1tenth_ws/src/install/vesc_msgs/lib:${LD_LIBRARY_PATH} PYTHONPATH=/home/zero/f1tenth_ws/src/install/vesc_msgs/lib/python3.8/site-packages:${PYTHONPATH} /usr/bin/cmake /home/zero/f1tenth_ws/src/vesc/vesc -DCMAKE_INSTALL_PREFIX=/home/zero/f1tenth_ws/src/install/vesc
[0.614s] -- The C compiler identification is GNU 8.4.0
[0.853s] -- The CXX compiler identification is GNU 8.4.0
[0.895s] -- Check for working C compiler: /usr/bin/cc
[1.148s] -- Check for working C compiler: /usr/bin/cc -- works
[1.163s] -- Detecting C compiler ABI info
[1.421s] -- Detecting C compiler ABI info - done
[1.470s] -- Detecting C compile features
[1.472s] -- Detecting C compile features - done
[1.485s] -- Check for working CXX compiler: /usr/bin/c++
[1.756s] -- Check for working CXX compiler: /usr/bin/c++ -- works
[1.759s] -- Detecting CXX compiler ABI info
[2.041s] -- Detecting CXX compiler ABI info - done
[2.088s] -- Detecting CXX compile features
[2.090s] -- Detecting CXX compile features - done
[2.111s] -- Found ament_cmake_auto: 0.9.12 (/opt/ros/foxy/share/ament_cmake_auto/cmake)
[2.316s] -- Found PythonInterp: /usr/bin/python3 (found suitable version "3.8.10", minimum required is "3") 
[2.316s] -- Using PYTHON_EXECUTABLE: /usr/bin/python3
[4.453s] -- Configuring done
[4.460s] -- Generating done
[4.465s] -- Build files have been written to: /home/zero/f1tenth_ws/src/build/vesc
[4.483s] Invoked command in '/home/zero/f1tenth_ws/src/build/vesc' returned '0': AMENT_PREFIX_PATH=/home/zero/f1tenth_ws/src/install/vesc_driver:/home/zero/f1tenth_ws/src/install/vesc_ackermann:/home/zero/f1tenth_ws/src/install/vesc_msgs:${AMENT_PREFIX_PATH} CMAKE_PREFIX_PATH=/home/zero/f1tenth_ws/src/install/vesc_driver:/home/zero/f1tenth_ws/src/install/vesc_ackermann:/home/zero/f1tenth_ws/src/install/vesc_msgs:/home/zero/f1tenth_ws/install/vesc:/home/zero/f1tenth_ws/install/vesc_driver:/home/zero/f1tenth_ws/install/vesc_ackermann:/home/zero/f1tenth_ws/install/vesc_msgs:/home/zero/f1tenth_ws/install/teleop_tools:/home/zero/f1tenth_ws/install/teleop_tools_msgs:/home/zero/f1tenth_ws/install/sllidar_ros2:/home/zero/f1tenth_ws/install/ackermann_mux:/home/zero/f1tenth_ws/install/f1tenth_stack:/home/zero/f1tenth_ws/install/joy_teleop:/home/zero/f1tenth_ws/install/mouse_teleop:/home/zero/f1tenth_ws/install/key_teleop:/home/zero/f1tenth_ws/install/follow_the_gap:/opt/ros/foxy LD_LIBRARY_PATH=/home/zero/f1tenth_ws/src/install/vesc_driver/lib:/home/zero/f1tenth_ws/src/install/vesc_ackermann/lib:/home/zero/f1tenth_ws/src/install/vesc_msgs/lib:${LD_LIBRARY_PATH} PYTHONPATH=/home/zero/f1tenth_ws/src/install/vesc_msgs/lib/python3.8/site-packages:${PYTHONPATH} /usr/bin/cmake /home/zero/f1tenth_ws/src/vesc/vesc -DCMAKE_INSTALL_PREFIX=/home/zero/f1tenth_ws/src/install/vesc
[4.486s] Invoking command in '/home/zero/f1tenth_ws/src/build/vesc': AMENT_PREFIX_PATH=/home/zero/f1tenth_ws/src/install/vesc_driver:/home/zero/f1tenth_ws/src/install/vesc_ackermann:/home/zero/f1tenth_ws/src/install/vesc_msgs:${AMENT_PREFIX_PATH} CMAKE_PREFIX_PATH=/home/zero/f1tenth_ws/src/install/vesc_driver:/home/zero/f1tenth_ws/src/install/vesc_ackermann:/home/zero/f1tenth_ws/src/install/vesc_msgs:/home/zero/f1tenth_ws/install/vesc:/home/zero/f1tenth_ws/install/vesc_driver:/home/zero/f1tenth_ws/install/vesc_ackermann:/home/zero/f1tenth_ws/install/vesc_msgs:/home/zero/f1tenth_ws/install/teleop_tools:/home/zero/f1tenth_ws/install/teleop_tools_msgs:/home/zero/f1tenth_ws/install/sllidar_ros2:/home/zero/f1tenth_ws/install/ackermann_mux:/home/zero/f1tenth_ws/install/f1tenth_stack:/home/zero/f1tenth_ws/install/joy_teleop:/home/zero/f1tenth_ws/install/mouse_teleop:/home/zero/f1tenth_ws/install/key_teleop:/home/zero/f1tenth_ws/install/follow_the_gap:/opt/ros/foxy LD_LIBRARY_PATH=/home/zero/f1tenth_ws/src/install/vesc_driver/lib:/home/zero/f1tenth_ws/src/install/vesc_ackermann/lib:/home/zero/f1tenth_ws/src/install/vesc_msgs/lib:${LD_LIBRARY_PATH} PYTHONPATH=/home/zero/f1tenth_ws/src/install/vesc_msgs/lib/python3.8/site-packages:${PYTHONPATH} /usr/bin/cmake --build /home/zero/f1tenth_ws/src/build/vesc -- -j4 -l4
[4.629s] Invoked command in '/home/zero/f1tenth_ws/src/build/vesc' returned '0': AMENT_PREFIX_PATH=/home/zero/f1tenth_ws/src/install/vesc_driver:/home/zero/f1tenth_ws/src/install/vesc_ackermann:/home/zero/f1tenth_ws/src/install/vesc_msgs:${AMENT_PREFIX_PATH} CMAKE_PREFIX_PATH=/home/zero/f1tenth_ws/src/install/vesc_driver:/home/zero/f1tenth_ws/src/install/vesc_ackermann:/home/zero/f1tenth_ws/src/install/vesc_msgs:/home/zero/f1tenth_ws/install/vesc:/home/zero/f1tenth_ws/install/vesc_driver:/home/zero/f1tenth_ws/install/vesc_ackermann:/home/zero/f1tenth_ws/install/vesc_msgs:/home/zero/f1tenth_ws/install/teleop_tools:/home/zero/f1tenth_ws/install/teleop_tools_msgs:/home/zero/f1tenth_ws/install/sllidar_ros2:/home/zero/f1tenth_ws/install/ackermann_mux:/home/zero/f1tenth_ws/install/f1tenth_stack:/home/zero/f1tenth_ws/install/joy_teleop:/home/zero/f1tenth_ws/install/mouse_teleop:/home/zero/f1tenth_ws/install/key_teleop:/home/zero/f1tenth_ws/install/follow_the_gap:/opt/ros/foxy LD_LIBRARY_PATH=/home/zero/f1tenth_ws/src/install/vesc_driver/lib:/home/zero/f1tenth_ws/src/install/vesc_ackermann/lib:/home/zero/f1tenth_ws/src/install/vesc_msgs/lib:${LD_LIBRARY_PATH} PYTHONPATH=/home/zero/f1tenth_ws/src/install/vesc_msgs/lib/python3.8/site-packages:${PYTHONPATH} /usr/bin/cmake --build /home/zero/f1tenth_ws/src/build/vesc -- -j4 -l4
[4.637s] Invoking command in '/home/zero/f1tenth_ws/src/build/vesc': AMENT_PREFIX_PATH=/home/zero/f1tenth_ws/src/install/vesc_driver:/home/zero/f1tenth_ws/src/install/vesc_ackermann:/home/zero/f1tenth_ws/src/install/vesc_msgs:${AMENT_PREFIX_PATH} CMAKE_PREFIX_PATH=/home/zero/f1tenth_ws/src/install/vesc_driver:/home/zero/f1tenth_ws/src/install/vesc_ackermann:/home/zero/f1tenth_ws/src/install/vesc_msgs:/home/zero/f1tenth_ws/install/vesc:/home/zero/f1tenth_ws/install/vesc_driver:/home/zero/f1tenth_ws/install/vesc_ackermann:/home/zero/f1tenth_ws/install/vesc_msgs:/home/zero/f1tenth_ws/install/teleop_tools:/home/zero/f1tenth_ws/install/teleop_tools_msgs:/home/zero/f1tenth_ws/install/sllidar_ros2:/home/zero/f1tenth_ws/install/ackermann_mux:/home/zero/f1tenth_ws/install/f1tenth_stack:/home/zero/f1tenth_ws/install/joy_teleop:/home/zero/f1tenth_ws/install/mouse_teleop:/home/zero/f1tenth_ws/install/key_teleop:/home/zero/f1tenth_ws/install/follow_the_gap:/opt/ros/foxy LD_LIBRARY_PATH=/home/zero/f1tenth_ws/src/install/vesc_driver/lib:/home/zero/f1tenth_ws/src/install/vesc_ackermann/lib:/home/zero/f1tenth_ws/src/install/vesc_msgs/lib:${LD_LIBRARY_PATH} PYTHONPATH=/home/zero/f1tenth_ws/src/install/vesc_msgs/lib/python3.8/site-packages:${PYTHONPATH} /usr/bin/cmake --install /home/zero/f1tenth_ws/src/build/vesc
[4.671s] -- Install configuration: ""
[4.676s] -- Installing: /home/zero/f1tenth_ws/src/install/vesc/share/ament_index/resource_index/package_run_dependencies/vesc
[4.677s] -- Installing: /home/zero/f1tenth_ws/src/install/vesc/share/ament_index/resource_index/parent_prefix_path/vesc
[4.677s] -- Installing: /home/zero/f1tenth_ws/src/install/vesc/share/vesc/environment/ament_prefix_path.sh
[4.678s] -- Installing: /home/zero/f1tenth_ws/src/install/vesc/share/vesc/environment/ament_prefix_path.dsv
[4.679s] -- Installing: /home/zero/f1tenth_ws/src/install/vesc/share/vesc/environment/path.sh
[4.679s] -- Installing: /home/zero/f1tenth_ws/src/install/vesc/share/vesc/environment/path.dsv
[4.680s] -- Installing: /home/zero/f1tenth_ws/src/install/vesc/share/vesc/local_setup.bash
[4.680s] -- Installing: /home/zero/f1tenth_ws/src/install/vesc/share/vesc/local_setup.sh
[4.681s] -- Installing: /home/zero/f1tenth_ws/src/install/vesc/share/vesc/local_setup.zsh
[4.681s] -- Installing: /home/zero/f1tenth_ws/src/install/vesc/share/vesc/local_setup.dsv
[4.682s] -- Installing: /home/zero/f1tenth_ws/src/install/vesc/share/vesc/package.dsv
[4.683s] -- Installing: /home/zero/f1tenth_ws/src/install/vesc/share/ament_index/resource_index/packages/vesc
[4.683s] -- Installing: /home/zero/f1tenth_ws/src/install/vesc/share/vesc/cmake/vescConfig.cmake
[4.684s] -- Installing: /home/zero/f1tenth_ws/src/install/vesc/share/vesc/cmake/vescConfig-version.cmake
[4.684s] -- Installing: /home/zero/f1tenth_ws/src/install/vesc/share/vesc/package.xml
[4.692s] Invoked command in '/home/zero/f1tenth_ws/src/build/vesc' returned '0': AMENT_PREFIX_PATH=/home/zero/f1tenth_ws/src/install/vesc_driver:/home/zero/f1tenth_ws/src/install/vesc_ackermann:/home/zero/f1tenth_ws/src/install/vesc_msgs:${AMENT_PREFIX_PATH} CMAKE_PREFIX_PATH=/home/zero/f1tenth_ws/src/install/vesc_driver:/home/zero/f1tenth_ws/src/install/vesc_ackermann:/home/zero/f1tenth_ws/src/install/vesc_msgs:/home/zero/f1tenth_ws/install/vesc:/home/zero/f1tenth_ws/install/vesc_driver:/home/zero/f1tenth_ws/install/vesc_ackermann:/home/zero/f1tenth_ws/install/vesc_msgs:/home/zero/f1tenth_ws/install/teleop_tools:/home/zero/f1tenth_ws/install/teleop_tools_msgs:/home/zero/f1tenth_ws/install/sllidar_ros2:/home/zero/f1tenth_ws/install/ackermann_mux:/home/zero/f1tenth_ws/install/f1tenth_stack:/home/zero/f1tenth_ws/install/joy_teleop:/home/zero/f1tenth_ws/install/mouse_teleop:/home/zero/f1tenth_ws/install/key_teleop:/home/zero/f1tenth_ws/install/follow_the_gap:/opt/ros/foxy LD_LIBRARY_PATH=/home/zero/f1tenth_ws/src/install/vesc_driver/lib:/home/zero/f1tenth_ws/src/install/vesc_ackermann/lib:/home/zero/f1tenth_ws/src/install/vesc_msgs/lib:${LD_LIBRARY_PATH} PYTHONPATH=/home/zero/f1tenth_ws/src/install/vesc_msgs/lib/python3.8/site-packages:${PYTHONPATH} /usr/bin/cmake --install /home/zero/f1tenth_ws/src/build/vesc
