/usr/local/lib/python3.8/dist-packages/setuptools/dist.py:717: UserWarning: Usage of dash-separated 'script-dir' will not be supported in future versions. Please use the underscore name 'script_dir' instead
  warnings.warn(
running egg_info
creating ../build/follow_the_gap/follow_the_gap.egg-info
writing ../build/follow_the_gap/follow_the_gap.egg-info/PKG-INFO
writing dependency_links to ../build/follow_the_gap/follow_the_gap.egg-info/dependency_links.txt
writing entry points to ../build/follow_the_gap/follow_the_gap.egg-info/entry_points.txt
writing requirements to ../build/follow_the_gap/follow_the_gap.egg-info/requires.txt
writing top-level names to ../build/follow_the_gap/follow_the_gap.egg-info/top_level.txt
writing manifest file '../build/follow_the_gap/follow_the_gap.egg-info/SOURCES.txt'
reading manifest file '../build/follow_the_gap/follow_the_gap.egg-info/SOURCES.txt'
writing manifest file '../build/follow_the_gap/follow_the_gap.egg-info/SOURCES.txt'
running build
running build_py
creating /home/zero/f1tenth_ws/src/build/follow_the_gap/build
creating /home/zero/f1tenth_ws/src/build/follow_the_gap/build/lib
creating /home/zero/f1tenth_ws/src/build/follow_the_gap/build/lib/follow_the_gap
copying follow_the_gap/follow_the_gap.py -> /home/zero/f1tenth_ws/src/build/follow_the_gap/build/lib/follow_the_gap
copying follow_the_gap/test_lidar.py -> /home/zero/f1tenth_ws/src/build/follow_the_gap/build/lib/follow_the_gap
copying follow_the_gap/__init__.py -> /home/zero/f1tenth_ws/src/build/follow_the_gap/build/lib/follow_the_gap
running install
running install_lib
creating /home/zero/f1tenth_ws/src/install/follow_the_gap/lib/python3.8/site-packages/follow_the_gap
copying /home/zero/f1tenth_ws/src/build/follow_the_gap/build/lib/follow_the_gap/follow_the_gap.py -> /home/zero/f1tenth_ws/src/install/follow_the_gap/lib/python3.8/site-packages/follow_the_gap
copying /home/zero/f1tenth_ws/src/build/follow_the_gap/build/lib/follow_the_gap/test_lidar.py -> /home/zero/f1tenth_ws/src/install/follow_the_gap/lib/python3.8/site-packages/follow_the_gap
copying /home/zero/f1tenth_ws/src/build/follow_the_gap/build/lib/follow_the_gap/__init__.py -> /home/zero/f1tenth_ws/src/install/follow_the_gap/lib/python3.8/site-packages/follow_the_gap
byte-compiling /home/zero/f1tenth_ws/src/install/follow_the_gap/lib/python3.8/site-packages/follow_the_gap/follow_the_gap.py to follow_the_gap.cpython-38.pyc
byte-compiling /home/zero/f1tenth_ws/src/install/follow_the_gap/lib/python3.8/site-packages/follow_the_gap/test_lidar.py to test_lidar.cpython-38.pyc
byte-compiling /home/zero/f1tenth_ws/src/install/follow_the_gap/lib/python3.8/site-packages/follow_the_gap/__init__.py to __init__.cpython-38.pyc
running install_data
creating /home/zero/f1tenth_ws/src/install/follow_the_gap/share/ament_index
creating /home/zero/f1tenth_ws/src/install/follow_the_gap/share/ament_index/resource_index
creating /home/zero/f1tenth_ws/src/install/follow_the_gap/share/ament_index/resource_index/packages
copying resource/follow_the_gap -> /home/zero/f1tenth_ws/src/install/follow_the_gap/share/ament_index/resource_index/packages
copying package.xml -> /home/zero/f1tenth_ws/src/install/follow_the_gap/share/follow_the_gap
running install_egg_info
Copying ../build/follow_the_gap/follow_the_gap.egg-info to /home/zero/f1tenth_ws/src/install/follow_the_gap/lib/python3.8/site-packages/follow_the_gap-0.0.0-py3.8.egg-info
running install_scripts
Installing follow_the_gap script to /home/zero/f1tenth_ws/src/install/follow_the_gap/lib/follow_the_gap
Installing test_lidar script to /home/zero/f1tenth_ws/src/install/follow_the_gap/lib/follow_the_gap
writing list of installed files to '/home/zero/f1tenth_ws/src/build/follow_the_gap/install.log'
