[0.187s] Invoking command in '/home/zero/f1tenth_ws/src/build/ackermann_mux': CMAKE_PREFIX_PATH=${CMAKE_PREFIX_PATH}:/home/zero/f1tenth_ws/install/f1tenth_stack:/home/zero/f1tenth_ws/install/joy_teleop:/home/zero/f1tenth_ws/install/mouse_teleop:/home/zero/f1tenth_ws/install/key_teleop:/home/zero/f1tenth_ws/install/follow_the_gap:/opt/ros/foxy /usr/bin/cmake --build /home/zero/f1tenth_ws/src/build/ackermann_mux -- -j4 -l4
[1.774s] [100%] Built target ackermann_mux
[1.775s] Invoked command in '/home/zero/f1tenth_ws/src/build/ackermann_mux' returned '0': CMAKE_PREFIX_PATH=${CMAKE_PREFIX_PATH}:/home/zero/f1tenth_ws/install/f1tenth_stack:/home/zero/f1tenth_ws/install/joy_teleop:/home/zero/f1tenth_ws/install/mouse_teleop:/home/zero/f1tenth_ws/install/key_teleop:/home/zero/f1tenth_ws/install/follow_the_gap:/opt/ros/foxy /usr/bin/cmake --build /home/zero/f1tenth_ws/src/build/ackermann_mux -- -j4 -l4
[1.811s] Invoking command in '/home/zero/f1tenth_ws/src/build/ackermann_mux': CMAKE_PREFIX_PATH=${CMAKE_PREFIX_PATH}:/home/zero/f1tenth_ws/install/f1tenth_stack:/home/zero/f1tenth_ws/install/joy_teleop:/home/zero/f1tenth_ws/install/mouse_teleop:/home/zero/f1tenth_ws/install/key_teleop:/home/zero/f1tenth_ws/install/follow_the_gap:/opt/ros/foxy /usr/bin/cmake --install /home/zero/f1tenth_ws/src/build/ackermann_mux
[1.948s] -- Install configuration: ""
[1.951s] -- Up-to-date: /home/zero/f1tenth_ws/src/install/ackermann_mux/lib/ackermann_mux/ackermann_mux
[1.951s] -- Up-to-date: /home/zero/f1tenth_ws/src/install/ackermann_mux/share/ackermann_mux/launch
[1.952s] -- Up-to-date: /home/zero/f1tenth_ws/src/install/ackermann_mux/share/ackermann_mux/launch/ackermann_mux_launch.py
[1.954s] -- Up-to-date: /home/zero/f1tenth_ws/src/install/ackermann_mux/share/ackermann_mux/config
[1.959s] -- Up-to-date: /home/zero/f1tenth_ws/src/install/ackermann_mux/share/ackermann_mux/config/ackermann_mux_topics.yaml
[1.960s] -- Up-to-date: /home/zero/f1tenth_ws/src/install/ackermann_mux/share/ackermann_mux/config/ackermann_mux_locks.yaml
[1.961s] -- Up-to-date: /home/zero/f1tenth_ws/src/install/ackermann_mux/share/ackermann_mux/config/joystick.yaml
[1.961s] -- Up-to-date: /home/zero/f1tenth_ws/src/install/ackermann_mux/include
[1.961s] -- Up-to-date: /home/zero/f1tenth_ws/src/install/ackermann_mux/include/ackermann_mux
[1.962s] -- Up-to-date: /home/zero/f1tenth_ws/src/install/ackermann_mux/include/ackermann_mux/params_helpers.hpp
[1.962s] -- Up-to-date: /home/zero/f1tenth_ws/src/install/ackermann_mux/include/ackermann_mux/ackermann_mux.hpp
[1.963s] -- Up-to-date: /home/zero/f1tenth_ws/src/install/ackermann_mux/include/ackermann_mux/ackermann_mux_diagnostics_status.hpp
[1.963s] -- Up-to-date: /home/zero/f1tenth_ws/src/install/ackermann_mux/include/ackermann_mux/ackermann_mux_diagnostics.hpp
[1.964s] -- Up-to-date: /home/zero/f1tenth_ws/src/install/ackermann_mux/include/ackermann_mux/utils.hpp
[1.964s] -- Up-to-date: /home/zero/f1tenth_ws/src/install/ackermann_mux/include/ackermann_mux/topic_handle.hpp
[1.965s] -- Up-to-date: /home/zero/f1tenth_ws/src/install/ackermann_mux/share/ament_index/resource_index/package_run_dependencies/ackermann_mux
[1.965s] -- Up-to-date: /home/zero/f1tenth_ws/src/install/ackermann_mux/share/ament_index/resource_index/parent_prefix_path/ackermann_mux
[1.966s] -- Up-to-date: /home/zero/f1tenth_ws/src/install/ackermann_mux/share/ackermann_mux/environment/ament_prefix_path.sh
[1.966s] -- Up-to-date: /home/zero/f1tenth_ws/src/install/ackermann_mux/share/ackermann_mux/environment/ament_prefix_path.dsv
[1.967s] -- Up-to-date: /home/zero/f1tenth_ws/src/install/ackermann_mux/share/ackermann_mux/environment/path.sh
[1.967s] -- Up-to-date: /home/zero/f1tenth_ws/src/install/ackermann_mux/share/ackermann_mux/environment/path.dsv
[1.969s] -- Up-to-date: /home/zero/f1tenth_ws/src/install/ackermann_mux/share/ackermann_mux/local_setup.bash
[1.970s] -- Up-to-date: /home/zero/f1tenth_ws/src/install/ackermann_mux/share/ackermann_mux/local_setup.sh
[1.972s] -- Up-to-date: /home/zero/f1tenth_ws/src/install/ackermann_mux/share/ackermann_mux/local_setup.zsh
[1.983s] -- Up-to-date: /home/zero/f1tenth_ws/src/install/ackermann_mux/share/ackermann_mux/local_setup.dsv
[1.984s] -- Installing: /home/zero/f1tenth_ws/src/install/ackermann_mux/share/ackermann_mux/package.dsv
[1.984s] -- Up-to-date: /home/zero/f1tenth_ws/src/install/ackermann_mux/share/ament_index/resource_index/packages/ackermann_mux
[1.985s] -- Up-to-date: /home/zero/f1tenth_ws/src/install/ackermann_mux/share/ackermann_mux/cmake/ament_cmake_export_include_directories-extras.cmake
[1.985s] -- Up-to-date: /home/zero/f1tenth_ws/src/install/ackermann_mux/share/ackermann_mux/cmake/ament_cmake_export_dependencies-extras.cmake
[1.985s] -- Up-to-date: /home/zero/f1tenth_ws/src/install/ackermann_mux/share/ackermann_mux/cmake/ackermann_muxConfig.cmake
[1.986s] -- Up-to-date: /home/zero/f1tenth_ws/src/install/ackermann_mux/share/ackermann_mux/cmake/ackermann_muxConfig-version.cmake
[1.986s] -- Up-to-date: /home/zero/f1tenth_ws/src/install/ackermann_mux/share/ackermann_mux/package.xml
[2.019s] Invoked command in '/home/zero/f1tenth_ws/src/build/ackermann_mux' returned '0': CMAKE_PREFIX_PATH=${CMAKE_PREFIX_PATH}:/home/zero/f1tenth_ws/install/f1tenth_stack:/home/zero/f1tenth_ws/install/joy_teleop:/home/zero/f1tenth_ws/install/mouse_teleop:/home/zero/f1tenth_ws/install/key_teleop:/home/zero/f1tenth_ws/install/follow_the_gap:/opt/ros/foxy /usr/bin/cmake --install /home/zero/f1tenth_ws/src/build/ackermann_mux
