[0.171s] Invoking command in '/home/zero/f1tenth_ws/src/build/teleop_tools_msgs': CMAKE_PREFIX_PATH=${CMAKE_PREFIX_PATH}:/home/zero/f1tenth_ws/install/f1tenth_stack:/home/zero/f1tenth_ws/install/joy_teleop:/home/zero/f1tenth_ws/install/mouse_teleop:/home/zero/f1tenth_ws/install/key_teleop:/home/zero/f1tenth_ws/install/follow_the_gap:/opt/ros/foxy /usr/bin/cmake --build /home/zero/f1tenth_ws/src/build/teleop_tools_msgs -- -j4 -l4
[1.789s] [  3%] Built target teleop_tools_msgs__cpp
[1.789s] [ 12%] Built target teleop_tools_msgs__rosidl_generator_c
[1.790s] [ 22%] Built target teleop_tools_msgs__rosidl_typesupport_introspection_cpp
[1.790s] [ 32%] Built target teleop_tools_msgs__rosidl_typesupport_fastrtps_cpp
[1.790s] [ 41%] Built target teleop_tools_msgs__rosidl_typesupport_cpp
[1.791s] [ 51%] Built target teleop_tools_msgs__rosidl_typesupport_introspection_c
[1.791s] [ 61%] Built target teleop_tools_msgs__rosidl_typesupport_c
[1.791s] [ 70%] Built target teleop_tools_msgs__rosidl_typesupport_fastrtps_c
[1.792s] [ 70%] Built target teleop_tools_msgs
[1.793s] [ 74%] Built target teleop_tools_msgs__py
[1.797s] [ 80%] Built target teleop_tools_msgs__python
[1.798s] [100%] Built target teleop_tools_msgs__rosidl_typesupport_fastrtps_c__pyext
[1.798s] [ 96%] Built target teleop_tools_msgs__rosidl_typesupport_c__pyext
[1.799s] [ 96%] Built target teleop_tools_msgs__rosidl_typesupport_introspection_c__pyext
[1.844s] Invoked command in '/home/zero/f1tenth_ws/src/build/teleop_tools_msgs' returned '0': CMAKE_PREFIX_PATH=${CMAKE_PREFIX_PATH}:/home/zero/f1tenth_ws/install/f1tenth_stack:/home/zero/f1tenth_ws/install/joy_teleop:/home/zero/f1tenth_ws/install/mouse_teleop:/home/zero/f1tenth_ws/install/key_teleop:/home/zero/f1tenth_ws/install/follow_the_gap:/opt/ros/foxy /usr/bin/cmake --build /home/zero/f1tenth_ws/src/build/teleop_tools_msgs -- -j4 -l4
[1.859s] Invoking command in '/home/zero/f1tenth_ws/src/build/teleop_tools_msgs': CMAKE_PREFIX_PATH=${CMAKE_PREFIX_PATH}:/home/zero/f1tenth_ws/install/f1tenth_stack:/home/zero/f1tenth_ws/install/joy_teleop:/home/zero/f1tenth_ws/install/mouse_teleop:/home/zero/f1tenth_ws/install/key_teleop:/home/zero/f1tenth_ws/install/follow_the_gap:/opt/ros/foxy /usr/bin/cmake --install /home/zero/f1tenth_ws/src/build/teleop_tools_msgs
[2.012s] -- Install configuration: ""
[2.012s] -- Up-to-date: /home/zero/f1tenth_ws/src/install/teleop_tools_msgs/share/ament_index/resource_index/rosidl_interfaces/teleop_tools_msgs
[2.013s] -- Up-to-date: /home/zero/f1tenth_ws/src/install/teleop_tools_msgs/include/teleop_tools_msgs
[2.013s] -- Up-to-date: /home/zero/f1tenth_ws/src/install/teleop_tools_msgs/include/teleop_tools_msgs/msg
[2.013s] -- Up-to-date: /home/zero/f1tenth_ws/src/install/teleop_tools_msgs/include/teleop_tools_msgs/msg/rosidl_generator_c__visibility_control.h
[2.014s] -- Up-to-date: /home/zero/f1tenth_ws/src/install/teleop_tools_msgs/include/teleop_tools_msgs/action
[2.015s] -- Up-to-date: /home/zero/f1tenth_ws/src/install/teleop_tools_msgs/include/teleop_tools_msgs/action/increment.h
[2.016s] -- Up-to-date: /home/zero/f1tenth_ws/src/install/teleop_tools_msgs/include/teleop_tools_msgs/action/detail
[2.016s] -- Up-to-date: /home/zero/f1tenth_ws/src/install/teleop_tools_msgs/include/teleop_tools_msgs/action/detail/increment__struct.h
[2.017s] -- Up-to-date: /home/zero/f1tenth_ws/src/install/teleop_tools_msgs/include/teleop_tools_msgs/action/detail/increment__functions.c
[2.018s] -- Up-to-date: /home/zero/f1tenth_ws/src/install/teleop_tools_msgs/include/teleop_tools_msgs/action/detail/increment__functions.h
[2.018s] -- Up-to-date: /home/zero/f1tenth_ws/src/install/teleop_tools_msgs/include/teleop_tools_msgs/action/detail/increment__type_support.h
[2.019s] -- Up-to-date: /home/zero/f1tenth_ws/src/install/teleop_tools_msgs/share/teleop_tools_msgs/environment/library_path.sh
[2.020s] -- Up-to-date: /home/zero/f1tenth_ws/src/install/teleop_tools_msgs/share/teleop_tools_msgs/environment/library_path.dsv
[2.020s] -- Up-to-date: /home/zero/f1tenth_ws/src/install/teleop_tools_msgs/lib/libteleop_tools_msgs__rosidl_generator_c.so
[2.021s] -- Up-to-date: /home/zero/f1tenth_ws/src/install/teleop_tools_msgs/include/teleop_tools_msgs
[2.021s] -- Up-to-date: /home/zero/f1tenth_ws/src/install/teleop_tools_msgs/include/teleop_tools_msgs/msg
[2.022s] -- Up-to-date: /home/zero/f1tenth_ws/src/install/teleop_tools_msgs/include/teleop_tools_msgs/msg/rosidl_typesupport_fastrtps_c__visibility_control.h
[2.022s] -- Up-to-date: /home/zero/f1tenth_ws/src/install/teleop_tools_msgs/include/teleop_tools_msgs/action
[2.023s] -- Up-to-date: /home/zero/f1tenth_ws/src/install/teleop_tools_msgs/include/teleop_tools_msgs/action/detail
[2.023s] -- Up-to-date: /home/zero/f1tenth_ws/src/install/teleop_tools_msgs/include/teleop_tools_msgs/action/detail/increment__rosidl_typesupport_fastrtps_c.h
[2.024s] -- Up-to-date: /home/zero/f1tenth_ws/src/install/teleop_tools_msgs/lib/libteleop_tools_msgs__rosidl_typesupport_fastrtps_c.so
[2.024s] -- Up-to-date: /home/zero/f1tenth_ws/src/install/teleop_tools_msgs/include/teleop_tools_msgs
[2.025s] -- Up-to-date: /home/zero/f1tenth_ws/src/install/teleop_tools_msgs/include/teleop_tools_msgs/msg
[2.026s] -- Up-to-date: /home/zero/f1tenth_ws/src/install/teleop_tools_msgs/include/teleop_tools_msgs/msg/rosidl_typesupport_fastrtps_cpp__visibility_control.h
[2.027s] -- Up-to-date: /home/zero/f1tenth_ws/src/install/teleop_tools_msgs/include/teleop_tools_msgs/action
[2.027s] -- Up-to-date: /home/zero/f1tenth_ws/src/install/teleop_tools_msgs/include/teleop_tools_msgs/action/detail
[2.028s] -- Up-to-date: /home/zero/f1tenth_ws/src/install/teleop_tools_msgs/include/teleop_tools_msgs/action/detail/dds_fastrtps
[2.028s] -- Up-to-date: /home/zero/f1tenth_ws/src/install/teleop_tools_msgs/include/teleop_tools_msgs/action/detail/increment__rosidl_typesupport_fastrtps_cpp.hpp
[2.029s] -- Up-to-date: /home/zero/f1tenth_ws/src/install/teleop_tools_msgs/lib/libteleop_tools_msgs__rosidl_typesupport_fastrtps_cpp.so
[2.029s] -- Up-to-date: /home/zero/f1tenth_ws/src/install/teleop_tools_msgs/include/teleop_tools_msgs
[2.030s] -- Up-to-date: /home/zero/f1tenth_ws/src/install/teleop_tools_msgs/include/teleop_tools_msgs/msg
[2.030s] -- Up-to-date: /home/zero/f1tenth_ws/src/install/teleop_tools_msgs/include/teleop_tools_msgs/msg/rosidl_typesupport_introspection_c__visibility_control.h
[2.031s] -- Up-to-date: /home/zero/f1tenth_ws/src/install/teleop_tools_msgs/include/teleop_tools_msgs/action
[2.032s] -- Up-to-date: /home/zero/f1tenth_ws/src/install/teleop_tools_msgs/include/teleop_tools_msgs/action/detail
[2.032s] -- Up-to-date: /home/zero/f1tenth_ws/src/install/teleop_tools_msgs/include/teleop_tools_msgs/action/detail/increment__type_support.c
[2.033s] -- Up-to-date: /home/zero/f1tenth_ws/src/install/teleop_tools_msgs/include/teleop_tools_msgs/action/detail/increment__rosidl_typesupport_introspection_c.h
[2.034s] -- Up-to-date: /home/zero/f1tenth_ws/src/install/teleop_tools_msgs/lib/libteleop_tools_msgs__rosidl_typesupport_introspection_c.so
[2.034s] -- Up-to-date: /home/zero/f1tenth_ws/src/install/teleop_tools_msgs/lib/libteleop_tools_msgs__rosidl_typesupport_c.so
[2.035s] -- Up-to-date: /home/zero/f1tenth_ws/src/install/teleop_tools_msgs/include/teleop_tools_msgs
[2.035s] -- Up-to-date: /home/zero/f1tenth_ws/src/install/teleop_tools_msgs/include/teleop_tools_msgs/msg
[2.036s] -- Up-to-date: /home/zero/f1tenth_ws/src/install/teleop_tools_msgs/include/teleop_tools_msgs/msg/rosidl_generator_cpp__visibility_control.hpp
[2.036s] -- Up-to-date: /home/zero/f1tenth_ws/src/install/teleop_tools_msgs/include/teleop_tools_msgs/action
[2.037s] -- Up-to-date: /home/zero/f1tenth_ws/src/install/teleop_tools_msgs/include/teleop_tools_msgs/action/increment.hpp
[2.037s] -- Up-to-date: /home/zero/f1tenth_ws/src/install/teleop_tools_msgs/include/teleop_tools_msgs/action/detail
[2.038s] -- Up-to-date: /home/zero/f1tenth_ws/src/install/teleop_tools_msgs/include/teleop_tools_msgs/action/detail/increment__struct.hpp
[2.038s] -- Up-to-date: /home/zero/f1tenth_ws/src/install/teleop_tools_msgs/include/teleop_tools_msgs/action/detail/increment__builder.hpp
[2.039s] -- Up-to-date: /home/zero/f1tenth_ws/src/install/teleop_tools_msgs/include/teleop_tools_msgs/action/detail/increment__traits.hpp
[2.039s] -- Up-to-date: /home/zero/f1tenth_ws/src/install/teleop_tools_msgs/include/teleop_tools_msgs/action/detail/increment__type_support.hpp
[2.039s] -- Up-to-date: /home/zero/f1tenth_ws/src/install/teleop_tools_msgs/include/teleop_tools_msgs
[2.040s] -- Up-to-date: /home/zero/f1tenth_ws/src/install/teleop_tools_msgs/include/teleop_tools_msgs/action
[2.040s] -- Up-to-date: /home/zero/f1tenth_ws/src/install/teleop_tools_msgs/include/teleop_tools_msgs/action/detail
[2.041s] -- Up-to-date: /home/zero/f1tenth_ws/src/install/teleop_tools_msgs/include/teleop_tools_msgs/action/detail/increment__type_support.cpp
[2.041s] -- Up-to-date: /home/zero/f1tenth_ws/src/install/teleop_tools_msgs/include/teleop_tools_msgs/action/detail/increment__rosidl_typesupport_introspection_cpp.hpp
[2.042s] -- Up-to-date: /home/zero/f1tenth_ws/src/install/teleop_tools_msgs/lib/libteleop_tools_msgs__rosidl_typesupport_introspection_cpp.so
[2.042s] -- Up-to-date: /home/zero/f1tenth_ws/src/install/teleop_tools_msgs/lib/libteleop_tools_msgs__rosidl_typesupport_cpp.so
[2.042s] -- Up-to-date: /home/zero/f1tenth_ws/src/install/teleop_tools_msgs/share/teleop_tools_msgs/environment/pythonpath.sh
[2.043s] -- Up-to-date: /home/zero/f1tenth_ws/src/install/teleop_tools_msgs/share/teleop_tools_msgs/environment/pythonpath.dsv
[2.043s] -- Up-to-date: /home/zero/f1tenth_ws/src/install/teleop_tools_msgs/lib/python3.8/site-packages/teleop_tools_msgs/__init__.py
[2.140s] -- Up-to-date: /home/zero/f1tenth_ws/src/install/teleop_tools_msgs/lib/python3.8/site-packages/teleop_tools_msgs/action
[2.142s] -- Up-to-date: /home/zero/f1tenth_ws/src/install/teleop_tools_msgs/lib/python3.8/site-packages/teleop_tools_msgs/action/__init__.py
[2.144s] -- Up-to-date: /home/zero/f1tenth_ws/src/install/teleop_tools_msgs/lib/python3.8/site-packages/teleop_tools_msgs/action/_increment.py
[2.145s] -- Up-to-date: /home/zero/f1tenth_ws/src/install/teleop_tools_msgs/lib/python3.8/site-packages/teleop_tools_msgs/action/_increment_s.c
[2.151s] -- Up-to-date: /home/zero/f1tenth_ws/src/install/teleop_tools_msgs/lib/python3.8/site-packages/teleop_tools_msgs/teleop_tools_msgs_s__rosidl_typesupport_fastrtps_c.cpython-38-aarch64-linux-gnu.so
[2.152s] -- Up-to-date: /home/zero/f1tenth_ws/src/install/teleop_tools_msgs/lib/python3.8/site-packages/teleop_tools_msgs/teleop_tools_msgs_s__rosidl_typesupport_introspection_c.cpython-38-aarch64-linux-gnu.so
[2.157s] -- Up-to-date: /home/zero/f1tenth_ws/src/install/teleop_tools_msgs/lib/python3.8/site-packages/teleop_tools_msgs/teleop_tools_msgs_s__rosidl_typesupport_c.cpython-38-aarch64-linux-gnu.so
[2.162s] -- Up-to-date: /home/zero/f1tenth_ws/src/install/teleop_tools_msgs/lib/libteleop_tools_msgs__python.so
[2.163s] -- Up-to-date: /home/zero/f1tenth_ws/src/install/teleop_tools_msgs/share/teleop_tools_msgs/action/Increment.idl
[2.163s] -- Up-to-date: /home/zero/f1tenth_ws/src/install/teleop_tools_msgs/share/teleop_tools_msgs/action/Increment.action
[2.166s] -- Up-to-date: /home/zero/f1tenth_ws/src/install/teleop_tools_msgs/share/ament_index/resource_index/package_run_dependencies/teleop_tools_msgs
[2.167s] -- Up-to-date: /home/zero/f1tenth_ws/src/install/teleop_tools_msgs/share/ament_index/resource_index/parent_prefix_path/teleop_tools_msgs
[2.168s] -- Up-to-date: /home/zero/f1tenth_ws/src/install/teleop_tools_msgs/share/teleop_tools_msgs/environment/ament_prefix_path.sh
[2.169s] -- Up-to-date: /home/zero/f1tenth_ws/src/install/teleop_tools_msgs/share/teleop_tools_msgs/environment/ament_prefix_path.dsv
[2.173s] -- Up-to-date: /home/zero/f1tenth_ws/src/install/teleop_tools_msgs/share/teleop_tools_msgs/environment/path.sh
[2.175s] -- Up-to-date: /home/zero/f1tenth_ws/src/install/teleop_tools_msgs/share/teleop_tools_msgs/environment/path.dsv
[2.175s] -- Up-to-date: /home/zero/f1tenth_ws/src/install/teleop_tools_msgs/share/teleop_tools_msgs/local_setup.bash
[2.176s] -- Up-to-date: /home/zero/f1tenth_ws/src/install/teleop_tools_msgs/share/teleop_tools_msgs/local_setup.sh
[2.177s] -- Up-to-date: /home/zero/f1tenth_ws/src/install/teleop_tools_msgs/share/teleop_tools_msgs/local_setup.zsh
[2.177s] -- Up-to-date: /home/zero/f1tenth_ws/src/install/teleop_tools_msgs/share/teleop_tools_msgs/local_setup.dsv
[2.180s] -- Installing: /home/zero/f1tenth_ws/src/install/teleop_tools_msgs/share/teleop_tools_msgs/package.dsv
[2.181s] -- Up-to-date: /home/zero/f1tenth_ws/src/install/teleop_tools_msgs/share/ament_index/resource_index/packages/teleop_tools_msgs
[2.182s] -- Up-to-date: /home/zero/f1tenth_ws/src/install/teleop_tools_msgs/share/teleop_tools_msgs/cmake/teleop_tools_msgs__rosidl_generator_cExport.cmake
[2.184s] -- Up-to-date: /home/zero/f1tenth_ws/src/install/teleop_tools_msgs/share/teleop_tools_msgs/cmake/teleop_tools_msgs__rosidl_generator_cExport-noconfig.cmake
[2.188s] -- Up-to-date: /home/zero/f1tenth_ws/src/install/teleop_tools_msgs/share/teleop_tools_msgs/cmake/teleop_tools_msgs__rosidl_typesupport_introspection_cExport.cmake
[2.189s] -- Up-to-date: /home/zero/f1tenth_ws/src/install/teleop_tools_msgs/share/teleop_tools_msgs/cmake/teleop_tools_msgs__rosidl_typesupport_introspection_cExport-noconfig.cmake
[2.191s] -- Up-to-date: /home/zero/f1tenth_ws/src/install/teleop_tools_msgs/share/teleop_tools_msgs/cmake/teleop_tools_msgs__rosidl_typesupport_cExport.cmake
[2.193s] -- Up-to-date: /home/zero/f1tenth_ws/src/install/teleop_tools_msgs/share/teleop_tools_msgs/cmake/teleop_tools_msgs__rosidl_typesupport_cExport-noconfig.cmake
[2.194s] -- Up-to-date: /home/zero/f1tenth_ws/src/install/teleop_tools_msgs/share/teleop_tools_msgs/cmake/teleop_tools_msgs__rosidl_generator_cppExport.cmake
[2.217s] -- Up-to-date: /home/zero/f1tenth_ws/src/install/teleop_tools_msgs/share/teleop_tools_msgs/cmake/teleop_tools_msgs__rosidl_typesupport_introspection_cppExport.cmake
[2.217s] -- Up-to-date: /home/zero/f1tenth_ws/src/install/teleop_tools_msgs/share/teleop_tools_msgs/cmake/teleop_tools_msgs__rosidl_typesupport_introspection_cppExport-noconfig.cmake
[2.232s] -- Up-to-date: /home/zero/f1tenth_ws/src/install/teleop_tools_msgs/share/teleop_tools_msgs/cmake/teleop_tools_msgs__rosidl_typesupport_cppExport.cmake
[2.232s] -- Up-to-date: /home/zero/f1tenth_ws/src/install/teleop_tools_msgs/share/teleop_tools_msgs/cmake/teleop_tools_msgs__rosidl_typesupport_cppExport-noconfig.cmake
[2.233s] -- Up-to-date: /home/zero/f1tenth_ws/src/install/teleop_tools_msgs/share/teleop_tools_msgs/cmake/rosidl_cmake-extras.cmake
[2.235s] -- Up-to-date: /home/zero/f1tenth_ws/src/install/teleop_tools_msgs/share/teleop_tools_msgs/cmake/ament_cmake_export_dependencies-extras.cmake
[2.239s] -- Up-to-date: /home/zero/f1tenth_ws/src/install/teleop_tools_msgs/share/teleop_tools_msgs/cmake/ament_cmake_export_libraries-extras.cmake
[2.239s] -- Up-to-date: /home/zero/f1tenth_ws/src/install/teleop_tools_msgs/share/teleop_tools_msgs/cmake/ament_cmake_export_targets-extras.cmake
[2.240s] -- Up-to-date: /home/zero/f1tenth_ws/src/install/teleop_tools_msgs/share/teleop_tools_msgs/cmake/ament_cmake_export_include_directories-extras.cmake
[2.245s] -- Up-to-date: /home/zero/f1tenth_ws/src/install/teleop_tools_msgs/share/teleop_tools_msgs/cmake/rosidl_cmake_export_typesupport_libraries-extras.cmake
[2.246s] -- Up-to-date: /home/zero/f1tenth_ws/src/install/teleop_tools_msgs/share/teleop_tools_msgs/cmake/rosidl_cmake_export_typesupport_targets-extras.cmake
[2.246s] -- Up-to-date: /home/zero/f1tenth_ws/src/install/teleop_tools_msgs/share/teleop_tools_msgs/cmake/teleop_tools_msgsConfig.cmake
[2.247s] -- Up-to-date: /home/zero/f1tenth_ws/src/install/teleop_tools_msgs/share/teleop_tools_msgs/cmake/teleop_tools_msgsConfig-version.cmake
[2.255s] -- Up-to-date: /home/zero/f1tenth_ws/src/install/teleop_tools_msgs/share/teleop_tools_msgs/package.xml
[2.311s] Invoked command in '/home/zero/f1tenth_ws/src/build/teleop_tools_msgs' returned '0': CMAKE_PREFIX_PATH=${CMAKE_PREFIX_PATH}:/home/zero/f1tenth_ws/install/f1tenth_stack:/home/zero/f1tenth_ws/install/joy_teleop:/home/zero/f1tenth_ws/install/mouse_teleop:/home/zero/f1tenth_ws/install/key_teleop:/home/zero/f1tenth_ws/install/follow_the_gap:/opt/ros/foxy /usr/bin/cmake --install /home/zero/f1tenth_ws/src/build/teleop_tools_msgs
