[0.159s] Invoking command in '/home/zero/f1tenth_ws/src/build/vesc_msgs': CMAKE_PREFIX_PATH=${CMAKE_PREFIX_PATH}:/home/zero/f1tenth_ws/src/install/f1tenth_stack:/home/zero/f1tenth_ws/src/install/joy_teleop:/home/zero/f1tenth_ws/src/install/mouse_teleop:/home/zero/f1tenth_ws/src/install/key_teleop:/home/zero/f1tenth_ws/src/install/follow_the_gap:/home/zero/f1tenth_ws/install/f1tenth_stack:/home/zero/f1tenth_ws/install/joy_teleop:/home/zero/f1tenth_ws/install/mouse_teleop:/home/zero/f1tenth_ws/install/key_teleop:/home/zero/f1tenth_ws/install/follow_the_gap:/opt/ros/foxy /usr/bin/cmake --build /home/zero/f1tenth_ws/src/build/vesc_msgs -- -j4 -l4
[0.502s] [  1%] Built target vesc_msgs__cpp
[0.644s] [ 12%] Built target vesc_msgs__rosidl_generator_c
[0.746s] [ 23%] Built target vesc_msgs__rosidl_typesupport_cpp
[0.806s] [ 34%] Built target vesc_msgs__rosidl_typesupport_introspection_cpp
[0.878s] [ 45%] Built target vesc_msgs__rosidl_typesupport_introspection_c
[0.893s] [ 67%] Built target vesc_msgs__rosidl_typesupport_c
[0.894s] [ 67%] Built target vesc_msgs__rosidl_typesupport_fastrtps_cpp
[1.035s] [ 78%] Built target vesc_msgs__rosidl_typesupport_fastrtps_c
[1.116s] [ 78%] Built target vesc_msgs
[1.214s] [ 80%] Built target vesc_msgs__py
[1.349s] [ 89%] Built target vesc_msgs__python
[1.579s] [ 92%] Built target vesc_msgs__rosidl_typesupport_c__pyext
[1.595s] [ 96%] Built target vesc_msgs__rosidl_typesupport_fastrtps_c__pyext
[1.607s] [100%] Built target vesc_msgs__rosidl_typesupport_introspection_c__pyext
[1.938s] Invoked command in '/home/zero/f1tenth_ws/src/build/vesc_msgs' returned '0': CMAKE_PREFIX_PATH=${CMAKE_PREFIX_PATH}:/home/zero/f1tenth_ws/src/install/f1tenth_stack:/home/zero/f1tenth_ws/src/install/joy_teleop:/home/zero/f1tenth_ws/src/install/mouse_teleop:/home/zero/f1tenth_ws/src/install/key_teleop:/home/zero/f1tenth_ws/src/install/follow_the_gap:/home/zero/f1tenth_ws/install/f1tenth_stack:/home/zero/f1tenth_ws/install/joy_teleop:/home/zero/f1tenth_ws/install/mouse_teleop:/home/zero/f1tenth_ws/install/key_teleop:/home/zero/f1tenth_ws/install/follow_the_gap:/opt/ros/foxy /usr/bin/cmake --build /home/zero/f1tenth_ws/src/build/vesc_msgs -- -j4 -l4
[1.947s] Invoking command in '/home/zero/f1tenth_ws/src/build/vesc_msgs': CMAKE_PREFIX_PATH=${CMAKE_PREFIX_PATH}:/home/zero/f1tenth_ws/src/install/f1tenth_stack:/home/zero/f1tenth_ws/src/install/joy_teleop:/home/zero/f1tenth_ws/src/install/mouse_teleop:/home/zero/f1tenth_ws/src/install/key_teleop:/home/zero/f1tenth_ws/src/install/follow_the_gap:/home/zero/f1tenth_ws/install/f1tenth_stack:/home/zero/f1tenth_ws/install/joy_teleop:/home/zero/f1tenth_ws/install/mouse_teleop:/home/zero/f1tenth_ws/install/key_teleop:/home/zero/f1tenth_ws/install/follow_the_gap:/opt/ros/foxy /usr/bin/cmake --install /home/zero/f1tenth_ws/src/build/vesc_msgs
[2.045s] -- Install configuration: ""
[2.047s] -- Up-to-date: /home/zero/f1tenth_ws/src/install/vesc_msgs/share/ament_index/resource_index/rosidl_interfaces/vesc_msgs
[2.058s] -- Up-to-date: /home/zero/f1tenth_ws/src/install/vesc_msgs/include/vesc_msgs
[2.059s] -- Up-to-date: /home/zero/f1tenth_ws/src/install/vesc_msgs/include/vesc_msgs/msg
[2.061s] -- Up-to-date: /home/zero/f1tenth_ws/src/install/vesc_msgs/include/vesc_msgs/msg/vesc_state_stamped.h
[2.062s] -- Up-to-date: /home/zero/f1tenth_ws/src/install/vesc_msgs/include/vesc_msgs/msg/vesc_imu.h
[2.063s] -- Up-to-date: /home/zero/f1tenth_ws/src/install/vesc_msgs/include/vesc_msgs/msg/vesc_state.h
[2.063s] -- Up-to-date: /home/zero/f1tenth_ws/src/install/vesc_msgs/include/vesc_msgs/msg/rosidl_generator_c__visibility_control.h
[2.063s] -- Up-to-date: /home/zero/f1tenth_ws/src/install/vesc_msgs/include/vesc_msgs/msg/detail
[2.064s] -- Up-to-date: /home/zero/f1tenth_ws/src/install/vesc_msgs/include/vesc_msgs/msg/detail/vesc_state__type_support.h
[2.064s] -- Up-to-date: /home/zero/f1tenth_ws/src/install/vesc_msgs/include/vesc_msgs/msg/detail/vesc_imu__functions.c
[2.064s] -- Up-to-date: /home/zero/f1tenth_ws/src/install/vesc_msgs/include/vesc_msgs/msg/detail/vesc_imu_stamped__functions.h
[2.065s] -- Up-to-date: /home/zero/f1tenth_ws/src/install/vesc_msgs/include/vesc_msgs/msg/detail/vesc_state__struct.h
[2.074s] -- Up-to-date: /home/zero/f1tenth_ws/src/install/vesc_msgs/include/vesc_msgs/msg/detail/vesc_imu__type_support.h
[2.075s] -- Up-to-date: /home/zero/f1tenth_ws/src/install/vesc_msgs/include/vesc_msgs/msg/detail/vesc_state_stamped__functions.c
[2.075s] -- Up-to-date: /home/zero/f1tenth_ws/src/install/vesc_msgs/include/vesc_msgs/msg/detail/vesc_imu_stamped__struct.h
[2.076s] -- Up-to-date: /home/zero/f1tenth_ws/src/install/vesc_msgs/include/vesc_msgs/msg/detail/vesc_state_stamped__type_support.h
[2.076s] -- Up-to-date: /home/zero/f1tenth_ws/src/install/vesc_msgs/include/vesc_msgs/msg/detail/vesc_state_stamped__functions.h
[2.077s] -- Up-to-date: /home/zero/f1tenth_ws/src/install/vesc_msgs/include/vesc_msgs/msg/detail/vesc_state__functions.h
[2.077s] -- Up-to-date: /home/zero/f1tenth_ws/src/install/vesc_msgs/include/vesc_msgs/msg/detail/vesc_state__functions.c
[2.078s] -- Up-to-date: /home/zero/f1tenth_ws/src/install/vesc_msgs/include/vesc_msgs/msg/detail/vesc_imu_stamped__functions.c
[2.079s] -- Up-to-date: /home/zero/f1tenth_ws/src/install/vesc_msgs/include/vesc_msgs/msg/detail/vesc_state_stamped__struct.h
[2.079s] -- Up-to-date: /home/zero/f1tenth_ws/src/install/vesc_msgs/include/vesc_msgs/msg/detail/vesc_imu_stamped__type_support.h
[2.079s] -- Up-to-date: /home/zero/f1tenth_ws/src/install/vesc_msgs/include/vesc_msgs/msg/detail/vesc_imu__struct.h
[2.080s] -- Up-to-date: /home/zero/f1tenth_ws/src/install/vesc_msgs/include/vesc_msgs/msg/detail/vesc_imu__functions.h
[2.080s] -- Up-to-date: /home/zero/f1tenth_ws/src/install/vesc_msgs/include/vesc_msgs/msg/vesc_imu_stamped.h
[2.092s] -- Up-to-date: /home/zero/f1tenth_ws/src/install/vesc_msgs/share/vesc_msgs/environment/library_path.sh
[2.092s] -- Up-to-date: /home/zero/f1tenth_ws/src/install/vesc_msgs/share/vesc_msgs/environment/library_path.dsv
[2.093s] -- Up-to-date: /home/zero/f1tenth_ws/src/install/vesc_msgs/lib/libvesc_msgs__rosidl_generator_c.so
[2.093s] -- Up-to-date: /home/zero/f1tenth_ws/src/install/vesc_msgs/include/vesc_msgs
[2.094s] -- Up-to-date: /home/zero/f1tenth_ws/src/install/vesc_msgs/include/vesc_msgs/msg
[2.094s] -- Up-to-date: /home/zero/f1tenth_ws/src/install/vesc_msgs/include/vesc_msgs/msg/rosidl_typesupport_fastrtps_c__visibility_control.h
[2.094s] -- Up-to-date: /home/zero/f1tenth_ws/src/install/vesc_msgs/include/vesc_msgs/msg/detail
[2.095s] -- Up-to-date: /home/zero/f1tenth_ws/src/install/vesc_msgs/include/vesc_msgs/msg/detail/vesc_state_stamped__rosidl_typesupport_fastrtps_c.h
[2.095s] -- Up-to-date: /home/zero/f1tenth_ws/src/install/vesc_msgs/include/vesc_msgs/msg/detail/vesc_imu_stamped__rosidl_typesupport_fastrtps_c.h
[2.096s] -- Up-to-date: /home/zero/f1tenth_ws/src/install/vesc_msgs/include/vesc_msgs/msg/detail/vesc_imu__rosidl_typesupport_fastrtps_c.h
[2.096s] -- Up-to-date: /home/zero/f1tenth_ws/src/install/vesc_msgs/include/vesc_msgs/msg/detail/vesc_state__rosidl_typesupport_fastrtps_c.h
[2.097s] -- Up-to-date: /home/zero/f1tenth_ws/src/install/vesc_msgs/lib/libvesc_msgs__rosidl_typesupport_fastrtps_c.so
[2.097s] -- Up-to-date: /home/zero/f1tenth_ws/src/install/vesc_msgs/include/vesc_msgs
[2.098s] -- Up-to-date: /home/zero/f1tenth_ws/src/install/vesc_msgs/include/vesc_msgs/msg
[2.098s] -- Up-to-date: /home/zero/f1tenth_ws/src/install/vesc_msgs/include/vesc_msgs/msg/rosidl_typesupport_fastrtps_cpp__visibility_control.h
[2.098s] -- Up-to-date: /home/zero/f1tenth_ws/src/install/vesc_msgs/include/vesc_msgs/msg/detail
[2.099s] -- Up-to-date: /home/zero/f1tenth_ws/src/install/vesc_msgs/include/vesc_msgs/msg/detail/vesc_imu_stamped__rosidl_typesupport_fastrtps_cpp.hpp
[2.099s] -- Up-to-date: /home/zero/f1tenth_ws/src/install/vesc_msgs/include/vesc_msgs/msg/detail/dds_fastrtps
[2.100s] -- Up-to-date: /home/zero/f1tenth_ws/src/install/vesc_msgs/include/vesc_msgs/msg/detail/vesc_imu__rosidl_typesupport_fastrtps_cpp.hpp
[2.100s] -- Up-to-date: /home/zero/f1tenth_ws/src/install/vesc_msgs/include/vesc_msgs/msg/detail/vesc_state__rosidl_typesupport_fastrtps_cpp.hpp
[2.100s] -- Up-to-date: /home/zero/f1tenth_ws/src/install/vesc_msgs/include/vesc_msgs/msg/detail/vesc_state_stamped__rosidl_typesupport_fastrtps_cpp.hpp
[2.101s] -- Up-to-date: /home/zero/f1tenth_ws/src/install/vesc_msgs/lib/libvesc_msgs__rosidl_typesupport_fastrtps_cpp.so
[2.122s] -- Up-to-date: /home/zero/f1tenth_ws/src/install/vesc_msgs/include/vesc_msgs
[2.123s] -- Up-to-date: /home/zero/f1tenth_ws/src/install/vesc_msgs/include/vesc_msgs/msg
[2.123s] -- Up-to-date: /home/zero/f1tenth_ws/src/install/vesc_msgs/include/vesc_msgs/msg/rosidl_typesupport_introspection_c__visibility_control.h
[2.124s] -- Up-to-date: /home/zero/f1tenth_ws/src/install/vesc_msgs/include/vesc_msgs/msg/detail
[2.124s] -- Up-to-date: /home/zero/f1tenth_ws/src/install/vesc_msgs/include/vesc_msgs/msg/detail/vesc_state_stamped__type_support.c
[2.124s] -- Up-to-date: /home/zero/f1tenth_ws/src/install/vesc_msgs/include/vesc_msgs/msg/detail/vesc_state__type_support.c
[2.125s] -- Up-to-date: /home/zero/f1tenth_ws/src/install/vesc_msgs/include/vesc_msgs/msg/detail/vesc_imu_stamped__type_support.c
[2.125s] -- Up-to-date: /home/zero/f1tenth_ws/src/install/vesc_msgs/include/vesc_msgs/msg/detail/vesc_state_stamped__rosidl_typesupport_introspection_c.h
[2.126s] -- Up-to-date: /home/zero/f1tenth_ws/src/install/vesc_msgs/include/vesc_msgs/msg/detail/vesc_imu__type_support.c
[2.126s] -- Up-to-date: /home/zero/f1tenth_ws/src/install/vesc_msgs/include/vesc_msgs/msg/detail/vesc_imu__rosidl_typesupport_introspection_c.h
[2.127s] -- Up-to-date: /home/zero/f1tenth_ws/src/install/vesc_msgs/include/vesc_msgs/msg/detail/vesc_state__rosidl_typesupport_introspection_c.h
[2.127s] -- Up-to-date: /home/zero/f1tenth_ws/src/install/vesc_msgs/include/vesc_msgs/msg/detail/vesc_imu_stamped__rosidl_typesupport_introspection_c.h
[2.127s] -- Up-to-date: /home/zero/f1tenth_ws/src/install/vesc_msgs/lib/libvesc_msgs__rosidl_typesupport_introspection_c.so
[2.128s] -- Up-to-date: /home/zero/f1tenth_ws/src/install/vesc_msgs/lib/libvesc_msgs__rosidl_typesupport_c.so
[2.128s] -- Up-to-date: /home/zero/f1tenth_ws/src/install/vesc_msgs/include/vesc_msgs
[2.129s] -- Up-to-date: /home/zero/f1tenth_ws/src/install/vesc_msgs/include/vesc_msgs/msg
[2.129s] -- Up-to-date: /home/zero/f1tenth_ws/src/install/vesc_msgs/include/vesc_msgs/msg/rosidl_generator_cpp__visibility_control.hpp
[2.130s] -- Up-to-date: /home/zero/f1tenth_ws/src/install/vesc_msgs/include/vesc_msgs/msg/vesc_state_stamped.hpp
[2.130s] -- Up-to-date: /home/zero/f1tenth_ws/src/install/vesc_msgs/include/vesc_msgs/msg/vesc_state.hpp
[2.131s] -- Up-to-date: /home/zero/f1tenth_ws/src/install/vesc_msgs/include/vesc_msgs/msg/vesc_imu_stamped.hpp
[2.131s] -- Up-to-date: /home/zero/f1tenth_ws/src/install/vesc_msgs/include/vesc_msgs/msg/detail
[2.132s] -- Up-to-date: /home/zero/f1tenth_ws/src/install/vesc_msgs/include/vesc_msgs/msg/detail/vesc_state_stamped__struct.hpp
[2.132s] -- Up-to-date: /home/zero/f1tenth_ws/src/install/vesc_msgs/include/vesc_msgs/msg/detail/vesc_state__traits.hpp
[2.132s] -- Up-to-date: /home/zero/f1tenth_ws/src/install/vesc_msgs/include/vesc_msgs/msg/detail/vesc_imu__traits.hpp
[2.133s] -- Up-to-date: /home/zero/f1tenth_ws/src/install/vesc_msgs/include/vesc_msgs/msg/detail/vesc_state__struct.hpp
[2.133s] -- Up-to-date: /home/zero/f1tenth_ws/src/install/vesc_msgs/include/vesc_msgs/msg/detail/vesc_imu__type_support.hpp
[2.134s] -- Up-to-date: /home/zero/f1tenth_ws/src/install/vesc_msgs/include/vesc_msgs/msg/detail/vesc_imu_stamped__builder.hpp
[2.134s] -- Up-to-date: /home/zero/f1tenth_ws/src/install/vesc_msgs/include/vesc_msgs/msg/detail/vesc_state_stamped__builder.hpp
[2.134s] -- Up-to-date: /home/zero/f1tenth_ws/src/install/vesc_msgs/include/vesc_msgs/msg/detail/vesc_state_stamped__traits.hpp
[2.135s] -- Up-to-date: /home/zero/f1tenth_ws/src/install/vesc_msgs/include/vesc_msgs/msg/detail/vesc_imu__builder.hpp
[2.135s] -- Up-to-date: /home/zero/f1tenth_ws/src/install/vesc_msgs/include/vesc_msgs/msg/detail/vesc_state__builder.hpp
[2.136s] -- Up-to-date: /home/zero/f1tenth_ws/src/install/vesc_msgs/include/vesc_msgs/msg/detail/vesc_state_stamped__type_support.hpp
[2.136s] -- Up-to-date: /home/zero/f1tenth_ws/src/install/vesc_msgs/include/vesc_msgs/msg/detail/vesc_imu__struct.hpp
[2.137s] -- Up-to-date: /home/zero/f1tenth_ws/src/install/vesc_msgs/include/vesc_msgs/msg/detail/vesc_imu_stamped__traits.hpp
[2.137s] -- Up-to-date: /home/zero/f1tenth_ws/src/install/vesc_msgs/include/vesc_msgs/msg/detail/vesc_state__type_support.hpp
[2.138s] -- Up-to-date: /home/zero/f1tenth_ws/src/install/vesc_msgs/include/vesc_msgs/msg/detail/vesc_imu_stamped__type_support.hpp
[2.138s] -- Up-to-date: /home/zero/f1tenth_ws/src/install/vesc_msgs/include/vesc_msgs/msg/detail/vesc_imu_stamped__struct.hpp
[2.138s] -- Up-to-date: /home/zero/f1tenth_ws/src/install/vesc_msgs/include/vesc_msgs/msg/vesc_imu.hpp
[2.139s] -- Up-to-date: /home/zero/f1tenth_ws/src/install/vesc_msgs/include/vesc_msgs
[2.139s] -- Up-to-date: /home/zero/f1tenth_ws/src/install/vesc_msgs/include/vesc_msgs/msg
[2.140s] -- Up-to-date: /home/zero/f1tenth_ws/src/install/vesc_msgs/include/vesc_msgs/msg/detail
[2.140s] -- Up-to-date: /home/zero/f1tenth_ws/src/install/vesc_msgs/include/vesc_msgs/msg/detail/vesc_state__type_support.cpp
[2.140s] -- Up-to-date: /home/zero/f1tenth_ws/src/install/vesc_msgs/include/vesc_msgs/msg/detail/vesc_state_stamped__rosidl_typesupport_introspection_cpp.hpp
[2.141s] -- Up-to-date: /home/zero/f1tenth_ws/src/install/vesc_msgs/include/vesc_msgs/msg/detail/vesc_state_stamped__type_support.cpp
[2.158s] -- Up-to-date: /home/zero/f1tenth_ws/src/install/vesc_msgs/include/vesc_msgs/msg/detail/vesc_imu__type_support.cpp
[2.159s] -- Up-to-date: /home/zero/f1tenth_ws/src/install/vesc_msgs/include/vesc_msgs/msg/detail/vesc_state__rosidl_typesupport_introspection_cpp.hpp
[2.159s] -- Up-to-date: /home/zero/f1tenth_ws/src/install/vesc_msgs/include/vesc_msgs/msg/detail/vesc_imu_stamped__type_support.cpp
[2.160s] -- Up-to-date: /home/zero/f1tenth_ws/src/install/vesc_msgs/include/vesc_msgs/msg/detail/vesc_imu_stamped__rosidl_typesupport_introspection_cpp.hpp
[2.160s] -- Up-to-date: /home/zero/f1tenth_ws/src/install/vesc_msgs/include/vesc_msgs/msg/detail/vesc_imu__rosidl_typesupport_introspection_cpp.hpp
[2.160s] -- Up-to-date: /home/zero/f1tenth_ws/src/install/vesc_msgs/lib/libvesc_msgs__rosidl_typesupport_introspection_cpp.so
[2.161s] -- Up-to-date: /home/zero/f1tenth_ws/src/install/vesc_msgs/lib/libvesc_msgs__rosidl_typesupport_cpp.so
[2.161s] -- Up-to-date: /home/zero/f1tenth_ws/src/install/vesc_msgs/share/vesc_msgs/environment/pythonpath.sh
[2.162s] -- Up-to-date: /home/zero/f1tenth_ws/src/install/vesc_msgs/share/vesc_msgs/environment/pythonpath.dsv
[2.162s] -- Up-to-date: /home/zero/f1tenth_ws/src/install/vesc_msgs/lib/python3.8/site-packages/vesc_msgs/__init__.py
[2.260s] -- Up-to-date: /home/zero/f1tenth_ws/src/install/vesc_msgs/lib/python3.8/site-packages/vesc_msgs/msg
[2.261s] -- Up-to-date: /home/zero/f1tenth_ws/src/install/vesc_msgs/lib/python3.8/site-packages/vesc_msgs/msg/_vesc_state_s.c
[2.261s] -- Up-to-date: /home/zero/f1tenth_ws/src/install/vesc_msgs/lib/python3.8/site-packages/vesc_msgs/msg/_vesc_imu.py
[2.262s] -- Up-to-date: /home/zero/f1tenth_ws/src/install/vesc_msgs/lib/python3.8/site-packages/vesc_msgs/msg/__init__.py
[2.263s] -- Up-to-date: /home/zero/f1tenth_ws/src/install/vesc_msgs/lib/python3.8/site-packages/vesc_msgs/msg/_vesc_state.py
[2.264s] -- Up-to-date: /home/zero/f1tenth_ws/src/install/vesc_msgs/lib/python3.8/site-packages/vesc_msgs/msg/_vesc_state_stamped_s.c
[2.264s] -- Up-to-date: /home/zero/f1tenth_ws/src/install/vesc_msgs/lib/python3.8/site-packages/vesc_msgs/msg/_vesc_imu_s.c
[2.265s] -- Up-to-date: /home/zero/f1tenth_ws/src/install/vesc_msgs/lib/python3.8/site-packages/vesc_msgs/msg/_vesc_state_stamped.py
[2.267s] -- Up-to-date: /home/zero/f1tenth_ws/src/install/vesc_msgs/lib/python3.8/site-packages/vesc_msgs/msg/_vesc_imu_stamped.py
[2.268s] -- Up-to-date: /home/zero/f1tenth_ws/src/install/vesc_msgs/lib/python3.8/site-packages/vesc_msgs/msg/_vesc_imu_stamped_s.c
[2.268s] -- Up-to-date: /home/zero/f1tenth_ws/src/install/vesc_msgs/lib/python3.8/site-packages/vesc_msgs/vesc_msgs_s__rosidl_typesupport_fastrtps_c.cpython-38-aarch64-linux-gnu.so
[2.269s] -- Up-to-date: /home/zero/f1tenth_ws/src/install/vesc_msgs/lib/python3.8/site-packages/vesc_msgs/vesc_msgs_s__rosidl_typesupport_introspection_c.cpython-38-aarch64-linux-gnu.so
[2.270s] -- Up-to-date: /home/zero/f1tenth_ws/src/install/vesc_msgs/lib/python3.8/site-packages/vesc_msgs/vesc_msgs_s__rosidl_typesupport_c.cpython-38-aarch64-linux-gnu.so
[2.272s] -- Up-to-date: /home/zero/f1tenth_ws/src/install/vesc_msgs/lib/libvesc_msgs__python.so
[2.274s] -- Up-to-date: /home/zero/f1tenth_ws/src/install/vesc_msgs/share/vesc_msgs/msg/VescState.idl
[2.275s] -- Up-to-date: /home/zero/f1tenth_ws/src/install/vesc_msgs/share/vesc_msgs/msg/VescStateStamped.idl
[2.277s] -- Up-to-date: /home/zero/f1tenth_ws/src/install/vesc_msgs/share/vesc_msgs/msg/VescImu.idl
[2.280s] -- Up-to-date: /home/zero/f1tenth_ws/src/install/vesc_msgs/share/vesc_msgs/msg/VescImuStamped.idl
[2.282s] -- Up-to-date: /home/zero/f1tenth_ws/src/install/vesc_msgs/share/vesc_msgs/msg/VescState.msg
[2.283s] -- Up-to-date: /home/zero/f1tenth_ws/src/install/vesc_msgs/share/vesc_msgs/msg/VescStateStamped.msg
[2.283s] -- Up-to-date: /home/zero/f1tenth_ws/src/install/vesc_msgs/share/vesc_msgs/msg/VescImu.msg
[2.283s] -- Up-to-date: /home/zero/f1tenth_ws/src/install/vesc_msgs/share/vesc_msgs/msg/VescImuStamped.msg
[2.284s] -- Up-to-date: /home/zero/f1tenth_ws/src/install/vesc_msgs/share/ament_index/resource_index/package_run_dependencies/vesc_msgs
[2.284s] -- Up-to-date: /home/zero/f1tenth_ws/src/install/vesc_msgs/share/ament_index/resource_index/parent_prefix_path/vesc_msgs
[2.285s] -- Up-to-date: /home/zero/f1tenth_ws/src/install/vesc_msgs/share/vesc_msgs/environment/ament_prefix_path.sh
[2.285s] -- Up-to-date: /home/zero/f1tenth_ws/src/install/vesc_msgs/share/vesc_msgs/environment/ament_prefix_path.dsv
[2.286s] -- Up-to-date: /home/zero/f1tenth_ws/src/install/vesc_msgs/share/vesc_msgs/environment/path.sh
[2.286s] -- Up-to-date: /home/zero/f1tenth_ws/src/install/vesc_msgs/share/vesc_msgs/environment/path.dsv
[2.287s] -- Up-to-date: /home/zero/f1tenth_ws/src/install/vesc_msgs/share/vesc_msgs/local_setup.bash
[2.287s] -- Up-to-date: /home/zero/f1tenth_ws/src/install/vesc_msgs/share/vesc_msgs/local_setup.sh
[2.288s] -- Up-to-date: /home/zero/f1tenth_ws/src/install/vesc_msgs/share/vesc_msgs/local_setup.zsh
[2.288s] -- Up-to-date: /home/zero/f1tenth_ws/src/install/vesc_msgs/share/vesc_msgs/local_setup.dsv
[2.289s] -- Installing: /home/zero/f1tenth_ws/src/install/vesc_msgs/share/vesc_msgs/package.dsv
[2.289s] -- Up-to-date: /home/zero/f1tenth_ws/src/install/vesc_msgs/share/ament_index/resource_index/packages/vesc_msgs
[2.290s] -- Up-to-date: /home/zero/f1tenth_ws/src/install/vesc_msgs/share/vesc_msgs/cmake/vesc_msgs__rosidl_generator_cExport.cmake
[2.290s] -- Up-to-date: /home/zero/f1tenth_ws/src/install/vesc_msgs/share/vesc_msgs/cmake/vesc_msgs__rosidl_generator_cExport-noconfig.cmake
[2.291s] -- Up-to-date: /home/zero/f1tenth_ws/src/install/vesc_msgs/share/vesc_msgs/cmake/vesc_msgs__rosidl_typesupport_introspection_cExport.cmake
[2.291s] -- Up-to-date: /home/zero/f1tenth_ws/src/install/vesc_msgs/share/vesc_msgs/cmake/vesc_msgs__rosidl_typesupport_introspection_cExport-noconfig.cmake
[2.291s] -- Up-to-date: /home/zero/f1tenth_ws/src/install/vesc_msgs/share/vesc_msgs/cmake/vesc_msgs__rosidl_typesupport_cExport.cmake
[2.292s] -- Up-to-date: /home/zero/f1tenth_ws/src/install/vesc_msgs/share/vesc_msgs/cmake/vesc_msgs__rosidl_typesupport_cExport-noconfig.cmake
[2.292s] -- Up-to-date: /home/zero/f1tenth_ws/src/install/vesc_msgs/share/vesc_msgs/cmake/vesc_msgs__rosidl_generator_cppExport.cmake
[2.293s] -- Up-to-date: /home/zero/f1tenth_ws/src/install/vesc_msgs/share/vesc_msgs/cmake/vesc_msgs__rosidl_typesupport_introspection_cppExport.cmake
[2.293s] -- Up-to-date: /home/zero/f1tenth_ws/src/install/vesc_msgs/share/vesc_msgs/cmake/vesc_msgs__rosidl_typesupport_introspection_cppExport-noconfig.cmake
[2.293s] -- Up-to-date: /home/zero/f1tenth_ws/src/install/vesc_msgs/share/vesc_msgs/cmake/vesc_msgs__rosidl_typesupport_cppExport.cmake
[2.294s] -- Up-to-date: /home/zero/f1tenth_ws/src/install/vesc_msgs/share/vesc_msgs/cmake/vesc_msgs__rosidl_typesupport_cppExport-noconfig.cmake
[2.294s] -- Up-to-date: /home/zero/f1tenth_ws/src/install/vesc_msgs/share/vesc_msgs/cmake/rosidl_cmake-extras.cmake
[2.295s] -- Up-to-date: /home/zero/f1tenth_ws/src/install/vesc_msgs/share/vesc_msgs/cmake/ament_cmake_export_dependencies-extras.cmake
[2.295s] -- Up-to-date: /home/zero/f1tenth_ws/src/install/vesc_msgs/share/vesc_msgs/cmake/ament_cmake_export_libraries-extras.cmake
[2.295s] -- Up-to-date: /home/zero/f1tenth_ws/src/install/vesc_msgs/share/vesc_msgs/cmake/ament_cmake_export_targets-extras.cmake
[2.296s] -- Up-to-date: /home/zero/f1tenth_ws/src/install/vesc_msgs/share/vesc_msgs/cmake/ament_cmake_export_include_directories-extras.cmake
[2.296s] -- Up-to-date: /home/zero/f1tenth_ws/src/install/vesc_msgs/share/vesc_msgs/cmake/rosidl_cmake_export_typesupport_libraries-extras.cmake
[2.296s] -- Up-to-date: /home/zero/f1tenth_ws/src/install/vesc_msgs/share/vesc_msgs/cmake/rosidl_cmake_export_typesupport_targets-extras.cmake
[2.297s] -- Up-to-date: /home/zero/f1tenth_ws/src/install/vesc_msgs/share/vesc_msgs/cmake/vesc_msgsConfig.cmake
[2.297s] -- Up-to-date: /home/zero/f1tenth_ws/src/install/vesc_msgs/share/vesc_msgs/cmake/vesc_msgsConfig-version.cmake
[2.298s] -- Up-to-date: /home/zero/f1tenth_ws/src/install/vesc_msgs/share/vesc_msgs/package.xml
[3.768s] Invoked command in '/home/zero/f1tenth_ws/src/build/vesc_msgs' returned '0': CMAKE_PREFIX_PATH=${CMAKE_PREFIX_PATH}:/home/zero/f1tenth_ws/src/install/f1tenth_stack:/home/zero/f1tenth_ws/src/install/joy_teleop:/home/zero/f1tenth_ws/src/install/mouse_teleop:/home/zero/f1tenth_ws/src/install/key_teleop:/home/zero/f1tenth_ws/src/install/follow_the_gap:/home/zero/f1tenth_ws/install/f1tenth_stack:/home/zero/f1tenth_ws/install/joy_teleop:/home/zero/f1tenth_ws/install/mouse_teleop:/home/zero/f1tenth_ws/install/key_teleop:/home/zero/f1tenth_ws/install/follow_the_gap:/opt/ros/foxy /usr/bin/cmake --install /home/zero/f1tenth_ws/src/build/vesc_msgs
