[3.879s] Invoking command in '/home/zero/f1tenth_ws/src/teleop_tools/key_teleop': PYTHONPATH=/home/zero/f1tenth_ws/src/build/key_teleop/prefix_override:/usr/lib/python3/dist-packages/colcon_core/task/python/colcon_distutils_commands:/home/zero/f1tenth_ws/src/install/key_teleop/lib/python3.8/site-packages:${PYTHONPATH} /usr/bin/python3 -W ignore:setup.py install is deprecated -W ignore:easy_install command is deprecated setup.py egg_info --egg-base ../../build/key_teleop build --build-base /home/zero/f1tenth_ws/src/build/key_teleop/build install --record /home/zero/f1tenth_ws/src/build/key_teleop/install.log --install-scripts $base/lib/key_teleop --single-version-externally-managed install_data
[5.080s] /usr/local/lib/python3.8/dist-packages/setuptools/dist.py:717: UserWarning: Usage of dash-separated 'script-dir' will not be supported in future versions. Please use the underscore name 'script_dir' instead
[5.080s]   warnings.warn(
[5.227s] running egg_info
[5.230s] writing ../../build/key_teleop/key_teleop.egg-info/PKG-INFO
[5.231s] writing dependency_links to ../../build/key_teleop/key_teleop.egg-info/dependency_links.txt
[5.232s] writing entry points to ../../build/key_teleop/key_teleop.egg-info/entry_points.txt
[5.232s] writing requirements to ../../build/key_teleop/key_teleop.egg-info/requires.txt
[5.233s] writing top-level names to ../../build/key_teleop/key_teleop.egg-info/top_level.txt
[5.247s] reading manifest file '../../build/key_teleop/key_teleop.egg-info/SOURCES.txt'
[5.248s] adding license file 'LICENSE'
[5.252s] writing manifest file '../../build/key_teleop/key_teleop.egg-info/SOURCES.txt'
[5.252s] running build
[5.253s] running build_py
[5.254s] running install
[5.258s] running install_lib
[5.265s] running install_data
[5.265s] running install_egg_info
[5.275s] removing '/home/zero/f1tenth_ws/src/install/key_teleop/lib/python3.8/site-packages/key_teleop-0.3.0-py3.8.egg-info' (and everything under it)
[5.277s] Copying ../../build/key_teleop/key_teleop.egg-info to /home/zero/f1tenth_ws/src/install/key_teleop/lib/python3.8/site-packages/key_teleop-0.3.0-py3.8.egg-info
[5.281s] running install_scripts
[5.368s] Installing key_teleop script to /home/zero/f1tenth_ws/src/install/key_teleop/lib/key_teleop
[5.375s] writing list of installed files to '/home/zero/f1tenth_ws/src/build/key_teleop/install.log'
[5.480s] Invoked command in '/home/zero/f1tenth_ws/src/teleop_tools/key_teleop' returned '0': PYTHONPATH=/home/zero/f1tenth_ws/src/build/key_teleop/prefix_override:/usr/lib/python3/dist-packages/colcon_core/task/python/colcon_distutils_commands:/home/zero/f1tenth_ws/src/install/key_teleop/lib/python3.8/site-packages:${PYTHONPATH} /usr/bin/python3 -W ignore:setup.py install is deprecated -W ignore:easy_install command is deprecated setup.py egg_info --egg-base ../../build/key_teleop build --build-base /home/zero/f1tenth_ws/src/build/key_teleop/build install --record /home/zero/f1tenth_ws/src/build/key_teleop/install.log --install-scripts $base/lib/key_teleop --single-version-externally-managed install_data
