[0.150s] Invoking command in '/home/zero/f1tenth_ws/src/build/teleop_tools_msgs': CMAKE_PREFIX_PATH=${CMAKE_PREFIX_PATH}:/home/zero/f1tenth_ws/src/install/f1tenth_stack:/home/zero/f1tenth_ws/src/install/joy_teleop:/home/zero/f1tenth_ws/src/install/mouse_teleop:/home/zero/f1tenth_ws/src/install/key_teleop:/home/zero/f1tenth_ws/src/install/follow_the_gap:/home/zero/f1tenth_ws/install/f1tenth_stack:/home/zero/f1tenth_ws/install/joy_teleop:/home/zero/f1tenth_ws/install/mouse_teleop:/home/zero/f1tenth_ws/install/key_teleop:/home/zero/f1tenth_ws/install/follow_the_gap:/opt/ros/foxy /usr/bin/cmake --build /home/zero/f1tenth_ws/src/build/teleop_tools_msgs -- -j4 -l4
[0.389s] [  9%] Built target teleop_tools_msgs__rosidl_generator_c
[0.426s] [ 12%] Built target teleop_tools_msgs__cpp
[0.644s] [ 22%] Built target teleop_tools_msgs__rosidl_typesupport_introspection_c
[0.665s] [ 32%] Built target teleop_tools_msgs__rosidl_typesupport_cpp
[0.686s] [ 41%] Built target teleop_tools_msgs__rosidl_typesupport_c
[0.771s] [ 51%] Built target teleop_tools_msgs__rosidl_typesupport_introspection_cpp
[0.870s] [ 61%] Built target teleop_tools_msgs__rosidl_typesupport_fastrtps_cpp
[0.996s] [ 70%] Built target teleop_tools_msgs__rosidl_typesupport_fastrtps_c
[1.077s] [ 70%] Built target teleop_tools_msgs
[1.161s] [ 74%] Built target teleop_tools_msgs__py
[1.280s] [ 80%] Built target teleop_tools_msgs__python
[1.494s] [ 87%] Built target teleop_tools_msgs__rosidl_typesupport_introspection_c__pyext
[1.499s] [ 93%] Built target teleop_tools_msgs__rosidl_typesupport_c__pyext
[1.520s] [100%] Built target teleop_tools_msgs__rosidl_typesupport_fastrtps_c__pyext
[1.883s] Invoked command in '/home/zero/f1tenth_ws/src/build/teleop_tools_msgs' returned '0': CMAKE_PREFIX_PATH=${CMAKE_PREFIX_PATH}:/home/zero/f1tenth_ws/src/install/f1tenth_stack:/home/zero/f1tenth_ws/src/install/joy_teleop:/home/zero/f1tenth_ws/src/install/mouse_teleop:/home/zero/f1tenth_ws/src/install/key_teleop:/home/zero/f1tenth_ws/src/install/follow_the_gap:/home/zero/f1tenth_ws/install/f1tenth_stack:/home/zero/f1tenth_ws/install/joy_teleop:/home/zero/f1tenth_ws/install/mouse_teleop:/home/zero/f1tenth_ws/install/key_teleop:/home/zero/f1tenth_ws/install/follow_the_gap:/opt/ros/foxy /usr/bin/cmake --build /home/zero/f1tenth_ws/src/build/teleop_tools_msgs -- -j4 -l4
[1.892s] Invoking command in '/home/zero/f1tenth_ws/src/build/teleop_tools_msgs': CMAKE_PREFIX_PATH=${CMAKE_PREFIX_PATH}:/home/zero/f1tenth_ws/src/install/f1tenth_stack:/home/zero/f1tenth_ws/src/install/joy_teleop:/home/zero/f1tenth_ws/src/install/mouse_teleop:/home/zero/f1tenth_ws/src/install/key_teleop:/home/zero/f1tenth_ws/src/install/follow_the_gap:/home/zero/f1tenth_ws/install/f1tenth_stack:/home/zero/f1tenth_ws/install/joy_teleop:/home/zero/f1tenth_ws/install/mouse_teleop:/home/zero/f1tenth_ws/install/key_teleop:/home/zero/f1tenth_ws/install/follow_the_gap:/opt/ros/foxy /usr/bin/cmake --install /home/zero/f1tenth_ws/src/build/teleop_tools_msgs
[1.987s] -- Install configuration: ""
[1.987s] -- Up-to-date: /home/zero/f1tenth_ws/src/install/teleop_tools_msgs/share/ament_index/resource_index/rosidl_interfaces/teleop_tools_msgs
[1.988s] -- Up-to-date: /home/zero/f1tenth_ws/src/install/teleop_tools_msgs/include/teleop_tools_msgs
[1.989s] -- Up-to-date: /home/zero/f1tenth_ws/src/install/teleop_tools_msgs/include/teleop_tools_msgs/msg
[1.989s] -- Up-to-date: /home/zero/f1tenth_ws/src/install/teleop_tools_msgs/include/teleop_tools_msgs/msg/rosidl_generator_c__visibility_control.h
[1.990s] -- Up-to-date: /home/zero/f1tenth_ws/src/install/teleop_tools_msgs/include/teleop_tools_msgs/action
[1.990s] -- Up-to-date: /home/zero/f1tenth_ws/src/install/teleop_tools_msgs/include/teleop_tools_msgs/action/increment.h
[1.991s] -- Up-to-date: /home/zero/f1tenth_ws/src/install/teleop_tools_msgs/include/teleop_tools_msgs/action/detail
[1.991s] -- Up-to-date: /home/zero/f1tenth_ws/src/install/teleop_tools_msgs/include/teleop_tools_msgs/action/detail/increment__struct.h
[1.992s] -- Up-to-date: /home/zero/f1tenth_ws/src/install/teleop_tools_msgs/include/teleop_tools_msgs/action/detail/increment__functions.c
[1.993s] -- Up-to-date: /home/zero/f1tenth_ws/src/install/teleop_tools_msgs/include/teleop_tools_msgs/action/detail/increment__functions.h
[1.993s] -- Up-to-date: /home/zero/f1tenth_ws/src/install/teleop_tools_msgs/include/teleop_tools_msgs/action/detail/increment__type_support.h
[1.994s] -- Up-to-date: /home/zero/f1tenth_ws/src/install/teleop_tools_msgs/share/teleop_tools_msgs/environment/library_path.sh
[1.995s] -- Up-to-date: /home/zero/f1tenth_ws/src/install/teleop_tools_msgs/share/teleop_tools_msgs/environment/library_path.dsv
[1.995s] -- Up-to-date: /home/zero/f1tenth_ws/src/install/teleop_tools_msgs/lib/libteleop_tools_msgs__rosidl_generator_c.so
[1.996s] -- Up-to-date: /home/zero/f1tenth_ws/src/install/teleop_tools_msgs/include/teleop_tools_msgs
[1.996s] -- Up-to-date: /home/zero/f1tenth_ws/src/install/teleop_tools_msgs/include/teleop_tools_msgs/msg
[1.997s] -- Up-to-date: /home/zero/f1tenth_ws/src/install/teleop_tools_msgs/include/teleop_tools_msgs/msg/rosidl_typesupport_fastrtps_c__visibility_control.h
[1.997s] -- Up-to-date: /home/zero/f1tenth_ws/src/install/teleop_tools_msgs/include/teleop_tools_msgs/action
[1.998s] -- Up-to-date: /home/zero/f1tenth_ws/src/install/teleop_tools_msgs/include/teleop_tools_msgs/action/detail
[1.998s] -- Up-to-date: /home/zero/f1tenth_ws/src/install/teleop_tools_msgs/include/teleop_tools_msgs/action/detail/increment__rosidl_typesupport_fastrtps_c.h
[1.998s] -- Up-to-date: /home/zero/f1tenth_ws/src/install/teleop_tools_msgs/lib/libteleop_tools_msgs__rosidl_typesupport_fastrtps_c.so
[1.999s] -- Up-to-date: /home/zero/f1tenth_ws/src/install/teleop_tools_msgs/include/teleop_tools_msgs
[1.999s] -- Up-to-date: /home/zero/f1tenth_ws/src/install/teleop_tools_msgs/include/teleop_tools_msgs/msg
[2.000s] -- Up-to-date: /home/zero/f1tenth_ws/src/install/teleop_tools_msgs/include/teleop_tools_msgs/msg/rosidl_typesupport_fastrtps_cpp__visibility_control.h
[2.000s] -- Up-to-date: /home/zero/f1tenth_ws/src/install/teleop_tools_msgs/include/teleop_tools_msgs/action
[2.001s] -- Up-to-date: /home/zero/f1tenth_ws/src/install/teleop_tools_msgs/include/teleop_tools_msgs/action/detail
[2.001s] -- Up-to-date: /home/zero/f1tenth_ws/src/install/teleop_tools_msgs/include/teleop_tools_msgs/action/detail/dds_fastrtps
[2.001s] -- Up-to-date: /home/zero/f1tenth_ws/src/install/teleop_tools_msgs/include/teleop_tools_msgs/action/detail/increment__rosidl_typesupport_fastrtps_cpp.hpp
[2.002s] -- Up-to-date: /home/zero/f1tenth_ws/src/install/teleop_tools_msgs/lib/libteleop_tools_msgs__rosidl_typesupport_fastrtps_cpp.so
[2.002s] -- Up-to-date: /home/zero/f1tenth_ws/src/install/teleop_tools_msgs/include/teleop_tools_msgs
[2.003s] -- Up-to-date: /home/zero/f1tenth_ws/src/install/teleop_tools_msgs/include/teleop_tools_msgs/msg
[2.003s] -- Up-to-date: /home/zero/f1tenth_ws/src/install/teleop_tools_msgs/include/teleop_tools_msgs/msg/rosidl_typesupport_introspection_c__visibility_control.h
[2.004s] -- Up-to-date: /home/zero/f1tenth_ws/src/install/teleop_tools_msgs/include/teleop_tools_msgs/action
[2.004s] -- Up-to-date: /home/zero/f1tenth_ws/src/install/teleop_tools_msgs/include/teleop_tools_msgs/action/detail
[2.005s] -- Up-to-date: /home/zero/f1tenth_ws/src/install/teleop_tools_msgs/include/teleop_tools_msgs/action/detail/increment__type_support.c
[2.005s] -- Up-to-date: /home/zero/f1tenth_ws/src/install/teleop_tools_msgs/include/teleop_tools_msgs/action/detail/increment__rosidl_typesupport_introspection_c.h
[2.006s] -- Up-to-date: /home/zero/f1tenth_ws/src/install/teleop_tools_msgs/lib/libteleop_tools_msgs__rosidl_typesupport_introspection_c.so
[2.006s] -- Up-to-date: /home/zero/f1tenth_ws/src/install/teleop_tools_msgs/lib/libteleop_tools_msgs__rosidl_typesupport_c.so
[2.007s] -- Up-to-date: /home/zero/f1tenth_ws/src/install/teleop_tools_msgs/include/teleop_tools_msgs
[2.008s] -- Up-to-date: /home/zero/f1tenth_ws/src/install/teleop_tools_msgs/include/teleop_tools_msgs/msg
[2.009s] -- Up-to-date: /home/zero/f1tenth_ws/src/install/teleop_tools_msgs/include/teleop_tools_msgs/msg/rosidl_generator_cpp__visibility_control.hpp
[2.012s] -- Up-to-date: /home/zero/f1tenth_ws/src/install/teleop_tools_msgs/include/teleop_tools_msgs/action
[2.013s] -- Up-to-date: /home/zero/f1tenth_ws/src/install/teleop_tools_msgs/include/teleop_tools_msgs/action/increment.hpp
[2.014s] -- Up-to-date: /home/zero/f1tenth_ws/src/install/teleop_tools_msgs/include/teleop_tools_msgs/action/detail
[2.015s] -- Up-to-date: /home/zero/f1tenth_ws/src/install/teleop_tools_msgs/include/teleop_tools_msgs/action/detail/increment__struct.hpp
[2.016s] -- Up-to-date: /home/zero/f1tenth_ws/src/install/teleop_tools_msgs/include/teleop_tools_msgs/action/detail/increment__builder.hpp
[2.017s] -- Up-to-date: /home/zero/f1tenth_ws/src/install/teleop_tools_msgs/include/teleop_tools_msgs/action/detail/increment__traits.hpp
[2.018s] -- Up-to-date: /home/zero/f1tenth_ws/src/install/teleop_tools_msgs/include/teleop_tools_msgs/action/detail/increment__type_support.hpp
[2.019s] -- Up-to-date: /home/zero/f1tenth_ws/src/install/teleop_tools_msgs/include/teleop_tools_msgs
[2.028s] -- Up-to-date: /home/zero/f1tenth_ws/src/install/teleop_tools_msgs/include/teleop_tools_msgs/action
[2.031s] -- Up-to-date: /home/zero/f1tenth_ws/src/install/teleop_tools_msgs/include/teleop_tools_msgs/action/detail
[2.036s] -- Up-to-date: /home/zero/f1tenth_ws/src/install/teleop_tools_msgs/include/teleop_tools_msgs/action/detail/increment__type_support.cpp
[2.038s] -- Up-to-date: /home/zero/f1tenth_ws/src/install/teleop_tools_msgs/include/teleop_tools_msgs/action/detail/increment__rosidl_typesupport_introspection_cpp.hpp
[2.040s] -- Up-to-date: /home/zero/f1tenth_ws/src/install/teleop_tools_msgs/lib/libteleop_tools_msgs__rosidl_typesupport_introspection_cpp.so
[2.052s] -- Up-to-date: /home/zero/f1tenth_ws/src/install/teleop_tools_msgs/lib/libteleop_tools_msgs__rosidl_typesupport_cpp.so
[2.053s] -- Up-to-date: /home/zero/f1tenth_ws/src/install/teleop_tools_msgs/share/teleop_tools_msgs/environment/pythonpath.sh
[2.053s] -- Up-to-date: /home/zero/f1tenth_ws/src/install/teleop_tools_msgs/share/teleop_tools_msgs/environment/pythonpath.dsv
[2.054s] -- Up-to-date: /home/zero/f1tenth_ws/src/install/teleop_tools_msgs/lib/python3.8/site-packages/teleop_tools_msgs/__init__.py
[2.194s] -- Up-to-date: /home/zero/f1tenth_ws/src/install/teleop_tools_msgs/lib/python3.8/site-packages/teleop_tools_msgs/action
[2.195s] -- Up-to-date: /home/zero/f1tenth_ws/src/install/teleop_tools_msgs/lib/python3.8/site-packages/teleop_tools_msgs/action/__init__.py
[2.195s] -- Up-to-date: /home/zero/f1tenth_ws/src/install/teleop_tools_msgs/lib/python3.8/site-packages/teleop_tools_msgs/action/_increment.py
[2.196s] -- Up-to-date: /home/zero/f1tenth_ws/src/install/teleop_tools_msgs/lib/python3.8/site-packages/teleop_tools_msgs/action/_increment_s.c
[2.200s] -- Up-to-date: /home/zero/f1tenth_ws/src/install/teleop_tools_msgs/lib/python3.8/site-packages/teleop_tools_msgs/teleop_tools_msgs_s__rosidl_typesupport_fastrtps_c.cpython-38-aarch64-linux-gnu.so
[2.201s] -- Up-to-date: /home/zero/f1tenth_ws/src/install/teleop_tools_msgs/lib/python3.8/site-packages/teleop_tools_msgs/teleop_tools_msgs_s__rosidl_typesupport_introspection_c.cpython-38-aarch64-linux-gnu.so
[2.201s] -- Up-to-date: /home/zero/f1tenth_ws/src/install/teleop_tools_msgs/lib/python3.8/site-packages/teleop_tools_msgs/teleop_tools_msgs_s__rosidl_typesupport_c.cpython-38-aarch64-linux-gnu.so
[2.209s] -- Up-to-date: /home/zero/f1tenth_ws/src/install/teleop_tools_msgs/lib/libteleop_tools_msgs__python.so
[2.209s] -- Up-to-date: /home/zero/f1tenth_ws/src/install/teleop_tools_msgs/share/teleop_tools_msgs/action/Increment.idl
[2.210s] -- Up-to-date: /home/zero/f1tenth_ws/src/install/teleop_tools_msgs/share/teleop_tools_msgs/action/Increment.action
[2.211s] -- Up-to-date: /home/zero/f1tenth_ws/src/install/teleop_tools_msgs/share/ament_index/resource_index/package_run_dependencies/teleop_tools_msgs
[2.211s] -- Up-to-date: /home/zero/f1tenth_ws/src/install/teleop_tools_msgs/share/ament_index/resource_index/parent_prefix_path/teleop_tools_msgs
[2.213s] -- Up-to-date: /home/zero/f1tenth_ws/src/install/teleop_tools_msgs/share/teleop_tools_msgs/environment/ament_prefix_path.sh
[2.214s] -- Up-to-date: /home/zero/f1tenth_ws/src/install/teleop_tools_msgs/share/teleop_tools_msgs/environment/ament_prefix_path.dsv
[2.214s] -- Up-to-date: /home/zero/f1tenth_ws/src/install/teleop_tools_msgs/share/teleop_tools_msgs/environment/path.sh
[2.215s] -- Up-to-date: /home/zero/f1tenth_ws/src/install/teleop_tools_msgs/share/teleop_tools_msgs/environment/path.dsv
[2.215s] -- Up-to-date: /home/zero/f1tenth_ws/src/install/teleop_tools_msgs/share/teleop_tools_msgs/local_setup.bash
[2.216s] -- Up-to-date: /home/zero/f1tenth_ws/src/install/teleop_tools_msgs/share/teleop_tools_msgs/local_setup.sh
[2.216s] -- Up-to-date: /home/zero/f1tenth_ws/src/install/teleop_tools_msgs/share/teleop_tools_msgs/local_setup.zsh
[2.216s] -- Up-to-date: /home/zero/f1tenth_ws/src/install/teleop_tools_msgs/share/teleop_tools_msgs/local_setup.dsv
[2.217s] -- Installing: /home/zero/f1tenth_ws/src/install/teleop_tools_msgs/share/teleop_tools_msgs/package.dsv
[2.218s] -- Up-to-date: /home/zero/f1tenth_ws/src/install/teleop_tools_msgs/share/ament_index/resource_index/packages/teleop_tools_msgs
[2.218s] -- Up-to-date: /home/zero/f1tenth_ws/src/install/teleop_tools_msgs/share/teleop_tools_msgs/cmake/teleop_tools_msgs__rosidl_generator_cExport.cmake
[2.218s] -- Up-to-date: /home/zero/f1tenth_ws/src/install/teleop_tools_msgs/share/teleop_tools_msgs/cmake/teleop_tools_msgs__rosidl_generator_cExport-noconfig.cmake
[2.219s] -- Up-to-date: /home/zero/f1tenth_ws/src/install/teleop_tools_msgs/share/teleop_tools_msgs/cmake/teleop_tools_msgs__rosidl_typesupport_introspection_cExport.cmake
[2.220s] -- Up-to-date: /home/zero/f1tenth_ws/src/install/teleop_tools_msgs/share/teleop_tools_msgs/cmake/teleop_tools_msgs__rosidl_typesupport_introspection_cExport-noconfig.cmake
[2.220s] -- Up-to-date: /home/zero/f1tenth_ws/src/install/teleop_tools_msgs/share/teleop_tools_msgs/cmake/teleop_tools_msgs__rosidl_typesupport_cExport.cmake
[2.221s] -- Up-to-date: /home/zero/f1tenth_ws/src/install/teleop_tools_msgs/share/teleop_tools_msgs/cmake/teleop_tools_msgs__rosidl_typesupport_cExport-noconfig.cmake
[2.232s] -- Up-to-date: /home/zero/f1tenth_ws/src/install/teleop_tools_msgs/share/teleop_tools_msgs/cmake/teleop_tools_msgs__rosidl_generator_cppExport.cmake
[2.233s] -- Up-to-date: /home/zero/f1tenth_ws/src/install/teleop_tools_msgs/share/teleop_tools_msgs/cmake/teleop_tools_msgs__rosidl_typesupport_introspection_cppExport.cmake
[2.234s] -- Up-to-date: /home/zero/f1tenth_ws/src/install/teleop_tools_msgs/share/teleop_tools_msgs/cmake/teleop_tools_msgs__rosidl_typesupport_introspection_cppExport-noconfig.cmake
[2.235s] -- Up-to-date: /home/zero/f1tenth_ws/src/install/teleop_tools_msgs/share/teleop_tools_msgs/cmake/teleop_tools_msgs__rosidl_typesupport_cppExport.cmake
[2.235s] -- Up-to-date: /home/zero/f1tenth_ws/src/install/teleop_tools_msgs/share/teleop_tools_msgs/cmake/teleop_tools_msgs__rosidl_typesupport_cppExport-noconfig.cmake
[2.237s] -- Up-to-date: /home/zero/f1tenth_ws/src/install/teleop_tools_msgs/share/teleop_tools_msgs/cmake/rosidl_cmake-extras.cmake
[2.237s] -- Up-to-date: /home/zero/f1tenth_ws/src/install/teleop_tools_msgs/share/teleop_tools_msgs/cmake/ament_cmake_export_dependencies-extras.cmake
[2.238s] -- Up-to-date: /home/zero/f1tenth_ws/src/install/teleop_tools_msgs/share/teleop_tools_msgs/cmake/ament_cmake_export_libraries-extras.cmake
[2.239s] -- Up-to-date: /home/zero/f1tenth_ws/src/install/teleop_tools_msgs/share/teleop_tools_msgs/cmake/ament_cmake_export_targets-extras.cmake
[2.240s] -- Up-to-date: /home/zero/f1tenth_ws/src/install/teleop_tools_msgs/share/teleop_tools_msgs/cmake/ament_cmake_export_include_directories-extras.cmake
[2.241s] -- Up-to-date: /home/zero/f1tenth_ws/src/install/teleop_tools_msgs/share/teleop_tools_msgs/cmake/rosidl_cmake_export_typesupport_libraries-extras.cmake
[2.241s] -- Up-to-date: /home/zero/f1tenth_ws/src/install/teleop_tools_msgs/share/teleop_tools_msgs/cmake/rosidl_cmake_export_typesupport_targets-extras.cmake
[2.243s] -- Up-to-date: /home/zero/f1tenth_ws/src/install/teleop_tools_msgs/share/teleop_tools_msgs/cmake/teleop_tools_msgsConfig.cmake
[2.243s] -- Up-to-date: /home/zero/f1tenth_ws/src/install/teleop_tools_msgs/share/teleop_tools_msgs/cmake/teleop_tools_msgsConfig-version.cmake
[2.244s] -- Up-to-date: /home/zero/f1tenth_ws/src/install/teleop_tools_msgs/share/teleop_tools_msgs/package.xml
[3.636s] Invoked command in '/home/zero/f1tenth_ws/src/build/teleop_tools_msgs' returned '0': CMAKE_PREFIX_PATH=${CMAKE_PREFIX_PATH}:/home/zero/f1tenth_ws/src/install/f1tenth_stack:/home/zero/f1tenth_ws/src/install/joy_teleop:/home/zero/f1tenth_ws/src/install/mouse_teleop:/home/zero/f1tenth_ws/src/install/key_teleop:/home/zero/f1tenth_ws/src/install/follow_the_gap:/home/zero/f1tenth_ws/install/f1tenth_stack:/home/zero/f1tenth_ws/install/joy_teleop:/home/zero/f1tenth_ws/install/mouse_teleop:/home/zero/f1tenth_ws/install/key_teleop:/home/zero/f1tenth_ws/install/follow_the_gap:/opt/ros/foxy /usr/bin/cmake --install /home/zero/f1tenth_ws/src/build/teleop_tools_msgs
