[0.134s] Invoking command in '/home/zero/f1tenth_ws/src/build/wall_follow': CMAKE_PREFIX_PATH=${CMAKE_PREFIX_PATH}:/home/zero/f1tenth_ws/src/install/f1tenth_stack:/home/zero/f1tenth_ws/src/install/joy_teleop:/home/zero/f1tenth_ws/src/install/mouse_teleop:/home/zero/f1tenth_ws/src/install/key_teleop:/home/zero/f1tenth_ws/src/install/follow_the_gap:/home/zero/f1tenth_ws/install/f1tenth_stack:/home/zero/f1tenth_ws/install/joy_teleop:/home/zero/f1tenth_ws/install/mouse_teleop:/home/zero/f1tenth_ws/install/key_teleop:/home/zero/f1tenth_ws/install/follow_the_gap:/opt/ros/foxy /usr/bin/cmake --build /home/zero/f1tenth_ws/src/build/wall_follow -- -j4 -l4
[0.408s] [100%] Built target wall_follow_node
[0.452s] Invoked command in '/home/zero/f1tenth_ws/src/build/wall_follow' returned '0': CMAKE_PREFIX_PATH=${CMAKE_PREFIX_PATH}:/home/zero/f1tenth_ws/src/install/f1tenth_stack:/home/zero/f1tenth_ws/src/install/joy_teleop:/home/zero/f1tenth_ws/src/install/mouse_teleop:/home/zero/f1tenth_ws/src/install/key_teleop:/home/zero/f1tenth_ws/src/install/follow_the_gap:/home/zero/f1tenth_ws/install/f1tenth_stack:/home/zero/f1tenth_ws/install/joy_teleop:/home/zero/f1tenth_ws/install/mouse_teleop:/home/zero/f1tenth_ws/install/key_teleop:/home/zero/f1tenth_ws/install/follow_the_gap:/opt/ros/foxy /usr/bin/cmake --build /home/zero/f1tenth_ws/src/build/wall_follow -- -j4 -l4
[0.461s] Invoking command in '/home/zero/f1tenth_ws/src/build/wall_follow': CMAKE_PREFIX_PATH=${CMAKE_PREFIX_PATH}:/home/zero/f1tenth_ws/src/install/f1tenth_stack:/home/zero/f1tenth_ws/src/install/joy_teleop:/home/zero/f1tenth_ws/src/install/mouse_teleop:/home/zero/f1tenth_ws/src/install/key_teleop:/home/zero/f1tenth_ws/src/install/follow_the_gap:/home/zero/f1tenth_ws/install/f1tenth_stack:/home/zero/f1tenth_ws/install/joy_teleop:/home/zero/f1tenth_ws/install/mouse_teleop:/home/zero/f1tenth_ws/install/key_teleop:/home/zero/f1tenth_ws/install/follow_the_gap:/opt/ros/foxy /usr/bin/cmake --install /home/zero/f1tenth_ws/src/build/wall_follow
[0.502s] -- Install configuration: ""
[0.503s] -- Up-to-date: /home/zero/f1tenth_ws/src/install/wall_follow/lib/wall_follow/wall_follow_node
[0.504s] -- Up-to-date: /home/zero/f1tenth_ws/src/install/wall_follow/share/wall_follow/environment/pythonpath.sh
[0.504s] -- Up-to-date: /home/zero/f1tenth_ws/src/install/wall_follow/share/wall_follow/environment/pythonpath.dsv
[0.505s] -- Up-to-date: /home/zero/f1tenth_ws/src/install/wall_follow/lib/python3.8/site-packages/wall_follow
[0.505s] -- Up-to-date: /home/zero/f1tenth_ws/src/install/wall_follow/lib/python3.8/site-packages/wall_follow/__init__.py
[0.674s] Listing '/home/zero/f1tenth_ws/src/install/wall_follow/lib/python3.8/site-packages/wall_follow'...
[0.695s] -- Up-to-date: /home/zero/f1tenth_ws/src/install/wall_follow/lib/wall_follow/wall_follow_node.py
[0.696s] -- Up-to-date: /home/zero/f1tenth_ws/src/install/wall_follow/share/ament_index/resource_index/package_run_dependencies/wall_follow
[0.697s] -- Up-to-date: /home/zero/f1tenth_ws/src/install/wall_follow/share/ament_index/resource_index/parent_prefix_path/wall_follow
[0.697s] -- Up-to-date: /home/zero/f1tenth_ws/src/install/wall_follow/share/wall_follow/environment/ament_prefix_path.sh
[0.698s] -- Up-to-date: /home/zero/f1tenth_ws/src/install/wall_follow/share/wall_follow/environment/ament_prefix_path.dsv
[0.699s] -- Up-to-date: /home/zero/f1tenth_ws/src/install/wall_follow/share/wall_follow/environment/path.sh
[0.700s] -- Up-to-date: /home/zero/f1tenth_ws/src/install/wall_follow/share/wall_follow/environment/path.dsv
[0.700s] -- Up-to-date: /home/zero/f1tenth_ws/src/install/wall_follow/share/wall_follow/local_setup.bash
[0.701s] -- Up-to-date: /home/zero/f1tenth_ws/src/install/wall_follow/share/wall_follow/local_setup.sh
[0.702s] -- Up-to-date: /home/zero/f1tenth_ws/src/install/wall_follow/share/wall_follow/local_setup.zsh
[0.702s] -- Up-to-date: /home/zero/f1tenth_ws/src/install/wall_follow/share/wall_follow/local_setup.dsv
[0.703s] -- Installing: /home/zero/f1tenth_ws/src/install/wall_follow/share/wall_follow/package.dsv
[0.703s] -- Up-to-date: /home/zero/f1tenth_ws/src/install/wall_follow/share/ament_index/resource_index/packages/wall_follow
[0.704s] -- Up-to-date: /home/zero/f1tenth_ws/src/install/wall_follow/share/wall_follow/cmake/wall_followConfig.cmake
[0.704s] -- Up-to-date: /home/zero/f1tenth_ws/src/install/wall_follow/share/wall_follow/cmake/wall_followConfig-version.cmake
[0.705s] -- Up-to-date: /home/zero/f1tenth_ws/src/install/wall_follow/share/wall_follow/package.xml
[0.711s] Invoked command in '/home/zero/f1tenth_ws/src/build/wall_follow' returned '0': CMAKE_PREFIX_PATH=${CMAKE_PREFIX_PATH}:/home/zero/f1tenth_ws/src/install/f1tenth_stack:/home/zero/f1tenth_ws/src/install/joy_teleop:/home/zero/f1tenth_ws/src/install/mouse_teleop:/home/zero/f1tenth_ws/src/install/key_teleop:/home/zero/f1tenth_ws/src/install/follow_the_gap:/home/zero/f1tenth_ws/install/f1tenth_stack:/home/zero/f1tenth_ws/install/joy_teleop:/home/zero/f1tenth_ws/install/mouse_teleop:/home/zero/f1tenth_ws/install/key_teleop:/home/zero/f1tenth_ws/install/follow_the_gap:/opt/ros/foxy /usr/bin/cmake --install /home/zero/f1tenth_ws/src/build/wall_follow
