[0.072s] Invoking command in '/home/zero/f1tenth_ws/src/build/sllidar_ros2': CMAKE_PREFIX_PATH=${CMAKE_PREFIX_PATH}:/home/zero/f1tenth_ws/src/install/f1tenth_stack:/home/zero/f1tenth_ws/src/install/joy_teleop:/home/zero/f1tenth_ws/src/install/mouse_teleop:/home/zero/f1tenth_ws/src/install/key_teleop:/home/zero/f1tenth_ws/src/install/follow_the_gap:/home/zero/f1tenth_ws/install/f1tenth_stack:/home/zero/f1tenth_ws/install/joy_teleop:/home/zero/f1tenth_ws/install/mouse_teleop:/home/zero/f1tenth_ws/install/key_teleop:/home/zero/f1tenth_ws/install/follow_the_gap:/opt/ros/foxy /usr/bin/cmake --build /home/zero/f1tenth_ws/src/build/sllidar_ros2 -- -j4 -l4
[0.427s] [ 90%] Built target sllidar_node
[0.479s] [100%] Built target sllidar_client
[0.536s] Invoked command in '/home/zero/f1tenth_ws/src/build/sllidar_ros2' returned '0': CMAKE_PREFIX_PATH=${CMAKE_PREFIX_PATH}:/home/zero/f1tenth_ws/src/install/f1tenth_stack:/home/zero/f1tenth_ws/src/install/joy_teleop:/home/zero/f1tenth_ws/src/install/mouse_teleop:/home/zero/f1tenth_ws/src/install/key_teleop:/home/zero/f1tenth_ws/src/install/follow_the_gap:/home/zero/f1tenth_ws/install/f1tenth_stack:/home/zero/f1tenth_ws/install/joy_teleop:/home/zero/f1tenth_ws/install/mouse_teleop:/home/zero/f1tenth_ws/install/key_teleop:/home/zero/f1tenth_ws/install/follow_the_gap:/opt/ros/foxy /usr/bin/cmake --build /home/zero/f1tenth_ws/src/build/sllidar_ros2 -- -j4 -l4
[0.539s] Invoking command in '/home/zero/f1tenth_ws/src/build/sllidar_ros2': CMAKE_PREFIX_PATH=${CMAKE_PREFIX_PATH}:/home/zero/f1tenth_ws/src/install/f1tenth_stack:/home/zero/f1tenth_ws/src/install/joy_teleop:/home/zero/f1tenth_ws/src/install/mouse_teleop:/home/zero/f1tenth_ws/src/install/key_teleop:/home/zero/f1tenth_ws/src/install/follow_the_gap:/home/zero/f1tenth_ws/install/f1tenth_stack:/home/zero/f1tenth_ws/install/joy_teleop:/home/zero/f1tenth_ws/install/mouse_teleop:/home/zero/f1tenth_ws/install/key_teleop:/home/zero/f1tenth_ws/install/follow_the_gap:/opt/ros/foxy /usr/bin/cmake --install /home/zero/f1tenth_ws/src/build/sllidar_ros2
[0.601s] -- Install configuration: ""
[0.602s] -- Up-to-date: /home/zero/f1tenth_ws/src/install/sllidar_ros2/share/sllidar_ros2/launch
[0.602s] -- Up-to-date: /home/zero/f1tenth_ws/src/install/sllidar_ros2/share/sllidar_ros2/launch/view_sllidar_a2m8_launch.py
[0.602s] -- Up-to-date: /home/zero/f1tenth_ws/src/install/sllidar_ros2/share/sllidar_ros2/launch/view_sllidar_s2e_launch.py
[0.603s] -- Up-to-date: /home/zero/f1tenth_ws/src/install/sllidar_ros2/share/sllidar_ros2/launch/sllidar_s1_launch.py
[0.603s] -- Up-to-date: /home/zero/f1tenth_ws/src/install/sllidar_ros2/share/sllidar_ros2/launch/sllidar_a2m7_launch.py
[0.603s] -- Up-to-date: /home/zero/f1tenth_ws/src/install/sllidar_ros2/share/sllidar_ros2/launch/sllidar_c1_launch.py
[0.604s] -- Up-to-date: /home/zero/f1tenth_ws/src/install/sllidar_ros2/share/sllidar_ros2/launch/view_sllidar_s3_launch.py
[0.604s] -- Up-to-date: /home/zero/f1tenth_ws/src/install/sllidar_ros2/share/sllidar_ros2/launch/view_sllidar_s1_launch.py
[0.605s] -- Up-to-date: /home/zero/f1tenth_ws/src/install/sllidar_ros2/share/sllidar_ros2/launch/view_sllidar_a2m12_launch.py
[0.605s] -- Up-to-date: /home/zero/f1tenth_ws/src/install/sllidar_ros2/share/sllidar_ros2/launch/sllidar_s2_launch.py
[0.605s] -- Up-to-date: /home/zero/f1tenth_ws/src/install/sllidar_ros2/share/sllidar_ros2/launch/sllidar_s2e_launch.py
[0.606s] -- Up-to-date: /home/zero/f1tenth_ws/src/install/sllidar_ros2/share/sllidar_ros2/launch/sllidar_a2m12_launch .py
[0.606s] -- Up-to-date: /home/zero/f1tenth_ws/src/install/sllidar_ros2/share/sllidar_ros2/launch/view_sllidar_a2m7_launch.py
[0.606s] -- Up-to-date: /home/zero/f1tenth_ws/src/install/sllidar_ros2/share/sllidar_ros2/launch/sllidar_a3_launch.py
[0.607s] -- Up-to-date: /home/zero/f1tenth_ws/src/install/sllidar_ros2/share/sllidar_ros2/launch/sllidar_a2m8_launch.py
[0.607s] -- Up-to-date: /home/zero/f1tenth_ws/src/install/sllidar_ros2/share/sllidar_ros2/launch/view_sllidar_a3_launch.py
[0.608s] -- Up-to-date: /home/zero/f1tenth_ws/src/install/sllidar_ros2/share/sllidar_ros2/launch/sllidar_s1_tcp_launch.py
[0.608s] -- Up-to-date: /home/zero/f1tenth_ws/src/install/sllidar_ros2/share/sllidar_ros2/launch/sllidar_a1_launch.py
[0.609s] -- Up-to-date: /home/zero/f1tenth_ws/src/install/sllidar_ros2/share/sllidar_ros2/launch/sllidar_s3_launch.py
[0.609s] -- Up-to-date: /home/zero/f1tenth_ws/src/install/sllidar_ros2/share/sllidar_ros2/launch/view_sllidar_s2_launch.py
[0.609s] -- Up-to-date: /home/zero/f1tenth_ws/src/install/sllidar_ros2/share/sllidar_ros2/launch/view_sllidar_t1_launch.py
[0.610s] -- Up-to-date: /home/zero/f1tenth_ws/src/install/sllidar_ros2/share/sllidar_ros2/launch/view_sllidar_c1_launch.py
[0.610s] -- Up-to-date: /home/zero/f1tenth_ws/src/install/sllidar_ros2/share/sllidar_ros2/launch/view_sllidar_s1_tcp_launch.py
[0.611s] -- Up-to-date: /home/zero/f1tenth_ws/src/install/sllidar_ros2/share/sllidar_ros2/launch/view_sllidar_a1_launch.py
[0.611s] -- Up-to-date: /home/zero/f1tenth_ws/src/install/sllidar_ros2/share/sllidar_ros2/launch/sllidar_t1_launch.py
[0.611s] -- Up-to-date: /home/zero/f1tenth_ws/src/install/sllidar_ros2/share/sllidar_ros2/rviz
[0.612s] -- Up-to-date: /home/zero/f1tenth_ws/src/install/sllidar_ros2/share/sllidar_ros2/rviz/sllidar_ros2.rviz
[0.616s] -- Up-to-date: /home/zero/f1tenth_ws/src/install/sllidar_ros2/lib/sllidar_ros2/sllidar_node
[0.616s] -- Up-to-date: /home/zero/f1tenth_ws/src/install/sllidar_ros2/lib/sllidar_ros2/sllidar_client
[0.617s] -- Up-to-date: /home/zero/f1tenth_ws/src/install/sllidar_ros2/share/ament_index/resource_index/package_run_dependencies/sllidar_ros2
[0.617s] -- Up-to-date: /home/zero/f1tenth_ws/src/install/sllidar_ros2/share/ament_index/resource_index/parent_prefix_path/sllidar_ros2
[0.617s] -- Up-to-date: /home/zero/f1tenth_ws/src/install/sllidar_ros2/share/sllidar_ros2/environment/ament_prefix_path.sh
[0.618s] -- Up-to-date: /home/zero/f1tenth_ws/src/install/sllidar_ros2/share/sllidar_ros2/environment/ament_prefix_path.dsv
[0.618s] -- Up-to-date: /home/zero/f1tenth_ws/src/install/sllidar_ros2/share/sllidar_ros2/environment/path.sh
[0.619s] -- Up-to-date: /home/zero/f1tenth_ws/src/install/sllidar_ros2/share/sllidar_ros2/environment/path.dsv
[0.619s] -- Up-to-date: /home/zero/f1tenth_ws/src/install/sllidar_ros2/share/sllidar_ros2/local_setup.bash
[0.619s] -- Up-to-date: /home/zero/f1tenth_ws/src/install/sllidar_ros2/share/sllidar_ros2/local_setup.sh
[0.620s] -- Up-to-date: /home/zero/f1tenth_ws/src/install/sllidar_ros2/share/sllidar_ros2/local_setup.zsh
[0.620s] -- Up-to-date: /home/zero/f1tenth_ws/src/install/sllidar_ros2/share/sllidar_ros2/local_setup.dsv
[0.621s] -- Installing: /home/zero/f1tenth_ws/src/install/sllidar_ros2/share/sllidar_ros2/package.dsv
[0.621s] -- Up-to-date: /home/zero/f1tenth_ws/src/install/sllidar_ros2/share/ament_index/resource_index/packages/sllidar_ros2
[0.621s] -- Up-to-date: /home/zero/f1tenth_ws/src/install/sllidar_ros2/share/sllidar_ros2/cmake/ament_cmake_export_dependencies-extras.cmake
[0.622s] -- Up-to-date: /home/zero/f1tenth_ws/src/install/sllidar_ros2/share/sllidar_ros2/cmake/ament_cmake_export_include_directories-extras.cmake
[0.622s] -- Up-to-date: /home/zero/f1tenth_ws/src/install/sllidar_ros2/share/sllidar_ros2/cmake/sllidar_ros2Config.cmake
[0.622s] -- Up-to-date: /home/zero/f1tenth_ws/src/install/sllidar_ros2/share/sllidar_ros2/cmake/sllidar_ros2Config-version.cmake
[0.652s] -- Up-to-date: /home/zero/f1tenth_ws/src/install/sllidar_ros2/share/sllidar_ros2/package.xml
[0.653s] Invoked command in '/home/zero/f1tenth_ws/src/build/sllidar_ros2' returned '0': CMAKE_PREFIX_PATH=${CMAKE_PREFIX_PATH}:/home/zero/f1tenth_ws/src/install/f1tenth_stack:/home/zero/f1tenth_ws/src/install/joy_teleop:/home/zero/f1tenth_ws/src/install/mouse_teleop:/home/zero/f1tenth_ws/src/install/key_teleop:/home/zero/f1tenth_ws/src/install/follow_the_gap:/home/zero/f1tenth_ws/install/f1tenth_stack:/home/zero/f1tenth_ws/install/joy_teleop:/home/zero/f1tenth_ws/install/mouse_teleop:/home/zero/f1tenth_ws/install/key_teleop:/home/zero/f1tenth_ws/install/follow_the_gap:/opt/ros/foxy /usr/bin/cmake --install /home/zero/f1tenth_ws/src/build/sllidar_ros2
