[5.174s] Invoking command in '/home/zero/f1tenth_ws/src/teleop_tools/mouse_teleop': PYTHONPATH=/home/zero/f1tenth_ws/src/build/mouse_teleop/prefix_override:/usr/lib/python3/dist-packages/colcon_core/task/python/colcon_distutils_commands:/home/zero/f1tenth_ws/src/install/mouse_teleop/lib/python3.8/site-packages:${PYTHONPATH} /usr/bin/python3 -W ignore:setup.py install is deprecated -W ignore:easy_install command is deprecated setup.py egg_info --egg-base ../../build/mouse_teleop build --build-base /home/zero/f1tenth_ws/src/build/mouse_teleop/build install --record /home/zero/f1tenth_ws/src/build/mouse_teleop/install.log --install-scripts $base/lib/mouse_teleop --single-version-externally-managed install_data
[6.487s] /usr/local/lib/python3.8/dist-packages/setuptools/dist.py:717: UserWarning: Usage of dash-separated 'script-dir' will not be supported in future versions. Please use the underscore name 'script_dir' instead
[6.488s]   warnings.warn(
[6.645s] running egg_info
[6.647s] writing ../../build/mouse_teleop/mouse_teleop.egg-info/PKG-INFO
[6.648s] writing dependency_links to ../../build/mouse_teleop/mouse_teleop.egg-info/dependency_links.txt
[6.649s] writing entry points to ../../build/mouse_teleop/mouse_teleop.egg-info/entry_points.txt
[6.650s] writing requirements to ../../build/mouse_teleop/mouse_teleop.egg-info/requires.txt
[6.650s] writing top-level names to ../../build/mouse_teleop/mouse_teleop.egg-info/top_level.txt
[6.668s] reading manifest file '../../build/mouse_teleop/mouse_teleop.egg-info/SOURCES.txt'
[6.669s] adding license file 'LICENSE'
[6.672s] writing manifest file '../../build/mouse_teleop/mouse_teleop.egg-info/SOURCES.txt'
[6.673s] running build
[6.673s] running build_py
[6.674s] running install
[6.678s] running install_lib
[6.685s] running install_data
[6.686s] running install_egg_info
[6.695s] removing '/home/zero/f1tenth_ws/src/install/mouse_teleop/lib/python3.8/site-packages/mouse_teleop-0.3.0-py3.8.egg-info' (and everything under it)
[6.697s] Copying ../../build/mouse_teleop/mouse_teleop.egg-info to /home/zero/f1tenth_ws/src/install/mouse_teleop/lib/python3.8/site-packages/mouse_teleop-0.3.0-py3.8.egg-info
[6.701s] running install_scripts
[6.785s] Installing mouse_teleop script to /home/zero/f1tenth_ws/src/install/mouse_teleop/lib/mouse_teleop
[6.787s] writing list of installed files to '/home/zero/f1tenth_ws/src/build/mouse_teleop/install.log'
[6.894s] Invoked command in '/home/zero/f1tenth_ws/src/teleop_tools/mouse_teleop' returned '0': PYTHONPATH=/home/zero/f1tenth_ws/src/build/mouse_teleop/prefix_override:/usr/lib/python3/dist-packages/colcon_core/task/python/colcon_distutils_commands:/home/zero/f1tenth_ws/src/install/mouse_teleop/lib/python3.8/site-packages:${PYTHONPATH} /usr/bin/python3 -W ignore:setup.py install is deprecated -W ignore:easy_install command is deprecated setup.py egg_info --egg-base ../../build/mouse_teleop build --build-base /home/zero/f1tenth_ws/src/build/mouse_teleop/build install --record /home/zero/f1tenth_ws/src/build/mouse_teleop/install.log --install-scripts $base/lib/mouse_teleop --single-version-externally-managed install_data
