[6.166s] Invoking command in '/home/zero/f1tenth_ws/src/follow_the_gap': PYTHONPATH=/home/zero/f1tenth_ws/src/build/follow_the_gap/prefix_override:/usr/lib/python3/dist-packages/colcon_core/task/python/colcon_distutils_commands:/home/zero/f1tenth_ws/src/install/follow_the_gap/lib/python3.8/site-packages:${PYTHONPATH} /usr/bin/python3 -W ignore:setup.py install is deprecated -W ignore:easy_install command is deprecated setup.py egg_info --egg-base ../build/follow_the_gap build --build-base /home/zero/f1tenth_ws/src/build/follow_the_gap/build install --record /home/zero/f1tenth_ws/src/build/follow_the_gap/install.log --install-scripts $base/lib/follow_the_gap --single-version-externally-managed install_data
[7.378s] /usr/local/lib/python3.8/dist-packages/setuptools/dist.py:717: UserWarning: Usage of dash-separated 'script-dir' will not be supported in future versions. Please use the underscore name 'script_dir' instead
[7.379s]   warnings.warn(
[7.521s] running egg_info
[7.524s] writing ../build/follow_the_gap/follow_the_gap.egg-info/PKG-INFO
[7.525s] writing dependency_links to ../build/follow_the_gap/follow_the_gap.egg-info/dependency_links.txt
[7.527s] writing entry points to ../build/follow_the_gap/follow_the_gap.egg-info/entry_points.txt
[7.528s] writing requirements to ../build/follow_the_gap/follow_the_gap.egg-info/requires.txt
[7.529s] writing top-level names to ../build/follow_the_gap/follow_the_gap.egg-info/top_level.txt
[7.598s] reading manifest file '../build/follow_the_gap/follow_the_gap.egg-info/SOURCES.txt'
[7.604s] writing manifest file '../build/follow_the_gap/follow_the_gap.egg-info/SOURCES.txt'
[7.605s] running build
[7.605s] running build_py
[7.606s] running install
[7.610s] running install_lib
[7.625s] running install_data
[7.626s] running install_egg_info
[7.631s] removing '/home/zero/f1tenth_ws/src/install/follow_the_gap/lib/python3.8/site-packages/follow_the_gap-0.0.0-py3.8.egg-info' (and everything under it)
[7.637s] Copying ../build/follow_the_gap/follow_the_gap.egg-info to /home/zero/f1tenth_ws/src/install/follow_the_gap/lib/python3.8/site-packages/follow_the_gap-0.0.0-py3.8.egg-info
[7.701s] running install_scripts
[7.791s] Installing follow_the_gap script to /home/zero/f1tenth_ws/src/install/follow_the_gap/lib/follow_the_gap
[7.792s] Installing test_lidar script to /home/zero/f1tenth_ws/src/install/follow_the_gap/lib/follow_the_gap
[7.794s] writing list of installed files to '/home/zero/f1tenth_ws/src/build/follow_the_gap/install.log'
[8.081s] Invoked command in '/home/zero/f1tenth_ws/src/follow_the_gap' returned '0': PYTHONPATH=/home/zero/f1tenth_ws/src/build/follow_the_gap/prefix_override:/usr/lib/python3/dist-packages/colcon_core/task/python/colcon_distutils_commands:/home/zero/f1tenth_ws/src/install/follow_the_gap/lib/python3.8/site-packages:${PYTHONPATH} /usr/bin/python3 -W ignore:setup.py install is deprecated -W ignore:easy_install command is deprecated setup.py egg_info --egg-base ../build/follow_the_gap build --build-base /home/zero/f1tenth_ws/src/build/follow_the_gap/build install --record /home/zero/f1tenth_ws/src/build/follow_the_gap/install.log --install-scripts $base/lib/follow_the_gap --single-version-externally-managed install_data
