[5.169s] Invoking command in '/home/zero/f1tenth_ws/src/teleop_tools/key_teleop': PYTHONPATH=/home/zero/f1tenth_ws/src/build/key_teleop/prefix_override:/usr/lib/python3/dist-packages/colcon_core/task/python/colcon_distutils_commands:/home/zero/f1tenth_ws/src/install/key_teleop/lib/python3.8/site-packages:${PYTHONPATH} /usr/bin/python3 -W ignore:setup.py install is deprecated -W ignore:easy_install command is deprecated setup.py egg_info --egg-base ../../build/key_teleop build --build-base /home/zero/f1tenth_ws/src/build/key_teleop/build install --record /home/zero/f1tenth_ws/src/build/key_teleop/install.log --install-scripts $base/lib/key_teleop --single-version-externally-managed install_data
[6.441s] /usr/local/lib/python3.8/dist-packages/setuptools/dist.py:717: UserWarning: Usage of dash-separated 'script-dir' will not be supported in future versions. Please use the underscore name 'script_dir' instead
[6.441s]   warnings.warn(
[6.602s] running egg_info
[6.605s] writing ../../build/key_teleop/key_teleop.egg-info/PKG-INFO
[6.606s] writing dependency_links to ../../build/key_teleop/key_teleop.egg-info/dependency_links.txt
[6.610s] writing entry points to ../../build/key_teleop/key_teleop.egg-info/entry_points.txt
[6.611s] writing requirements to ../../build/key_teleop/key_teleop.egg-info/requires.txt
[6.611s] writing top-level names to ../../build/key_teleop/key_teleop.egg-info/top_level.txt
[6.625s] reading manifest file '../../build/key_teleop/key_teleop.egg-info/SOURCES.txt'
[6.636s] adding license file 'LICENSE'
[6.639s] writing manifest file '../../build/key_teleop/key_teleop.egg-info/SOURCES.txt'
[6.640s] running build
[6.640s] running build_py
[6.641s] running install
[6.645s] running install_lib
[6.651s] running install_data
[6.652s] running install_egg_info
[6.662s] removing '/home/zero/f1tenth_ws/src/install/key_teleop/lib/python3.8/site-packages/key_teleop-0.3.0-py3.8.egg-info' (and everything under it)
[6.663s] Copying ../../build/key_teleop/key_teleop.egg-info to /home/zero/f1tenth_ws/src/install/key_teleop/lib/python3.8/site-packages/key_teleop-0.3.0-py3.8.egg-info
[6.675s] running install_scripts
[6.758s] Installing key_teleop script to /home/zero/f1tenth_ws/src/install/key_teleop/lib/key_teleop
[6.758s] writing list of installed files to '/home/zero/f1tenth_ws/src/build/key_teleop/install.log'
[6.871s] Invoked command in '/home/zero/f1tenth_ws/src/teleop_tools/key_teleop' returned '0': PYTHONPATH=/home/zero/f1tenth_ws/src/build/key_teleop/prefix_override:/usr/lib/python3/dist-packages/colcon_core/task/python/colcon_distutils_commands:/home/zero/f1tenth_ws/src/install/key_teleop/lib/python3.8/site-packages:${PYTHONPATH} /usr/bin/python3 -W ignore:setup.py install is deprecated -W ignore:easy_install command is deprecated setup.py egg_info --egg-base ../../build/key_teleop build --build-base /home/zero/f1tenth_ws/src/build/key_teleop/build install --record /home/zero/f1tenth_ws/src/build/key_teleop/install.log --install-scripts $base/lib/key_teleop --single-version-externally-managed install_data
