[0.148s] Invoking command in '/home/zero/f1tenth_ws/src/build/vesc_driver': AMENT_PREFIX_PATH=/home/zero/f1tenth_ws/src/install/vesc_msgs:${AMENT_PREFIX_PATH} CMAKE_PREFIX_PATH=/home/zero/f1tenth_ws/src/install/vesc_msgs:/home/zero/f1tenth_ws/install/vesc:/home/zero/f1tenth_ws/install/vesc_driver:/home/zero/f1tenth_ws/install/vesc_ackermann:/home/zero/f1tenth_ws/install/vesc_msgs:/home/zero/f1tenth_ws/install/teleop_tools:/home/zero/f1tenth_ws/install/teleop_tools_msgs:/home/zero/f1tenth_ws/install/sllidar_ros2:/home/zero/f1tenth_ws/install/ackermann_mux:/home/zero/f1tenth_ws/install/f1tenth_stack:/home/zero/f1tenth_ws/install/joy_teleop:/home/zero/f1tenth_ws/install/mouse_teleop:/home/zero/f1tenth_ws/install/key_teleop:/home/zero/f1tenth_ws/install/follow_the_gap:/opt/ros/foxy LD_LIBRARY_PATH=/home/zero/f1tenth_ws/src/install/vesc_msgs/lib:${LD_LIBRARY_PATH} PYTHONPATH=/home/zero/f1tenth_ws/src/install/vesc_msgs/lib/python3.8/site-packages:${PYTHONPATH} /usr/bin/cmake /home/zero/f1tenth_ws/src/vesc/vesc_driver -DCMAKE_INSTALL_PREFIX=/home/zero/f1tenth_ws/src/install/vesc_driver
[0.847s] -- The C compiler identification is GNU 8.4.0
[1.242s] -- The CXX compiler identification is GNU 8.4.0
[1.275s] -- Check for working C compiler: /usr/bin/cc
[1.930s] -- Check for working C compiler: /usr/bin/cc -- works
[1.933s] -- Detecting C compiler ABI info
[2.433s] -- Detecting C compiler ABI info - done
[2.527s] -- Detecting C compile features
[2.545s] -- Detecting C compile features - done
[2.556s] -- Check for working CXX compiler: /usr/bin/c++
[2.867s] -- Check for working CXX compiler: /usr/bin/c++ -- works
[2.872s] -- Detecting CXX compiler ABI info
[3.350s] -- Detecting CXX compiler ABI info - done
[3.446s] -- Detecting CXX compile features
[3.448s] -- Detecting CXX compile features - done
[3.469s] -- Found ament_cmake_auto: 0.9.12 (/opt/ros/foxy/share/ament_cmake_auto/cmake)
[3.639s] -- Found PythonInterp: /usr/bin/python3 (found suitable version "3.8.10", minimum required is "3") 
[3.640s] -- Using PYTHON_EXECUTABLE: /usr/bin/python3
[6.226s] -- Using all available rosidl_typesupport_c: rosidl_typesupport_fastrtps_c;rosidl_typesupport_introspection_c
[6.287s] -- Found rosidl_adapter: 1.3.1 (/opt/ros/foxy/share/rosidl_adapter/cmake)
[6.946s] -- Found OpenSSL: /usr/lib/aarch64-linux-gnu/libcrypto.so (found version "1.1.1f")  
[7.091s] -- Found FastRTPS: /opt/ros/foxy/include  
[7.814s] -- Using all available rosidl_typesupport_cpp: rosidl_typesupport_fastrtps_cpp;rosidl_typesupport_introspection_cpp
[8.365s] -- Found rmw_implementation_cmake: 1.0.4 (/opt/ros/foxy/share/rmw_implementation_cmake/cmake)
[8.375s] -- Using RMW implementation 'rmw_fastrtps_cpp' as default
[8.379s] -- Looking for pthread.h
[8.967s] -- Looking for pthread.h - found
[8.968s] -- Performing Test CMAKE_HAVE_LIBC_PTHREAD
[9.582s] -- Performing Test CMAKE_HAVE_LIBC_PTHREAD - Failed
[9.583s] -- Looking for pthread_create in pthreads
[9.931s] -- Looking for pthread_create in pthreads - not found
[9.932s] -- Looking for pthread_create in pthread
[10.313s] -- Looking for pthread_create in pthread - found
[10.318s] -- Found Threads: TRUE  
[15.742s] -- Found ament_lint_auto: 0.9.8 (/opt/ros/foxy/share/ament_lint_auto/cmake)
[15.949s] -- Added test 'copyright' to check source files copyright and LICENSE
[15.958s] -- Added test 'cppcheck' to perform static code analysis on C / C++ code
[15.959s] -- Configured cppcheck include dirs: /home/zero/f1tenth_ws/src/vesc/vesc_driver/include
[15.959s] -- Configured cppcheck exclude dirs and/or files: 
[15.968s] -- Added test 'cpplint' to check C / C++ code against the Google style
[15.969s] -- Configured cpplint exclude dirs and/or files: 
[15.972s] -- Added test 'flake8' to check Python code syntax and style conventions
[15.976s] -- Added test 'lint_cmake' to check CMake code style
[15.980s] -- Added test 'pep257' to check Python code against some of the style conventions in PEP 257
[15.991s] -- Added test 'uncrustify' to check C / C++ code style
[15.992s] -- Configured uncrustify additional arguments: 
[15.994s] -- Added test 'xmllint' to check XML markup files
[16.029s] -- Configuring done
[16.596s] -- Generating done
[16.726s] -- Build files have been written to: /home/zero/f1tenth_ws/src/build/vesc_driver
[16.775s] Invoked command in '/home/zero/f1tenth_ws/src/build/vesc_driver' returned '0': AMENT_PREFIX_PATH=/home/zero/f1tenth_ws/src/install/vesc_msgs:${AMENT_PREFIX_PATH} CMAKE_PREFIX_PATH=/home/zero/f1tenth_ws/src/install/vesc_msgs:/home/zero/f1tenth_ws/install/vesc:/home/zero/f1tenth_ws/install/vesc_driver:/home/zero/f1tenth_ws/install/vesc_ackermann:/home/zero/f1tenth_ws/install/vesc_msgs:/home/zero/f1tenth_ws/install/teleop_tools:/home/zero/f1tenth_ws/install/teleop_tools_msgs:/home/zero/f1tenth_ws/install/sllidar_ros2:/home/zero/f1tenth_ws/install/ackermann_mux:/home/zero/f1tenth_ws/install/f1tenth_stack:/home/zero/f1tenth_ws/install/joy_teleop:/home/zero/f1tenth_ws/install/mouse_teleop:/home/zero/f1tenth_ws/install/key_teleop:/home/zero/f1tenth_ws/install/follow_the_gap:/opt/ros/foxy LD_LIBRARY_PATH=/home/zero/f1tenth_ws/src/install/vesc_msgs/lib:${LD_LIBRARY_PATH} PYTHONPATH=/home/zero/f1tenth_ws/src/install/vesc_msgs/lib/python3.8/site-packages:${PYTHONPATH} /usr/bin/cmake /home/zero/f1tenth_ws/src/vesc/vesc_driver -DCMAKE_INSTALL_PREFIX=/home/zero/f1tenth_ws/src/install/vesc_driver
[16.777s] Invoking command in '/home/zero/f1tenth_ws/src/build/vesc_driver': AMENT_PREFIX_PATH=/home/zero/f1tenth_ws/src/install/vesc_msgs:${AMENT_PREFIX_PATH} CMAKE_PREFIX_PATH=/home/zero/f1tenth_ws/src/install/vesc_msgs:/home/zero/f1tenth_ws/install/vesc:/home/zero/f1tenth_ws/install/vesc_driver:/home/zero/f1tenth_ws/install/vesc_ackermann:/home/zero/f1tenth_ws/install/vesc_msgs:/home/zero/f1tenth_ws/install/teleop_tools:/home/zero/f1tenth_ws/install/teleop_tools_msgs:/home/zero/f1tenth_ws/install/sllidar_ros2:/home/zero/f1tenth_ws/install/ackermann_mux:/home/zero/f1tenth_ws/install/f1tenth_stack:/home/zero/f1tenth_ws/install/joy_teleop:/home/zero/f1tenth_ws/install/mouse_teleop:/home/zero/f1tenth_ws/install/key_teleop:/home/zero/f1tenth_ws/install/follow_the_gap:/opt/ros/foxy LD_LIBRARY_PATH=/home/zero/f1tenth_ws/src/install/vesc_msgs/lib:${LD_LIBRARY_PATH} PYTHONPATH=/home/zero/f1tenth_ws/src/install/vesc_msgs/lib/python3.8/site-packages:${PYTHONPATH} /usr/bin/cmake --build /home/zero/f1tenth_ws/src/build/vesc_driver -- -j4 -l4
[17.020s] [35m[1mScanning dependencies of target vesc_driver[0m
[17.867s] [ 10%] [32mBuilding CXX object CMakeFiles/vesc_driver.dir/src/vesc_driver.cpp.o[0m
[49.844s] [ 20%] [32mBuilding CXX object CMakeFiles/vesc_driver.dir/src/vesc_packet.cpp.o[0m
[52.386s] [ 30%] [32mBuilding CXX object CMakeFiles/vesc_driver.dir/src/vesc_packet_factory.cpp.o[0m
[54.402s] [ 40%] [32mBuilding CXX object CMakeFiles/vesc_driver.dir/src/vesc_interface.cpp.o[0m
[62.955s] [ 50%] [32m[1mLinking CXX shared library libvesc_driver.so[0m
[65.806s] [ 50%] Built target vesc_driver
[65.865s] [35m[1mScanning dependencies of target vesc_driver_node[0m
[66.034s] [ 60%] [32mBuilding CXX object CMakeFiles/vesc_driver_node.dir/rclcpp_components/node_main_vesc_driver_node.cpp.o[0m
[73.296s] [ 70%] [32m[1mLinking CXX executable vesc_driver_node[0m
[73.805s] [ 70%] Built target vesc_driver_node
[74.019s] [35m[1mScanning dependencies of target vesc_device_namer[0m
[74.103s] [ 80%] [32mBuilding CXX object CMakeFiles/vesc_device_namer.dir/src/vesc_device_namer.cpp.o[0m
[75.362s] [ 90%] [32mBuilding CXX object CMakeFiles/vesc_device_namer.dir/src/vesc_device_uuid_lookup.cpp.o[0m
[77.484s] [100%] [32m[1mLinking CXX executable vesc_device_namer[0m
[78.661s] [100%] Built target vesc_device_namer
[78.710s] Invoked command in '/home/zero/f1tenth_ws/src/build/vesc_driver' returned '0': AMENT_PREFIX_PATH=/home/zero/f1tenth_ws/src/install/vesc_msgs:${AMENT_PREFIX_PATH} CMAKE_PREFIX_PATH=/home/zero/f1tenth_ws/src/install/vesc_msgs:/home/zero/f1tenth_ws/install/vesc:/home/zero/f1tenth_ws/install/vesc_driver:/home/zero/f1tenth_ws/install/vesc_ackermann:/home/zero/f1tenth_ws/install/vesc_msgs:/home/zero/f1tenth_ws/install/teleop_tools:/home/zero/f1tenth_ws/install/teleop_tools_msgs:/home/zero/f1tenth_ws/install/sllidar_ros2:/home/zero/f1tenth_ws/install/ackermann_mux:/home/zero/f1tenth_ws/install/f1tenth_stack:/home/zero/f1tenth_ws/install/joy_teleop:/home/zero/f1tenth_ws/install/mouse_teleop:/home/zero/f1tenth_ws/install/key_teleop:/home/zero/f1tenth_ws/install/follow_the_gap:/opt/ros/foxy LD_LIBRARY_PATH=/home/zero/f1tenth_ws/src/install/vesc_msgs/lib:${LD_LIBRARY_PATH} PYTHONPATH=/home/zero/f1tenth_ws/src/install/vesc_msgs/lib/python3.8/site-packages:${PYTHONPATH} /usr/bin/cmake --build /home/zero/f1tenth_ws/src/build/vesc_driver -- -j4 -l4
[78.729s] Invoking command in '/home/zero/f1tenth_ws/src/build/vesc_driver': AMENT_PREFIX_PATH=/home/zero/f1tenth_ws/src/install/vesc_msgs:${AMENT_PREFIX_PATH} CMAKE_PREFIX_PATH=/home/zero/f1tenth_ws/src/install/vesc_msgs:/home/zero/f1tenth_ws/install/vesc:/home/zero/f1tenth_ws/install/vesc_driver:/home/zero/f1tenth_ws/install/vesc_ackermann:/home/zero/f1tenth_ws/install/vesc_msgs:/home/zero/f1tenth_ws/install/teleop_tools:/home/zero/f1tenth_ws/install/teleop_tools_msgs:/home/zero/f1tenth_ws/install/sllidar_ros2:/home/zero/f1tenth_ws/install/ackermann_mux:/home/zero/f1tenth_ws/install/f1tenth_stack:/home/zero/f1tenth_ws/install/joy_teleop:/home/zero/f1tenth_ws/install/mouse_teleop:/home/zero/f1tenth_ws/install/key_teleop:/home/zero/f1tenth_ws/install/follow_the_gap:/opt/ros/foxy LD_LIBRARY_PATH=/home/zero/f1tenth_ws/src/install/vesc_msgs/lib:${LD_LIBRARY_PATH} PYTHONPATH=/home/zero/f1tenth_ws/src/install/vesc_msgs/lib/python3.8/site-packages:${PYTHONPATH} /usr/bin/cmake --install /home/zero/f1tenth_ws/src/build/vesc_driver
[78.772s] -- Install configuration: ""
[78.772s] -- Installing: /home/zero/f1tenth_ws/src/install/vesc_driver/lib/vesc_driver/vesc_driver_node
[78.775s] -- Set runtime path of "/home/zero/f1tenth_ws/src/install/vesc_driver/lib/vesc_driver/vesc_driver_node" to ""
[78.775s] -- Installing: /home/zero/f1tenth_ws/src/install/vesc_driver/include
[78.776s] -- Installing: /home/zero/f1tenth_ws/src/install/vesc_driver/include/vesc_driver
[78.776s] -- Installing: /home/zero/f1tenth_ws/src/install/vesc_driver/include/vesc_driver/datatypes.hpp
[78.777s] -- Installing: /home/zero/f1tenth_ws/src/install/vesc_driver/include/vesc_driver/vesc_packet_factory.hpp
[78.777s] -- Installing: /home/zero/f1tenth_ws/src/install/vesc_driver/include/vesc_driver/vesc_packet.hpp
[78.778s] -- Installing: /home/zero/f1tenth_ws/src/install/vesc_driver/include/vesc_driver/crc.hpp
[78.778s] -- Installing: /home/zero/f1tenth_ws/src/install/vesc_driver/include/vesc_driver/vesc_device_uuid_lookup.hpp
[78.778s] -- Installing: /home/zero/f1tenth_ws/src/install/vesc_driver/include/vesc_driver/vesc_interface.hpp
[78.779s] -- Installing: /home/zero/f1tenth_ws/src/install/vesc_driver/include/vesc_driver/vesc_driver.hpp
[78.788s] -- Installing: /home/zero/f1tenth_ws/src/install/vesc_driver/share/vesc_driver/environment/library_path.sh
[78.790s] -- Installing: /home/zero/f1tenth_ws/src/install/vesc_driver/share/vesc_driver/environment/library_path.dsv
[78.791s] -- Installing: /home/zero/f1tenth_ws/src/install/vesc_driver/lib/libvesc_driver.so
[78.813s] -- Set runtime path of "/home/zero/f1tenth_ws/src/install/vesc_driver/lib/libvesc_driver.so" to ""
[78.814s] -- Installing: /home/zero/f1tenth_ws/src/install/vesc_driver/lib/vesc_driver/vesc_device_namer
[78.815s] -- Set runtime path of "/home/zero/f1tenth_ws/src/install/vesc_driver/lib/vesc_driver/vesc_device_namer" to ""
[78.816s] -- Installing: /home/zero/f1tenth_ws/src/install/vesc_driver/share/vesc_driver/launch
[78.816s] -- Installing: /home/zero/f1tenth_ws/src/install/vesc_driver/share/vesc_driver/launch/vesc_driver_node.launch.py
[78.820s] -- Installing: /home/zero/f1tenth_ws/src/install/vesc_driver/share/vesc_driver/params
[78.820s] -- Installing: /home/zero/f1tenth_ws/src/install/vesc_driver/share/vesc_driver/params/vesc_config.yaml
[78.824s] -- Installing: /home/zero/f1tenth_ws/src/install/vesc_driver/share/ament_index/resource_index/package_run_dependencies/vesc_driver
[78.827s] -- Installing: /home/zero/f1tenth_ws/src/install/vesc_driver/share/ament_index/resource_index/parent_prefix_path/vesc_driver
[78.829s] -- Installing: /home/zero/f1tenth_ws/src/install/vesc_driver/share/vesc_driver/environment/ament_prefix_path.sh
[78.830s] -- Installing: /home/zero/f1tenth_ws/src/install/vesc_driver/share/vesc_driver/environment/ament_prefix_path.dsv
[78.832s] -- Installing: /home/zero/f1tenth_ws/src/install/vesc_driver/share/vesc_driver/environment/path.sh
[78.832s] -- Installing: /home/zero/f1tenth_ws/src/install/vesc_driver/share/vesc_driver/environment/path.dsv
[78.834s] -- Installing: /home/zero/f1tenth_ws/src/install/vesc_driver/share/vesc_driver/local_setup.bash
[78.835s] -- Installing: /home/zero/f1tenth_ws/src/install/vesc_driver/share/vesc_driver/local_setup.sh
[78.836s] -- Installing: /home/zero/f1tenth_ws/src/install/vesc_driver/share/vesc_driver/local_setup.zsh
[78.838s] -- Installing: /home/zero/f1tenth_ws/src/install/vesc_driver/share/vesc_driver/local_setup.dsv
[78.839s] -- Installing: /home/zero/f1tenth_ws/src/install/vesc_driver/share/vesc_driver/package.dsv
[78.841s] -- Installing: /home/zero/f1tenth_ws/src/install/vesc_driver/share/ament_index/resource_index/packages/vesc_driver
[78.843s] -- Installing: /home/zero/f1tenth_ws/src/install/vesc_driver/share/ament_index/resource_index/rclcpp_components/vesc_driver
[78.845s] -- Installing: /home/zero/f1tenth_ws/src/install/vesc_driver/share/vesc_driver/cmake/ament_cmake_export_dependencies-extras.cmake
[78.846s] -- Installing: /home/zero/f1tenth_ws/src/install/vesc_driver/share/vesc_driver/cmake/ament_cmake_export_include_directories-extras.cmake
[78.848s] -- Installing: /home/zero/f1tenth_ws/src/install/vesc_driver/share/vesc_driver/cmake/ament_cmake_export_libraries-extras.cmake
[78.849s] -- Installing: /home/zero/f1tenth_ws/src/install/vesc_driver/share/vesc_driver/cmake/vesc_driverConfig.cmake
[78.850s] -- Installing: /home/zero/f1tenth_ws/src/install/vesc_driver/share/vesc_driver/cmake/vesc_driverConfig-version.cmake
[78.851s] -- Installing: /home/zero/f1tenth_ws/src/install/vesc_driver/share/vesc_driver/package.xml
[78.861s] Invoked command in '/home/zero/f1tenth_ws/src/build/vesc_driver' returned '0': AMENT_PREFIX_PATH=/home/zero/f1tenth_ws/src/install/vesc_msgs:${AMENT_PREFIX_PATH} CMAKE_PREFIX_PATH=/home/zero/f1tenth_ws/src/install/vesc_msgs:/home/zero/f1tenth_ws/install/vesc:/home/zero/f1tenth_ws/install/vesc_driver:/home/zero/f1tenth_ws/install/vesc_ackermann:/home/zero/f1tenth_ws/install/vesc_msgs:/home/zero/f1tenth_ws/install/teleop_tools:/home/zero/f1tenth_ws/install/teleop_tools_msgs:/home/zero/f1tenth_ws/install/sllidar_ros2:/home/zero/f1tenth_ws/install/ackermann_mux:/home/zero/f1tenth_ws/install/f1tenth_stack:/home/zero/f1tenth_ws/install/joy_teleop:/home/zero/f1tenth_ws/install/mouse_teleop:/home/zero/f1tenth_ws/install/key_teleop:/home/zero/f1tenth_ws/install/follow_the_gap:/opt/ros/foxy LD_LIBRARY_PATH=/home/zero/f1tenth_ws/src/install/vesc_msgs/lib:${LD_LIBRARY_PATH} PYTHONPATH=/home/zero/f1tenth_ws/src/install/vesc_msgs/lib/python3.8/site-packages:${PYTHONPATH} /usr/bin/cmake --install /home/zero/f1tenth_ws/src/build/vesc_driver
