[0.131s] Invoking command in '/home/zero/f1tenth_ws/src/build/ackermann_mux': CMAKE_PREFIX_PATH=${CMAKE_PREFIX_PATH}:/home/zero/f1tenth_ws/src/install/f1tenth_stack:/home/zero/f1tenth_ws/src/install/joy_teleop:/home/zero/f1tenth_ws/src/install/mouse_teleop:/home/zero/f1tenth_ws/src/install/key_teleop:/home/zero/f1tenth_ws/src/install/follow_the_gap:/home/zero/f1tenth_ws/install/f1tenth_stack:/home/zero/f1tenth_ws/install/joy_teleop:/home/zero/f1tenth_ws/install/mouse_teleop:/home/zero/f1tenth_ws/install/key_teleop:/home/zero/f1tenth_ws/install/follow_the_gap:/opt/ros/foxy /usr/bin/cmake --build /home/zero/f1tenth_ws/src/build/ackermann_mux -- -j4 -l4
[0.558s] [100%] Built target ackermann_mux
[1.758s] Invoked command in '/home/zero/f1tenth_ws/src/build/ackermann_mux' returned '0': CMAKE_PREFIX_PATH=${CMAKE_PREFIX_PATH}:/home/zero/f1tenth_ws/src/install/f1tenth_stack:/home/zero/f1tenth_ws/src/install/joy_teleop:/home/zero/f1tenth_ws/src/install/mouse_teleop:/home/zero/f1tenth_ws/src/install/key_teleop:/home/zero/f1tenth_ws/src/install/follow_the_gap:/home/zero/f1tenth_ws/install/f1tenth_stack:/home/zero/f1tenth_ws/install/joy_teleop:/home/zero/f1tenth_ws/install/mouse_teleop:/home/zero/f1tenth_ws/install/key_teleop:/home/zero/f1tenth_ws/install/follow_the_gap:/opt/ros/foxy /usr/bin/cmake --build /home/zero/f1tenth_ws/src/build/ackermann_mux -- -j4 -l4
[1.805s] Invoking command in '/home/zero/f1tenth_ws/src/build/ackermann_mux': CMAKE_PREFIX_PATH=${CMAKE_PREFIX_PATH}:/home/zero/f1tenth_ws/src/install/f1tenth_stack:/home/zero/f1tenth_ws/src/install/joy_teleop:/home/zero/f1tenth_ws/src/install/mouse_teleop:/home/zero/f1tenth_ws/src/install/key_teleop:/home/zero/f1tenth_ws/src/install/follow_the_gap:/home/zero/f1tenth_ws/install/f1tenth_stack:/home/zero/f1tenth_ws/install/joy_teleop:/home/zero/f1tenth_ws/install/mouse_teleop:/home/zero/f1tenth_ws/install/key_teleop:/home/zero/f1tenth_ws/install/follow_the_gap:/opt/ros/foxy /usr/bin/cmake --install /home/zero/f1tenth_ws/src/build/ackermann_mux
[1.849s] -- Install configuration: ""
[1.851s] -- Up-to-date: /home/zero/f1tenth_ws/src/install/ackermann_mux/lib/ackermann_mux/ackermann_mux
[1.852s] -- Up-to-date: /home/zero/f1tenth_ws/src/install/ackermann_mux/share/ackermann_mux/launch
[1.853s] -- Up-to-date: /home/zero/f1tenth_ws/src/install/ackermann_mux/share/ackermann_mux/launch/ackermann_mux_launch.py
[1.855s] -- Up-to-date: /home/zero/f1tenth_ws/src/install/ackermann_mux/share/ackermann_mux/config
[1.856s] -- Up-to-date: /home/zero/f1tenth_ws/src/install/ackermann_mux/share/ackermann_mux/config/ackermann_mux_topics.yaml
[1.856s] -- Up-to-date: /home/zero/f1tenth_ws/src/install/ackermann_mux/share/ackermann_mux/config/ackermann_mux_locks.yaml
[1.857s] -- Up-to-date: /home/zero/f1tenth_ws/src/install/ackermann_mux/share/ackermann_mux/config/joystick.yaml
[1.858s] -- Up-to-date: /home/zero/f1tenth_ws/src/install/ackermann_mux/include
[1.858s] -- Up-to-date: /home/zero/f1tenth_ws/src/install/ackermann_mux/include/ackermann_mux
[1.859s] -- Up-to-date: /home/zero/f1tenth_ws/src/install/ackermann_mux/include/ackermann_mux/params_helpers.hpp
[1.860s] -- Up-to-date: /home/zero/f1tenth_ws/src/install/ackermann_mux/include/ackermann_mux/ackermann_mux.hpp
[1.860s] -- Up-to-date: /home/zero/f1tenth_ws/src/install/ackermann_mux/include/ackermann_mux/ackermann_mux_diagnostics_status.hpp
[1.860s] -- Up-to-date: /home/zero/f1tenth_ws/src/install/ackermann_mux/include/ackermann_mux/ackermann_mux_diagnostics.hpp
[1.861s] -- Up-to-date: /home/zero/f1tenth_ws/src/install/ackermann_mux/include/ackermann_mux/utils.hpp
[1.862s] -- Up-to-date: /home/zero/f1tenth_ws/src/install/ackermann_mux/include/ackermann_mux/topic_handle.hpp
[1.864s] -- Up-to-date: /home/zero/f1tenth_ws/src/install/ackermann_mux/share/ament_index/resource_index/package_run_dependencies/ackermann_mux
[1.865s] -- Up-to-date: /home/zero/f1tenth_ws/src/install/ackermann_mux/share/ament_index/resource_index/parent_prefix_path/ackermann_mux
[1.871s] -- Up-to-date: /home/zero/f1tenth_ws/src/install/ackermann_mux/share/ackermann_mux/environment/ament_prefix_path.sh
[1.873s] -- Up-to-date: /home/zero/f1tenth_ws/src/install/ackermann_mux/share/ackermann_mux/environment/ament_prefix_path.dsv
[1.874s] -- Up-to-date: /home/zero/f1tenth_ws/src/install/ackermann_mux/share/ackermann_mux/environment/path.sh
[1.874s] -- Up-to-date: /home/zero/f1tenth_ws/src/install/ackermann_mux/share/ackermann_mux/environment/path.dsv
[1.876s] -- Up-to-date: /home/zero/f1tenth_ws/src/install/ackermann_mux/share/ackermann_mux/local_setup.bash
[1.878s] -- Up-to-date: /home/zero/f1tenth_ws/src/install/ackermann_mux/share/ackermann_mux/local_setup.sh
[1.888s] -- Up-to-date: /home/zero/f1tenth_ws/src/install/ackermann_mux/share/ackermann_mux/local_setup.zsh
[1.889s] -- Up-to-date: /home/zero/f1tenth_ws/src/install/ackermann_mux/share/ackermann_mux/local_setup.dsv
[1.890s] -- Installing: /home/zero/f1tenth_ws/src/install/ackermann_mux/share/ackermann_mux/package.dsv
[1.891s] -- Up-to-date: /home/zero/f1tenth_ws/src/install/ackermann_mux/share/ament_index/resource_index/packages/ackermann_mux
[1.891s] -- Up-to-date: /home/zero/f1tenth_ws/src/install/ackermann_mux/share/ackermann_mux/cmake/ament_cmake_export_include_directories-extras.cmake
[1.892s] -- Up-to-date: /home/zero/f1tenth_ws/src/install/ackermann_mux/share/ackermann_mux/cmake/ament_cmake_export_dependencies-extras.cmake
[1.893s] -- Up-to-date: /home/zero/f1tenth_ws/src/install/ackermann_mux/share/ackermann_mux/cmake/ackermann_muxConfig.cmake
[1.894s] -- Up-to-date: /home/zero/f1tenth_ws/src/install/ackermann_mux/share/ackermann_mux/cmake/ackermann_muxConfig-version.cmake
[1.895s] -- Up-to-date: /home/zero/f1tenth_ws/src/install/ackermann_mux/share/ackermann_mux/package.xml
[1.939s] Invoked command in '/home/zero/f1tenth_ws/src/build/ackermann_mux' returned '0': CMAKE_PREFIX_PATH=${CMAKE_PREFIX_PATH}:/home/zero/f1tenth_ws/src/install/f1tenth_stack:/home/zero/f1tenth_ws/src/install/joy_teleop:/home/zero/f1tenth_ws/src/install/mouse_teleop:/home/zero/f1tenth_ws/src/install/key_teleop:/home/zero/f1tenth_ws/src/install/follow_the_gap:/home/zero/f1tenth_ws/install/f1tenth_stack:/home/zero/f1tenth_ws/install/joy_teleop:/home/zero/f1tenth_ws/install/mouse_teleop:/home/zero/f1tenth_ws/install/key_teleop:/home/zero/f1tenth_ws/install/follow_the_gap:/opt/ros/foxy /usr/bin/cmake --install /home/zero/f1tenth_ws/src/build/ackermann_mux
