[3.776s] Invoking command in '/home/zero/f1tenth_ws/src/follow_the_gap': PYTHONPATH=/home/zero/f1tenth_ws/src/build/follow_the_gap/prefix_override:/usr/lib/python3/dist-packages/colcon_core/task/python/colcon_distutils_commands:/home/zero/f1tenth_ws/src/install/follow_the_gap/lib/python3.8/site-packages:${PYTHONPATH} /usr/bin/python3 -W ignore:setup.py install is deprecated -W ignore:easy_install command is deprecated setup.py egg_info --egg-base ../build/follow_the_gap build --build-base /home/zero/f1tenth_ws/src/build/follow_the_gap/build install --record /home/zero/f1tenth_ws/src/build/follow_the_gap/install.log --install-scripts $base/lib/follow_the_gap --single-version-externally-managed install_data
[5.157s] /usr/local/lib/python3.8/dist-packages/setuptools/dist.py:717: UserWarning: Usage of dash-separated 'script-dir' will not be supported in future versions. Please use the underscore name 'script_dir' instead
[5.158s]   warnings.warn(
[5.317s] running egg_info
[5.320s] writing ../build/follow_the_gap/follow_the_gap.egg-info/PKG-INFO
[5.322s] writing dependency_links to ../build/follow_the_gap/follow_the_gap.egg-info/dependency_links.txt
[5.322s] writing entry points to ../build/follow_the_gap/follow_the_gap.egg-info/entry_points.txt
[5.323s] writing requirements to ../build/follow_the_gap/follow_the_gap.egg-info/requires.txt
[5.324s] writing top-level names to ../build/follow_the_gap/follow_the_gap.egg-info/top_level.txt
[5.339s] reading manifest file '../build/follow_the_gap/follow_the_gap.egg-info/SOURCES.txt'
[5.345s] writing manifest file '../build/follow_the_gap/follow_the_gap.egg-info/SOURCES.txt'
[5.345s] running build
[5.346s] running build_py
[5.347s] running install
[5.351s] running install_lib
[5.358s] running install_data
[5.359s] running install_egg_info
[5.369s] removing '/home/zero/f1tenth_ws/src/install/follow_the_gap/lib/python3.8/site-packages/follow_the_gap-0.0.0-py3.8.egg-info' (and everything under it)
[5.371s] Copying ../build/follow_the_gap/follow_the_gap.egg-info to /home/zero/f1tenth_ws/src/install/follow_the_gap/lib/python3.8/site-packages/follow_the_gap-0.0.0-py3.8.egg-info
[5.376s] running install_scripts
[5.464s] Installing follow_the_gap script to /home/zero/f1tenth_ws/src/install/follow_the_gap/lib/follow_the_gap
[5.464s] Installing test_lidar script to /home/zero/f1tenth_ws/src/install/follow_the_gap/lib/follow_the_gap
[5.466s] writing list of installed files to '/home/zero/f1tenth_ws/src/build/follow_the_gap/install.log'
[6.535s] Invoked command in '/home/zero/f1tenth_ws/src/follow_the_gap' returned '0': PYTHONPATH=/home/zero/f1tenth_ws/src/build/follow_the_gap/prefix_override:/usr/lib/python3/dist-packages/colcon_core/task/python/colcon_distutils_commands:/home/zero/f1tenth_ws/src/install/follow_the_gap/lib/python3.8/site-packages:${PYTHONPATH} /usr/bin/python3 -W ignore:setup.py install is deprecated -W ignore:easy_install command is deprecated setup.py egg_info --egg-base ../build/follow_the_gap build --build-base /home/zero/f1tenth_ws/src/build/follow_the_gap/build install --record /home/zero/f1tenth_ws/src/build/follow_the_gap/install.log --install-scripts $base/lib/follow_the_gap --single-version-externally-managed install_data
