[0.161s] Invoking command in '/home/zero/f1tenth_ws/src/build/safety_node': CMAKE_PREFIX_PATH=${CMAKE_PREFIX_PATH}:/home/zero/f1tenth_ws/install/f1tenth_stack:/home/zero/f1tenth_ws/install/joy_teleop:/home/zero/f1tenth_ws/install/mouse_teleop:/home/zero/f1tenth_ws/install/key_teleop:/home/zero/f1tenth_ws/install/follow_the_gap:/opt/ros/foxy /usr/bin/cmake /home/zero/f1tenth_ws/src/safety_node -DCMAKE_INSTALL_PREFIX=/home/zero/f1tenth_ws/src/install/safety_node
[0.945s] -- The C compiler identification is GNU 8.4.0
[1.568s] -- The CXX compiler identification is GNU 8.4.0
[1.657s] -- Check for working C compiler: /usr/bin/cc
[2.605s] -- Check for working C compiler: /usr/bin/cc -- works
[2.609s] -- Detecting C compiler ABI info
[3.601s] -- Detecting C compiler ABI info - done
[3.744s] -- Detecting C compile features
[3.753s] -- Detecting C compile features - done
[3.793s] -- Check for working CXX compiler: /usr/bin/c++
[5.031s] -- Check for working CXX compiler: /usr/bin/c++ -- works
[5.035s] -- Detecting CXX compiler ABI info
[6.046s] -- Detecting CXX compiler ABI info - done
[6.205s] -- Detecting CXX compile features
[6.207s] -- Detecting CXX compile features - done
[6.266s] -- Found ament_cmake: 0.9.12 (/opt/ros/foxy/share/ament_cmake/cmake)
[6.692s] -- Found PythonInterp: /usr/bin/python3 (found suitable version "3.8.10", minimum required is "3") 
[6.694s] -- Using PYTHON_EXECUTABLE: /usr/bin/python3
[11.013s] -- Found rclcpp: 2.4.3 (/opt/ros/foxy/share/rclcpp/cmake)
[11.725s] -- Using all available rosidl_typesupport_c: rosidl_typesupport_fastrtps_c;rosidl_typesupport_introspection_c
[11.857s] -- Found rosidl_adapter: 1.3.1 (/opt/ros/foxy/share/rosidl_adapter/cmake)
[13.160s] -- Found OpenSSL: /usr/lib/aarch64-linux-gnu/libcrypto.so (found version "1.1.1f")  
[13.471s] -- Found FastRTPS: /opt/ros/foxy/include  
[14.352s] -- Using all available rosidl_typesupport_cpp: rosidl_typesupport_fastrtps_cpp;rosidl_typesupport_introspection_cpp
[15.102s] -- Found rmw_implementation_cmake: 1.0.4 (/opt/ros/foxy/share/rmw_implementation_cmake/cmake)
[15.122s] -- Using RMW implementation 'rmw_fastrtps_cpp' as default
[15.126s] -- Looking for pthread.h
[15.890s] -- Looking for pthread.h - found
[15.891s] -- Performing Test CMAKE_HAVE_LIBC_PTHREAD
[16.624s] -- Performing Test CMAKE_HAVE_LIBC_PTHREAD - Failed
[16.624s] -- Looking for pthread_create in pthreads
[17.234s] -- Looking for pthread_create in pthreads - not found
[17.234s] -- Looking for pthread_create in pthread
[17.895s] -- Looking for pthread_create in pthread - found
[17.900s] -- Found Threads: TRUE  
[18.898s] -- Found rclpy: 1.0.13 (/opt/ros/foxy/share/rclpy/cmake)
[18.934s] -- Found nav_msgs: 2.0.5 (/opt/ros/foxy/share/nav_msgs/cmake)
[19.753s] -- Found ackermann_msgs: 2.0.2 (/opt/ros/foxy/share/ackermann_msgs/cmake)
[20.011s] -- Found sensor_msgs: 2.0.5 (/opt/ros/foxy/share/sensor_msgs/cmake)
[20.893s] -- Found ament_lint_auto: 0.9.8 (/opt/ros/foxy/share/ament_lint_auto/cmake)
[21.463s] -- Added test 'copyright' to check source files copyright and LICENSE
[21.470s] -- Added test 'cppcheck' to perform static code analysis on C / C++ code
[21.473s] -- Configured cppcheck include dirs: /home/zero/f1tenth_ws/src/safety_node/include
[21.474s] -- Configured cppcheck exclude dirs and/or files: 
[21.501s] -- Added test 'cpplint' to check C / C++ code against the Google style
[21.502s] -- Configured cpplint exclude dirs and/or files: 
[21.505s] -- Added test 'flake8' to check Python code syntax and style conventions
[21.508s] -- Added test 'lint_cmake' to check CMake code style
[21.511s] -- Added test 'pep257' to check Python code against some of the style conventions in PEP 257
[21.517s] -- Added test 'uncrustify' to check C / C++ code style
[21.517s] -- Configured uncrustify additional arguments: 
[21.520s] -- Added test 'xmllint' to check XML markup files
[21.538s] -- Configuring done
[21.585s] -- Generating done
[21.608s] -- Build files have been written to: /home/zero/f1tenth_ws/src/build/safety_node
[21.653s] Invoked command in '/home/zero/f1tenth_ws/src/build/safety_node' returned '0': CMAKE_PREFIX_PATH=${CMAKE_PREFIX_PATH}:/home/zero/f1tenth_ws/install/f1tenth_stack:/home/zero/f1tenth_ws/install/joy_teleop:/home/zero/f1tenth_ws/install/mouse_teleop:/home/zero/f1tenth_ws/install/key_teleop:/home/zero/f1tenth_ws/install/follow_the_gap:/opt/ros/foxy /usr/bin/cmake /home/zero/f1tenth_ws/src/safety_node -DCMAKE_INSTALL_PREFIX=/home/zero/f1tenth_ws/src/install/safety_node
[21.657s] Invoking command in '/home/zero/f1tenth_ws/src/build/safety_node': CMAKE_PREFIX_PATH=${CMAKE_PREFIX_PATH}:/home/zero/f1tenth_ws/install/f1tenth_stack:/home/zero/f1tenth_ws/install/joy_teleop:/home/zero/f1tenth_ws/install/mouse_teleop:/home/zero/f1tenth_ws/install/key_teleop:/home/zero/f1tenth_ws/install/follow_the_gap:/opt/ros/foxy /usr/bin/cmake --build /home/zero/f1tenth_ws/src/build/safety_node -- -j4 -l4
[22.039s] [35m[1mScanning dependencies of target safety_node[0m
[22.411s] [ 50%] [32mBuilding CXX object CMakeFiles/safety_node.dir/src/safety_node.cpp.o[0m
[53.313s] [100%] [32m[1mLinking CXX executable safety_node[0m
[55.755s] [100%] Built target safety_node
[55.821s] Invoked command in '/home/zero/f1tenth_ws/src/build/safety_node' returned '0': CMAKE_PREFIX_PATH=${CMAKE_PREFIX_PATH}:/home/zero/f1tenth_ws/install/f1tenth_stack:/home/zero/f1tenth_ws/install/joy_teleop:/home/zero/f1tenth_ws/install/mouse_teleop:/home/zero/f1tenth_ws/install/key_teleop:/home/zero/f1tenth_ws/install/follow_the_gap:/opt/ros/foxy /usr/bin/cmake --build /home/zero/f1tenth_ws/src/build/safety_node -- -j4 -l4
[55.831s] Invoking command in '/home/zero/f1tenth_ws/src/build/safety_node': CMAKE_PREFIX_PATH=${CMAKE_PREFIX_PATH}:/home/zero/f1tenth_ws/install/f1tenth_stack:/home/zero/f1tenth_ws/install/joy_teleop:/home/zero/f1tenth_ws/install/mouse_teleop:/home/zero/f1tenth_ws/install/key_teleop:/home/zero/f1tenth_ws/install/follow_the_gap:/opt/ros/foxy /usr/bin/cmake --install /home/zero/f1tenth_ws/src/build/safety_node
[55.926s] -- Install configuration: ""
[55.927s] -- Installing: /home/zero/f1tenth_ws/src/install/safety_node/lib/safety_node/safety_node
[55.943s] -- Set runtime path of "/home/zero/f1tenth_ws/src/install/safety_node/lib/safety_node/safety_node" to ""
[55.944s] -- Installing: /home/zero/f1tenth_ws/src/install/safety_node/share/safety_node/environment/pythonpath.sh
[55.944s] -- Installing: /home/zero/f1tenth_ws/src/install/safety_node/share/safety_node/environment/pythonpath.dsv
[55.945s] -- Installing: /home/zero/f1tenth_ws/src/install/safety_node/lib/python3.8/site-packages/safety_node
[55.946s] -- Installing: /home/zero/f1tenth_ws/src/install/safety_node/lib/python3.8/site-packages/safety_node/__init__.py
[56.129s] Listing '/home/zero/f1tenth_ws/src/install/safety_node/lib/python3.8/site-packages/safety_node'...
[56.129s] Compiling '/home/zero/f1tenth_ws/src/install/safety_node/lib/python3.8/site-packages/safety_node/__init__.py'...
[56.155s] -- Installing: /home/zero/f1tenth_ws/src/install/safety_node/lib/safety_node/safety_node.py
[56.156s] -- Installing: /home/zero/f1tenth_ws/src/install/safety_node/share/ament_index/resource_index/package_run_dependencies/safety_node
[56.164s] -- Installing: /home/zero/f1tenth_ws/src/install/safety_node/share/ament_index/resource_index/parent_prefix_path/safety_node
[56.166s] -- Installing: /home/zero/f1tenth_ws/src/install/safety_node/share/safety_node/environment/ament_prefix_path.sh
[56.168s] -- Installing: /home/zero/f1tenth_ws/src/install/safety_node/share/safety_node/environment/ament_prefix_path.dsv
[56.169s] -- Installing: /home/zero/f1tenth_ws/src/install/safety_node/share/safety_node/environment/path.sh
[56.170s] -- Installing: /home/zero/f1tenth_ws/src/install/safety_node/share/safety_node/environment/path.dsv
[56.170s] -- Installing: /home/zero/f1tenth_ws/src/install/safety_node/share/safety_node/local_setup.bash
[56.198s] -- Installing: /home/zero/f1tenth_ws/src/install/safety_node/share/safety_node/local_setup.sh
[56.198s] -- Installing: /home/zero/f1tenth_ws/src/install/safety_node/share/safety_node/local_setup.zsh
[56.199s] -- Installing: /home/zero/f1tenth_ws/src/install/safety_node/share/safety_node/local_setup.dsv
[56.199s] -- Installing: /home/zero/f1tenth_ws/src/install/safety_node/share/safety_node/package.dsv
[56.200s] -- Installing: /home/zero/f1tenth_ws/src/install/safety_node/share/ament_index/resource_index/packages/safety_node
[56.200s] -- Installing: /home/zero/f1tenth_ws/src/install/safety_node/share/safety_node/cmake/safety_nodeConfig.cmake
[56.201s] -- Installing: /home/zero/f1tenth_ws/src/install/safety_node/share/safety_node/cmake/safety_nodeConfig-version.cmake
[56.201s] -- Installing: /home/zero/f1tenth_ws/src/install/safety_node/share/safety_node/package.xml
[56.202s] Invoked command in '/home/zero/f1tenth_ws/src/build/safety_node' returned '0': CMAKE_PREFIX_PATH=${CMAKE_PREFIX_PATH}:/home/zero/f1tenth_ws/install/f1tenth_stack:/home/zero/f1tenth_ws/install/joy_teleop:/home/zero/f1tenth_ws/install/mouse_teleop:/home/zero/f1tenth_ws/install/key_teleop:/home/zero/f1tenth_ws/install/follow_the_gap:/opt/ros/foxy /usr/bin/cmake --install /home/zero/f1tenth_ws/src/build/safety_node
